#
# A fatal error has been detected by the Java Runtime Environment:
#
#  EXCEPTION_ACCESS_VIOLATION (0xc0000005) at pc=0x00007ffd404f5b44, pid=14416, tid=13624
#
# JRE version: Java(TM) SE Runtime Environment (15.0.2+7) (build 15.0.2+7-27)
# Java VM: Java HotSpot(TM) 64-Bit Server VM (15.0.2+7-27, mixed mode, sharing, tiered, compressed oops, g1 gc, windows-amd64)
# Problematic frame:
# C  [jemalloc.dll+0x5b44]
#
# No core dump will be written. Minidumps are not enabled by default on client versions of Windows
#
# If you would like to submit a bug report, please visit:
#   https://bugreport.java.com/bugreport/crash.jsp
# The crash happened outside the Java Virtual Machine in native code.
# See problematic frame for where to report the bug.
#

---------------  S U M M A R Y ------------

Command Line: -Dfile.encoding=windows-1252 -Duser.country=US -Duser.language=en -Duser.variant mainEtc.Main

Host: Intel(R) Core(TM) i7-10875H CPU @ 2.30GHz, 16 cores, 15G,  Windows 10 , 64 bit Build 19041 (10.0.19041.928)
Time: Tue May  4 17:55:58 2021 Central Europe Daylight Time elapsed time: 0.767229 seconds (0d 0h 0m 0s)

---------------  T H R E A D  ---------------

Current thread (0x0000023c57dc8220):  JavaThread "main" [_thread_in_native, id=13624, stack(0x000000f02cf00000,0x000000f02d000000)]

Stack: [0x000000f02cf00000,0x000000f02d000000],  sp=0x000000f02cffecf0,  free space=1019k
Native frames: (J=compiled Java code, j=interpreted, Vv=VM code, C=native code)
C  [jemalloc.dll+0x5b44]

Java frames: (J=compiled Java code, j=interpreted, Vv=VM code)
j  org.lwjgl.system.JNI.invokePV(JJ)V+0
j  org.lwjgl.system.jemalloc.JEmalloc.nje_free(J)V+6
j  org.lwjgl.system.jemalloc.JEmallocAllocator.free(J)V+1
j  org.lwjgl.system.MemoryUtil.nmemFree(J)V+4
j  org.lwjgl.system.MemoryUtil.memFree(Ljava/nio/Buffer;)V+14
j  models.Square.rawInit()V+95
j  models.Square.init()V+13
j  mainEtc.Main.main([Ljava/lang/String;)V+48
v  ~StubRoutines::call_stub

siginfo: EXCEPTION_ACCESS_VIOLATION (0xc0000005), reading address 0x00000000001ef6d0


Register to memory mapping:

RIP=0x00007ffd404f5b44 jemalloc.dll
RAX=0x00000000001ef6d0 is an unknown value
RBX=0x0000023c04c90008 points into unknown readable memory: 0x0000004100000100 | 00 01 00 00 41 00 00 00
RCX=0x0000023c04c90150 points into unknown readable memory: 0x0000000000000000 | 00 00 00 00 00 00 00 00
RDX=0xfffffffffffffff0 is an unknown value
RSP=0x000000f02cffecf0 is pointing into the stack for thread: 0x0000023c57dc8220
RBP=0x000000f02cffede0 is pointing into the stack for thread: 0x0000023c57dc8220
RSI=0x0000023c04c901f8 points into unknown readable memory: 0x0000000000000000 | 00 00 00 00 00 00 00 00
RDI=0x0000023c7deda9f0 points into unknown readable memory: 0xbe4ccccebf19999a | 9a 99 19 bf ce cc 4c be
R8 =0x0000000000000008 is an unknown value
R9 =0x0 is NULL
R10=0x0000023c04c90138 points into unknown readable memory: 0x0000000000000001 | 01 00 00 00 00 00 00 00
R11=0x0000023c04c90148 points into unknown readable memory: 0x0000000000000001 | 01 00 00 00 00 00 00 00
R12=0x0 is NULL
R13={method} {0x0000023c7c3f09a8} 'invokePV' '(JJ)V' in 'org/lwjgl/system/JNI'
R14=0x000000f02cffee18 is pointing into the stack for thread: 0x0000023c57dc8220
R15=0x0000023c57dc8220 is a thread


Registers:
RAX=0x00000000001ef6d0, RBX=0x0000023c04c90008, RCX=0x0000023c04c90150, RDX=0xfffffffffffffff0
RSP=0x000000f02cffecf0, RBP=0x000000f02cffede0, RSI=0x0000023c04c901f8, RDI=0x0000023c7deda9f0
R8 =0x0000000000000008, R9 =0x0000000000000000, R10=0x0000023c04c90138, R11=0x0000023c04c90148
R12=0x0000000000000000, R13=0x0000023c7c3f09a0, R14=0x000000f02cffee18, R15=0x0000023c57dc8220
RIP=0x00007ffd404f5b44, EFLAGS=0x0000000000010202

Top of Stack: (sp=0x000000f02cffecf0)
0x000000f02cffecf0:   0000023c04c90008 000000f02cffede0
0x000000f02cffed00:   0000023c04c901f8 0000023c7deda9f0
0x000000f02cffed10:   0000023c7deda901 00007ffd404f5cee
0x000000f02cffed20:   0000000000000000 000000f02cffed28
0x000000f02cffed30:   0000000000000000 0000000000000000
0x000000f02cffed40:   0000023c5fffa1aa 0000023c5ffff177
0x000000f02cffed50:   0000000000000000 0000023c7c3f09a0
0x000000f02cffed60:   000000f02cffede0 0000000000000200
0x000000f02cffed70:   0000000000001406 0000000000000000
0x000000f02cffed80:   0000000000000000 0000000000000000
0x000000f02cffed90:   000000000000001e 000000f02cffed98
0x000000f02cffeda0:   0000000000000000 000000f02cffee18
0x000000f02cffedb0:   0000023c7c41c258 0000000000000000
0x000000f02cffedc0:   00000007125f85a8 0000023c7c3f09a0
0x000000f02cffedd0:   0000000000000000 000000f02cffee00
0x000000f02cffede0:   000000f02cffee68 0000023c5fffa1aa 

Instructions: (pc=0x00007ffd404f5b44)
0x00007ffd404f5a44:   33 ff c6 45 d7 01 4c 8d 43 30 48 89 7d ef 4d 8b
0x00007ffd404f5a54:   ce 48 89 7d f7 48 8b cb 4c 89 75 df 48 89 75 e7
0x00007ffd404f5a64:   c6 44 24 20 01 e8 c2 b7 ff ff 4c 8d 05 8b 0a 04
0x00007ffd404f5a74:   00 48 8b 08 8b c7 48 c1 e9 30 40 38 7b 01 74 07
0x00007ffd404f5a84:   48 8d 83 f0 01 00 00 4d 8b 04 c8 48 8d 55 d7 48
0x00007ffd404f5a94:   89 54 24 40 4c 8b ce 48 89 7c 24 38 49 8b d6 48
0x00007ffd404f5aa4:   89 44 24 30 48 8b cb 40 88 7c 24 28 48 89 7c 24
0x00007ffd404f5ab4:   20 e8 e6 c2 ff ff 48 89 45 77 48 85 c0 0f 85 46
0x00007ffd404f5ac4:   ff ff ff 8d 48 0c ff 15 38 55 02 00 e9 38 ff ff
0x00007ffd404f5ad4:   ff cc cc cc cc cc cc cc cc cc cc cc 48 85 c9 0f
0x00007ffd404f5ae4:   84 a8 00 00 00 57 48 83 ec 50 48 8b f9 48 89 5c
0x00007ffd404f5af4:   24 68 b1 01 e8 03 b5 ff ff 48 8b d8 0f b6 00 84
0x00007ffd404f5b04:   c0 74 10 b2 01 48 8b cb e8 cf 66 01 00 48 8b d8
0x00007ffd404f5b14:   0f b6 00 48 89 74 24 78 84 c0 0f 85 99 00 00 00
0x00007ffd404f5b24:   4c 8b cf 48 89 6c 24 70 4c 8d 43 30 c6 44 24 20
0x00007ffd404f5b34:   01 48 8b cb 48 8d b3 f0 01 00 00 e8 ec b6 ff ff
0x00007ffd404f5b44:   48 8b 08 48 8b c1 80 e1 01 48 c1 e8 30 48 85 f6
0x00007ffd404f5b54:   75 43 4c 8b cf c6 44 24 20 01 4c 8d 43 30 48 8b
0x00007ffd404f5b64:   cb e8 c6 b6 ff ff 48 8b cb 48 8b 10 80 e2 01 48
0x00007ffd404f5b74:   8b d7 74 1a e8 d3 34 00 00 48 8b 6c 24 70 48 8b
0x00007ffd404f5b84:   74 24 78 48 8b 5c 24 68 48 83 c4 50 5f c3 e8 99
0x00007ffd404f5b94:   bf ff ff eb e4 84 c9 44 8b c8 48 8b cb 74 0d 4c
0x00007ffd404f5ba4:   8b c7 48 8b d6 e8 92 bc ff ff eb cd 4c 8b c6 48
0x00007ffd404f5bb4:   8b d7 e8 d5 bf ff ff eb c0 80 7b 03 00 75 0f 80
0x00007ffd404f5bc4:   7b 01 00 74 09 48 8d b3 f0 01 00 00 eb 02 33 f6
0x00007ffd404f5bd4:   83 3d 5d 1a 04 00 00 0f 57 c0 0f 11 44 24 38 48
0x00007ffd404f5be4:   89 7c 24 30 74 0f 4c 8d 44 24 30 48 8b d7 33 c9
0x00007ffd404f5bf4:   e8 b7 eb 00 00 41 b1 01 4c 8b c6 48 8b d7 48 8b
0x00007ffd404f5c04:   cb e8 16 fb ff ff 48 8b 74 24 78 48 8b 5c 24 68
0x00007ffd404f5c14:   48 83 c4 50 5f c3 cc cc cc cc cc cc 40 53 48 83
0x00007ffd404f5c24:   ec 20 48 8b d9 33 c9 e8 d0 b3 ff ff 48 85 c0 0f
0x00007ffd404f5c34:   84 93 00 00 00 80 38 00 0f 85 8a 00 00 00 48 8b 


Stack slot to memory mapping:
stack at sp + 0 slots: 0x0000023c04c90008 points into unknown readable memory: 0x0000004100000100 | 00 01 00 00 41 00 00 00
stack at sp + 1 slots: 0x000000f02cffede0 is pointing into the stack for thread: 0x0000023c57dc8220
stack at sp + 2 slots: 0x0000023c04c901f8 points into unknown readable memory: 0x0000000000000000 | 00 00 00 00 00 00 00 00
stack at sp + 3 slots: 0x0000023c7deda9f0 points into unknown readable memory: 0xbe4ccccebf19999a | 9a 99 19 bf ce cc 4c be
stack at sp + 4 slots: 0x0000023c7deda901 points into unknown readable memory: 64 75 6d 70 50 61 79
stack at sp + 5 slots: 0x00007ffd404f5cee jemalloc.dll
stack at sp + 6 slots: 0x0 is NULL
stack at sp + 7 slots: 0x000000f02cffed28 is pointing into the stack for thread: 0x0000023c57dc8220


---------------  P R O C E S S  ---------------

Threads class SMR info:
_java_thread_list=0x0000023c7dd3f520, length=17, elements={
0x0000023c57dc8220, 0x0000023c7c77ae90, 0x0000023c7c77ba60, 0x0000023c7c7983c0,
0x0000023c7c79ad90, 0x0000023c7c79cff0, 0x0000023c7c7a4e40, 0x0000023c7c7a6080,
0x0000023c7c7af9e0, 0x0000023c7c8be930, 0x0000023c7c8c0e50, 0x0000023c7c8f2f20,
0x0000023c7c8f4260, 0x0000023c7d7ecfa0, 0x0000023c7d56ffb0, 0x0000023c7e114c70,
0x0000023c05abe590
}

Java Threads: ( => current thread )
=>0x0000023c57dc8220 JavaThread "main" [_thread_in_native, id=13624, stack(0x000000f02cf00000,0x000000f02d000000)]
  0x0000023c7c77ae90 JavaThread "Reference Handler" daemon [_thread_blocked, id=19812, stack(0x000000f02d600000,0x000000f02d700000)]
  0x0000023c7c77ba60 JavaThread "Finalizer" daemon [_thread_blocked, id=26104, stack(0x000000f02d700000,0x000000f02d800000)]
  0x0000023c7c7983c0 JavaThread "Signal Dispatcher" daemon [_thread_blocked, id=23844, stack(0x000000f02d800000,0x000000f02d900000)]
  0x0000023c7c79ad90 JavaThread "Attach Listener" daemon [_thread_blocked, id=25376, stack(0x000000f02d900000,0x000000f02da00000)]
  0x0000023c7c79cff0 JavaThread "Service Thread" daemon [_thread_blocked, id=26832, stack(0x000000f02da00000,0x000000f02db00000)]
  0x0000023c7c7a4e40 JavaThread "C2 CompilerThread0" daemon [_thread_blocked, id=20916, stack(0x000000f02db00000,0x000000f02dc00000)]
  0x0000023c7c7a6080 JavaThread "C1 CompilerThread0" daemon [_thread_blocked, id=8788, stack(0x000000f02dc00000,0x000000f02dd00000)]
  0x0000023c7c7af9e0 JavaThread "Sweeper thread" daemon [_thread_blocked, id=5828, stack(0x000000f02dd00000,0x000000f02de00000)]
  0x0000023c7c8be930 JavaThread "C1 CompilerThread1" daemon [_thread_blocked, id=27028, stack(0x000000f02de00000,0x000000f02df00000)]
  0x0000023c7c8c0e50 JavaThread "C1 CompilerThread2" daemon [_thread_blocked, id=28624, stack(0x000000f02df00000,0x000000f02e000000)]
  0x0000023c7c8f2f20 JavaThread "Notification Thread" daemon [_thread_blocked, id=10508, stack(0x000000f02e000000,0x000000f02e100000)]
  0x0000023c7c8f4260 JavaThread "Common-Cleaner" daemon [_thread_blocked, id=12500, stack(0x000000f02e200000,0x000000f02e300000)]
  0x0000023c7d7ecfa0 JavaThread "C2 CompilerThread1" daemon [_thread_in_native, id=27492, stack(0x000000f02e300000,0x000000f02e400000)]
  0x0000023c7d56ffb0 JavaThread "C2 CompilerThread2" daemon [_thread_blocked, id=3960, stack(0x000000f02eb00000,0x000000f02ec00000)]
  0x0000023c7e114c70 JavaThread "C1 CompilerThread3" daemon [_thread_blocked, id=26348, stack(0x000000f02ec00000,0x000000f02ed00000)]
  0x0000023c05abe590 JavaThread "C2 CompilerThread3" daemon [_thread_blocked, id=13248, stack(0x000000f02ed00000,0x000000f02ee00000)]

Other Threads:
  0x0000023c7c777e60 VMThread "VM Thread" [stack: 0x000000f02d500000,0x000000f02d600000] [id=21352]
  0x0000023c7c9038e0 WatcherThread [stack: 0x000000f02e100000,0x000000f02e200000] [id=12128]
  0x0000023c57e19090 GCTaskThread "GC Thread#0" [stack: 0x000000f02d000000,0x000000f02d100000] [id=15324]
  0x0000023c57e2c050 ConcurrentGCThread "G1 Main Marker" [stack: 0x000000f02d100000,0x000000f02d200000] [id=21872]
  0x0000023c57e2d3e0 ConcurrentGCThread "G1 Conc#0" [stack: 0x000000f02d200000,0x000000f02d300000] [id=4744]
  0x0000023c57e8dec0 ConcurrentGCThread "G1 Refine#0" [stack: 0x000000f02d300000,0x000000f02d400000] [id=28192]
  0x0000023c57e8eac0 ConcurrentGCThread "G1 Young RemSet Sampling" [stack: 0x000000f02d400000,0x000000f02d500000] [id=24428]

Threads with active compile tasks:
C2 CompilerThread1      829  768   !   4       jdk.internal.loader.URLClassPath$JarLoader::getResource (354 bytes)

VM state: not at safepoint (normal execution)

VM Mutex/Monitor currently owned by a thread: None

Heap address: 0x0000000703000000, size: 4048 MB, Compressed Oops mode: Zero based, Oop shift amount: 3
CDS archive(s) mapped at: [0x0000000800000000-0x0000000800b50000-0x0000000800b50000), size 11862016, SharedBaseAddress: 0x0000000800000000, ArchiveRelocationMode: 0.
Compressed class space mapped at: 0x0000000800b50000-0x0000000840b50000, size: 1073741824
Narrow klass base: 0x0000000800000000, Narrow klass shift: 3, Narrow klass range: 0x100000000

GC Precious Log:
 CPUs: 16 total, 16 available
 Memory: 16185M
 Large Page Support: Disabled
 NUMA Support: Disabled
 Compressed Oops: Enabled (Zero based)
 Heap Region Size: 2M
 Heap Min Capacity: 8M
 Heap Initial Capacity: 254M
 Heap Max Capacity: 4048M
 Pre-touch: Disabled
 Parallel Workers: 13
 Concurrent Workers: 3
 Concurrent Refinement Workers: 13
 Periodic GC: Disabled

Heap:
 garbage-first heap   total 260096K, used 18432K [0x0000000703000000, 0x0000000800000000)
  region size 2048K, 10 young (20480K), 0 survivors (0K)
 Metaspace       used 5191K, capacity 7934K, committed 8320K, reserved 1056768K
  class space    used 256K, capacity 539K, committed 640K, reserved 1048576K

Heap Regions: E=young(eden), S=young(survivor), O=old, HS=humongous(starts), HC=humongous(continues), CS=collection set, F=free, OA=open archive, CA=closed archive, TAMS=top-at-mark-start (previous, next)
|   0|0x0000000703000000, 0x0000000703000000, 0x0000000703200000|  0%| F|  |TAMS 0x0000000703000000, 0x0000000703000000| Untracked 
|   1|0x0000000703200000, 0x0000000703200000, 0x0000000703400000|  0%| F|  |TAMS 0x0000000703200000, 0x0000000703200000| Untracked 
|   2|0x0000000703400000, 0x0000000703400000, 0x0000000703600000|  0%| F|  |TAMS 0x0000000703400000, 0x0000000703400000| Untracked 
|   3|0x0000000703600000, 0x0000000703600000, 0x0000000703800000|  0%| F|  |TAMS 0x0000000703600000, 0x0000000703600000| Untracked 
|   4|0x0000000703800000, 0x0000000703800000, 0x0000000703a00000|  0%| F|  |TAMS 0x0000000703800000, 0x0000000703800000| Untracked 
|   5|0x0000000703a00000, 0x0000000703a00000, 0x0000000703c00000|  0%| F|  |TAMS 0x0000000703a00000, 0x0000000703a00000| Untracked 
|   6|0x0000000703c00000, 0x0000000703c00000, 0x0000000703e00000|  0%| F|  |TAMS 0x0000000703c00000, 0x0000000703c00000| Untracked 
|   7|0x0000000703e00000, 0x0000000703e00000, 0x0000000704000000|  0%| F|  |TAMS 0x0000000703e00000, 0x0000000703e00000| Untracked 
|   8|0x0000000704000000, 0x0000000704000000, 0x0000000704200000|  0%| F|  |TAMS 0x0000000704000000, 0x0000000704000000| Untracked 
|   9|0x0000000704200000, 0x0000000704200000, 0x0000000704400000|  0%| F|  |TAMS 0x0000000704200000, 0x0000000704200000| Untracked 
|  10|0x0000000704400000, 0x0000000704400000, 0x0000000704600000|  0%| F|  |TAMS 0x0000000704400000, 0x0000000704400000| Untracked 
|  11|0x0000000704600000, 0x0000000704600000, 0x0000000704800000|  0%| F|  |TAMS 0x0000000704600000, 0x0000000704600000| Untracked 
|  12|0x0000000704800000, 0x0000000704800000, 0x0000000704a00000|  0%| F|  |TAMS 0x0000000704800000, 0x0000000704800000| Untracked 
|  13|0x0000000704a00000, 0x0000000704a00000, 0x0000000704c00000|  0%| F|  |TAMS 0x0000000704a00000, 0x0000000704a00000| Untracked 
|  14|0x0000000704c00000, 0x0000000704c00000, 0x0000000704e00000|  0%| F|  |TAMS 0x0000000704c00000, 0x0000000704c00000| Untracked 
|  15|0x0000000704e00000, 0x0000000704e00000, 0x0000000705000000|  0%| F|  |TAMS 0x0000000704e00000, 0x0000000704e00000| Untracked 
|  16|0x0000000705000000, 0x0000000705000000, 0x0000000705200000|  0%| F|  |TAMS 0x0000000705000000, 0x0000000705000000| Untracked 
|  17|0x0000000705200000, 0x0000000705200000, 0x0000000705400000|  0%| F|  |TAMS 0x0000000705200000, 0x0000000705200000| Untracked 
|  18|0x0000000705400000, 0x0000000705400000, 0x0000000705600000|  0%| F|  |TAMS 0x0000000705400000, 0x0000000705400000| Untracked 
|  19|0x0000000705600000, 0x0000000705600000, 0x0000000705800000|  0%| F|  |TAMS 0x0000000705600000, 0x0000000705600000| Untracked 
|  20|0x0000000705800000, 0x0000000705800000, 0x0000000705a00000|  0%| F|  |TAMS 0x0000000705800000, 0x0000000705800000| Untracked 
|  21|0x0000000705a00000, 0x0000000705a00000, 0x0000000705c00000|  0%| F|  |TAMS 0x0000000705a00000, 0x0000000705a00000| Untracked 
|  22|0x0000000705c00000, 0x0000000705c00000, 0x0000000705e00000|  0%| F|  |TAMS 0x0000000705c00000, 0x0000000705c00000| Untracked 
|  23|0x0000000705e00000, 0x0000000705e00000, 0x0000000706000000|  0%| F|  |TAMS 0x0000000705e00000, 0x0000000705e00000| Untracked 
|  24|0x0000000706000000, 0x0000000706000000, 0x0000000706200000|  0%| F|  |TAMS 0x0000000706000000, 0x0000000706000000| Untracked 
|  25|0x0000000706200000, 0x0000000706200000, 0x0000000706400000|  0%| F|  |TAMS 0x0000000706200000, 0x0000000706200000| Untracked 
|  26|0x0000000706400000, 0x0000000706400000, 0x0000000706600000|  0%| F|  |TAMS 0x0000000706400000, 0x0000000706400000| Untracked 
|  27|0x0000000706600000, 0x0000000706600000, 0x0000000706800000|  0%| F|  |TAMS 0x0000000706600000, 0x0000000706600000| Untracked 
|  28|0x0000000706800000, 0x0000000706800000, 0x0000000706a00000|  0%| F|  |TAMS 0x0000000706800000, 0x0000000706800000| Untracked 
|  29|0x0000000706a00000, 0x0000000706a00000, 0x0000000706c00000|  0%| F|  |TAMS 0x0000000706a00000, 0x0000000706a00000| Untracked 
|  30|0x0000000706c00000, 0x0000000706c00000, 0x0000000706e00000|  0%| F|  |TAMS 0x0000000706c00000, 0x0000000706c00000| Untracked 
|  31|0x0000000706e00000, 0x0000000706e00000, 0x0000000707000000|  0%| F|  |TAMS 0x0000000706e00000, 0x0000000706e00000| Untracked 
|  32|0x0000000707000000, 0x0000000707000000, 0x0000000707200000|  0%| F|  |TAMS 0x0000000707000000, 0x0000000707000000| Untracked 
|  33|0x0000000707200000, 0x0000000707200000, 0x0000000707400000|  0%| F|  |TAMS 0x0000000707200000, 0x0000000707200000| Untracked 
|  34|0x0000000707400000, 0x0000000707400000, 0x0000000707600000|  0%| F|  |TAMS 0x0000000707400000, 0x0000000707400000| Untracked 
|  35|0x0000000707600000, 0x0000000707600000, 0x0000000707800000|  0%| F|  |TAMS 0x0000000707600000, 0x0000000707600000| Untracked 
|  36|0x0000000707800000, 0x0000000707800000, 0x0000000707a00000|  0%| F|  |TAMS 0x0000000707800000, 0x0000000707800000| Untracked 
|  37|0x0000000707a00000, 0x0000000707a00000, 0x0000000707c00000|  0%| F|  |TAMS 0x0000000707a00000, 0x0000000707a00000| Untracked 
|  38|0x0000000707c00000, 0x0000000707c00000, 0x0000000707e00000|  0%| F|  |TAMS 0x0000000707c00000, 0x0000000707c00000| Untracked 
|  39|0x0000000707e00000, 0x0000000707e00000, 0x0000000708000000|  0%| F|  |TAMS 0x0000000707e00000, 0x0000000707e00000| Untracked 
|  40|0x0000000708000000, 0x0000000708000000, 0x0000000708200000|  0%| F|  |TAMS 0x0000000708000000, 0x0000000708000000| Untracked 
|  41|0x0000000708200000, 0x0000000708200000, 0x0000000708400000|  0%| F|  |TAMS 0x0000000708200000, 0x0000000708200000| Untracked 
|  42|0x0000000708400000, 0x0000000708400000, 0x0000000708600000|  0%| F|  |TAMS 0x0000000708400000, 0x0000000708400000| Untracked 
|  43|0x0000000708600000, 0x0000000708600000, 0x0000000708800000|  0%| F|  |TAMS 0x0000000708600000, 0x0000000708600000| Untracked 
|  44|0x0000000708800000, 0x0000000708800000, 0x0000000708a00000|  0%| F|  |TAMS 0x0000000708800000, 0x0000000708800000| Untracked 
|  45|0x0000000708a00000, 0x0000000708a00000, 0x0000000708c00000|  0%| F|  |TAMS 0x0000000708a00000, 0x0000000708a00000| Untracked 
|  46|0x0000000708c00000, 0x0000000708c00000, 0x0000000708e00000|  0%| F|  |TAMS 0x0000000708c00000, 0x0000000708c00000| Untracked 
|  47|0x0000000708e00000, 0x0000000708e00000, 0x0000000709000000|  0%| F|  |TAMS 0x0000000708e00000, 0x0000000708e00000| Untracked 
|  48|0x0000000709000000, 0x0000000709000000, 0x0000000709200000|  0%| F|  |TAMS 0x0000000709000000, 0x0000000709000000| Untracked 
|  49|0x0000000709200000, 0x0000000709200000, 0x0000000709400000|  0%| F|  |TAMS 0x0000000709200000, 0x0000000709200000| Untracked 
|  50|0x0000000709400000, 0x0000000709400000, 0x0000000709600000|  0%| F|  |TAMS 0x0000000709400000, 0x0000000709400000| Untracked 
|  51|0x0000000709600000, 0x0000000709600000, 0x0000000709800000|  0%| F|  |TAMS 0x0000000709600000, 0x0000000709600000| Untracked 
|  52|0x0000000709800000, 0x0000000709800000, 0x0000000709a00000|  0%| F|  |TAMS 0x0000000709800000, 0x0000000709800000| Untracked 
|  53|0x0000000709a00000, 0x0000000709a00000, 0x0000000709c00000|  0%| F|  |TAMS 0x0000000709a00000, 0x0000000709a00000| Untracked 
|  54|0x0000000709c00000, 0x0000000709c00000, 0x0000000709e00000|  0%| F|  |TAMS 0x0000000709c00000, 0x0000000709c00000| Untracked 
|  55|0x0000000709e00000, 0x0000000709e00000, 0x000000070a000000|  0%| F|  |TAMS 0x0000000709e00000, 0x0000000709e00000| Untracked 
|  56|0x000000070a000000, 0x000000070a000000, 0x000000070a200000|  0%| F|  |TAMS 0x000000070a000000, 0x000000070a000000| Untracked 
|  57|0x000000070a200000, 0x000000070a200000, 0x000000070a400000|  0%| F|  |TAMS 0x000000070a200000, 0x000000070a200000| Untracked 
|  58|0x000000070a400000, 0x000000070a400000, 0x000000070a600000|  0%| F|  |TAMS 0x000000070a400000, 0x000000070a400000| Untracked 
|  59|0x000000070a600000, 0x000000070a600000, 0x000000070a800000|  0%| F|  |TAMS 0x000000070a600000, 0x000000070a600000| Untracked 
|  60|0x000000070a800000, 0x000000070a800000, 0x000000070aa00000|  0%| F|  |TAMS 0x000000070a800000, 0x000000070a800000| Untracked 
|  61|0x000000070aa00000, 0x000000070aa00000, 0x000000070ac00000|  0%| F|  |TAMS 0x000000070aa00000, 0x000000070aa00000| Untracked 
|  62|0x000000070ac00000, 0x000000070ac00000, 0x000000070ae00000|  0%| F|  |TAMS 0x000000070ac00000, 0x000000070ac00000| Untracked 
|  63|0x000000070ae00000, 0x000000070ae00000, 0x000000070b000000|  0%| F|  |TAMS 0x000000070ae00000, 0x000000070ae00000| Untracked 
|  64|0x000000070b000000, 0x000000070b000000, 0x000000070b200000|  0%| F|  |TAMS 0x000000070b000000, 0x000000070b000000| Untracked 
|  65|0x000000070b200000, 0x000000070b200000, 0x000000070b400000|  0%| F|  |TAMS 0x000000070b200000, 0x000000070b200000| Untracked 
|  66|0x000000070b400000, 0x000000070b400000, 0x000000070b600000|  0%| F|  |TAMS 0x000000070b400000, 0x000000070b400000| Untracked 
|  67|0x000000070b600000, 0x000000070b600000, 0x000000070b800000|  0%| F|  |TAMS 0x000000070b600000, 0x000000070b600000| Untracked 
|  68|0x000000070b800000, 0x000000070b800000, 0x000000070ba00000|  0%| F|  |TAMS 0x000000070b800000, 0x000000070b800000| Untracked 
|  69|0x000000070ba00000, 0x000000070ba00000, 0x000000070bc00000|  0%| F|  |TAMS 0x000000070ba00000, 0x000000070ba00000| Untracked 
|  70|0x000000070bc00000, 0x000000070bc00000, 0x000000070be00000|  0%| F|  |TAMS 0x000000070bc00000, 0x000000070bc00000| Untracked 
|  71|0x000000070be00000, 0x000000070be00000, 0x000000070c000000|  0%| F|  |TAMS 0x000000070be00000, 0x000000070be00000| Untracked 
|  72|0x000000070c000000, 0x000000070c000000, 0x000000070c200000|  0%| F|  |TAMS 0x000000070c000000, 0x000000070c000000| Untracked 
|  73|0x000000070c200000, 0x000000070c200000, 0x000000070c400000|  0%| F|  |TAMS 0x000000070c200000, 0x000000070c200000| Untracked 
|  74|0x000000070c400000, 0x000000070c400000, 0x000000070c600000|  0%| F|  |TAMS 0x000000070c400000, 0x000000070c400000| Untracked 
|  75|0x000000070c600000, 0x000000070c600000, 0x000000070c800000|  0%| F|  |TAMS 0x000000070c600000, 0x000000070c600000| Untracked 
|  76|0x000000070c800000, 0x000000070c800000, 0x000000070ca00000|  0%| F|  |TAMS 0x000000070c800000, 0x000000070c800000| Untracked 
|  77|0x000000070ca00000, 0x000000070ca00000, 0x000000070cc00000|  0%| F|  |TAMS 0x000000070ca00000, 0x000000070ca00000| Untracked 
|  78|0x000000070cc00000, 0x000000070cc00000, 0x000000070ce00000|  0%| F|  |TAMS 0x000000070cc00000, 0x000000070cc00000| Untracked 
|  79|0x000000070ce00000, 0x000000070ce00000, 0x000000070d000000|  0%| F|  |TAMS 0x000000070ce00000, 0x000000070ce00000| Untracked 
|  80|0x000000070d000000, 0x000000070d000000, 0x000000070d200000|  0%| F|  |TAMS 0x000000070d000000, 0x000000070d000000| Untracked 
|  81|0x000000070d200000, 0x000000070d200000, 0x000000070d400000|  0%| F|  |TAMS 0x000000070d200000, 0x000000070d200000| Untracked 
|  82|0x000000070d400000, 0x000000070d400000, 0x000000070d600000|  0%| F|  |TAMS 0x000000070d400000, 0x000000070d400000| Untracked 
|  83|0x000000070d600000, 0x000000070d600000, 0x000000070d800000|  0%| F|  |TAMS 0x000000070d600000, 0x000000070d600000| Untracked 
|  84|0x000000070d800000, 0x000000070d800000, 0x000000070da00000|  0%| F|  |TAMS 0x000000070d800000, 0x000000070d800000| Untracked 
|  85|0x000000070da00000, 0x000000070da00000, 0x000000070dc00000|  0%| F|  |TAMS 0x000000070da00000, 0x000000070da00000| Untracked 
|  86|0x000000070dc00000, 0x000000070dc00000, 0x000000070de00000|  0%| F|  |TAMS 0x000000070dc00000, 0x000000070dc00000| Untracked 
|  87|0x000000070de00000, 0x000000070de00000, 0x000000070e000000|  0%| F|  |TAMS 0x000000070de00000, 0x000000070de00000| Untracked 
|  88|0x000000070e000000, 0x000000070e000000, 0x000000070e200000|  0%| F|  |TAMS 0x000000070e000000, 0x000000070e000000| Untracked 
|  89|0x000000070e200000, 0x000000070e200000, 0x000000070e400000|  0%| F|  |TAMS 0x000000070e200000, 0x000000070e200000| Untracked 
|  90|0x000000070e400000, 0x000000070e400000, 0x000000070e600000|  0%| F|  |TAMS 0x000000070e400000, 0x000000070e400000| Untracked 
|  91|0x000000070e600000, 0x000000070e600000, 0x000000070e800000|  0%| F|  |TAMS 0x000000070e600000, 0x000000070e600000| Untracked 
|  92|0x000000070e800000, 0x000000070e800000, 0x000000070ea00000|  0%| F|  |TAMS 0x000000070e800000, 0x000000070e800000| Untracked 
|  93|0x000000070ea00000, 0x000000070ea00000, 0x000000070ec00000|  0%| F|  |TAMS 0x000000070ea00000, 0x000000070ea00000| Untracked 
|  94|0x000000070ec00000, 0x000000070ec00000, 0x000000070ee00000|  0%| F|  |TAMS 0x000000070ec00000, 0x000000070ec00000| Untracked 
|  95|0x000000070ee00000, 0x000000070ee00000, 0x000000070f000000|  0%| F|  |TAMS 0x000000070ee00000, 0x000000070ee00000| Untracked 
|  96|0x000000070f000000, 0x000000070f000000, 0x000000070f200000|  0%| F|  |TAMS 0x000000070f000000, 0x000000070f000000| Untracked 
|  97|0x000000070f200000, 0x000000070f200000, 0x000000070f400000|  0%| F|  |TAMS 0x000000070f200000, 0x000000070f200000| Untracked 
|  98|0x000000070f400000, 0x000000070f400000, 0x000000070f600000|  0%| F|  |TAMS 0x000000070f400000, 0x000000070f400000| Untracked 
|  99|0x000000070f600000, 0x000000070f600000, 0x000000070f800000|  0%| F|  |TAMS 0x000000070f600000, 0x000000070f600000| Untracked 
| 100|0x000000070f800000, 0x000000070f800000, 0x000000070fa00000|  0%| F|  |TAMS 0x000000070f800000, 0x000000070f800000| Untracked 
| 101|0x000000070fa00000, 0x000000070fa00000, 0x000000070fc00000|  0%| F|  |TAMS 0x000000070fa00000, 0x000000070fa00000| Untracked 
| 102|0x000000070fc00000, 0x000000070fc00000, 0x000000070fe00000|  0%| F|  |TAMS 0x000000070fc00000, 0x000000070fc00000| Untracked 
| 103|0x000000070fe00000, 0x000000070fe00000, 0x0000000710000000|  0%| F|  |TAMS 0x000000070fe00000, 0x000000070fe00000| Untracked 
| 104|0x0000000710000000, 0x0000000710000000, 0x0000000710200000|  0%| F|  |TAMS 0x0000000710000000, 0x0000000710000000| Untracked 
| 105|0x0000000710200000, 0x0000000710200000, 0x0000000710400000|  0%| F|  |TAMS 0x0000000710200000, 0x0000000710200000| Untracked 
| 106|0x0000000710400000, 0x0000000710400000, 0x0000000710600000|  0%| F|  |TAMS 0x0000000710400000, 0x0000000710400000| Untracked 
| 107|0x0000000710600000, 0x0000000710600000, 0x0000000710800000|  0%| F|  |TAMS 0x0000000710600000, 0x0000000710600000| Untracked 
| 108|0x0000000710800000, 0x0000000710800000, 0x0000000710a00000|  0%| F|  |TAMS 0x0000000710800000, 0x0000000710800000| Untracked 
| 109|0x0000000710a00000, 0x0000000710a00000, 0x0000000710c00000|  0%| F|  |TAMS 0x0000000710a00000, 0x0000000710a00000| Untracked 
| 110|0x0000000710c00000, 0x0000000710c00000, 0x0000000710e00000|  0%| F|  |TAMS 0x0000000710c00000, 0x0000000710c00000| Untracked 
| 111|0x0000000710e00000, 0x0000000710e00000, 0x0000000711000000|  0%| F|  |TAMS 0x0000000710e00000, 0x0000000710e00000| Untracked 
| 112|0x0000000711000000, 0x0000000711000000, 0x0000000711200000|  0%| F|  |TAMS 0x0000000711000000, 0x0000000711000000| Untracked 
| 113|0x0000000711200000, 0x0000000711200000, 0x0000000711400000|  0%| F|  |TAMS 0x0000000711200000, 0x0000000711200000| Untracked 
| 114|0x0000000711400000, 0x0000000711400000, 0x0000000711600000|  0%| F|  |TAMS 0x0000000711400000, 0x0000000711400000| Untracked 
| 115|0x0000000711600000, 0x0000000711600000, 0x0000000711800000|  0%| F|  |TAMS 0x0000000711600000, 0x0000000711600000| Untracked 
| 116|0x0000000711800000, 0x0000000711800000, 0x0000000711a00000|  0%| F|  |TAMS 0x0000000711800000, 0x0000000711800000| Untracked 
| 117|0x0000000711a00000, 0x0000000711bc5070, 0x0000000711c00000| 88%| E|  |TAMS 0x0000000711a00000, 0x0000000711a00000| Complete 
| 118|0x0000000711c00000, 0x0000000711e00000, 0x0000000711e00000|100%| E|CS|TAMS 0x0000000711c00000, 0x0000000711c00000| Complete 
| 119|0x0000000711e00000, 0x0000000712000000, 0x0000000712000000|100%| E|CS|TAMS 0x0000000711e00000, 0x0000000711e00000| Complete 
| 120|0x0000000712000000, 0x0000000712200000, 0x0000000712200000|100%| E|CS|TAMS 0x0000000712000000, 0x0000000712000000| Complete 
| 121|0x0000000712200000, 0x0000000712400000, 0x0000000712400000|100%| E|CS|TAMS 0x0000000712200000, 0x0000000712200000| Complete 
| 122|0x0000000712400000, 0x0000000712600000, 0x0000000712600000|100%| E|CS|TAMS 0x0000000712400000, 0x0000000712400000| Complete 
| 123|0x0000000712600000, 0x0000000712800000, 0x0000000712800000|100%| E|CS|TAMS 0x0000000712600000, 0x0000000712600000| Complete 
| 124|0x0000000712800000, 0x0000000712a00000, 0x0000000712a00000|100%| E|CS|TAMS 0x0000000712800000, 0x0000000712800000| Complete 
| 125|0x0000000712a00000, 0x0000000712c00000, 0x0000000712c00000|100%| E|CS|TAMS 0x0000000712a00000, 0x0000000712a00000| Complete 
| 126|0x0000000712c00000, 0x0000000712e00000, 0x0000000712e00000|100%| E|CS|TAMS 0x0000000712c00000, 0x0000000712c00000| Complete 

Card table byte_map: [0x0000023c70060000,0x0000023c70850000] _byte_map_base: 0x0000023c6c848000

Marking Bits (Prev, Next): (CMBitMap*) 0x0000023c57e1a910, (CMBitMap*) 0x0000023c57e1a950
 Prev Bits: [0x0000023c71040000, 0x0000023c74f80000)
 Next Bits: [0x0000023c74f80000, 0x0000023c78ec0000)

Polling page: 0x0000023c55dd0000

Metaspace:

Usage:
  Non-class:      7.22 MB capacity,     4.82 MB ( 67%) used,     2.40 MB ( 33%) free+waste,     5.62 KB ( <1%) overhead. 
      Class:    539.00 KB capacity,   256.23 KB ( 48%) used,   281.02 KB ( 52%) free+waste,     1.75 KB ( <1%) overhead. 
       Both:      7.75 MB capacity,     5.07 MB ( 65%) used,     2.67 MB ( 34%) free+waste,     7.38 KB ( <1%) overhead. 

Virtual space:
  Non-class space:        8.00 MB reserved,       7.50 MB ( 94%) committed 
      Class space:        1.00 GB reserved,     640.00 KB ( <1%) committed 
             Both:        1.01 GB reserved,       8.12 MB ( <1%) committed 

Chunk freelists:
   Non-Class:  93.00 KB
       Class:  5.00 KB
        Both:  98.00 KB

MaxMetaspaceSize: 17179869184.00 GB
CompressedClassSpaceSize: 1.00 GB

CodeHeap 'non-profiled nmethods': size=119168Kb used=339Kb max_used=339Kb free=118828Kb
 bounds [0x0000023c67b90000, 0x0000023c67e00000, 0x0000023c6eff0000]
CodeHeap 'profiled nmethods': size=119104Kb used=1488Kb max_used=1488Kb free=117615Kb
 bounds [0x0000023c60740000, 0x0000023c609b0000, 0x0000023c67b90000]
CodeHeap 'non-nmethods': size=7488Kb used=3247Kb max_used=3280Kb free=4240Kb
 bounds [0x0000023c5fff0000, 0x0000023c60330000, 0x0000023c60740000]
 total_blobs=1788 nmethods=849 adapters=849
 compilation: enabled
              stopped_count=0, restarted_count=0
 full_count=0

Compilation events (20 events):
Event: 0.696 Thread 0x0000023c7c8c0e50 nmethod 843 0x0000023c608b2690 code [0x0000023c608b2840, 0x0000023c608b2a48]
Event: 0.696 Thread 0x0000023c7e114c70 nmethod 842 0x0000023c608b2b90 code [0x0000023c608b2d40, 0x0000023c608b2fb8]
Event: 0.696 Thread 0x0000023c7c8be930 nmethod 844 0x0000023c608b3190 code [0x0000023c608b3340, 0x0000023c608b3638]
Event: 0.696 Thread 0x0000023c7c7a6080 nmethod 846 0x0000023c608b3790 code [0x0000023c608b3940, 0x0000023c608b3c38]
Event: 0.704 Thread 0x0000023c7c7a6080  848       3       sun.nio.cs.SingleByte$Decoder::decode (11 bytes)
Event: 0.704 Thread 0x0000023c7c7a6080 nmethod 848 0x0000023c608b3d90 code [0x0000023c608b3f20, 0x0000023c608b4058]
Event: 0.712 Thread 0x0000023c05abe590 nmethod 764 0x0000023c67bd2e10 code [0x0000023c67bd3020, 0x0000023c67bd4338]
Event: 0.712 Thread 0x0000023c05abe590  837       4       java.io.WinNTFileSystem::normalize (143 bytes)
Event: 0.716 Thread 0x0000023c05abe590 nmethod 837 0x0000023c67bd4e10 code [0x0000023c67bd4fc0, 0x0000023c67bd5268]
Event: 0.716 Thread 0x0000023c05abe590  766       4       java.util.jar.JarFile::getEntry (35 bytes)
Event: 0.717 Thread 0x0000023c7c7a4e40 nmethod 728 0x0000023c67bd5490 code [0x0000023c67bd5920, 0x0000023c67bd8d30]
Event: 0.717 Thread 0x0000023c7c7a4e40  745       4       java.util.concurrent.ConcurrentHashMap::casTabAt (21 bytes)
Event: 0.718 Thread 0x0000023c7c7a4e40 nmethod 745 0x0000023c67bdb490 code [0x0000023c67bdb600, 0x0000023c67bdb718]
Event: 0.718 Thread 0x0000023c7c7a4e40  746       4       jdk.internal.misc.Unsafe::putReferenceRelease (9 bytes)
Event: 0.719 Thread 0x0000023c05abe590 nmethod 766 0x0000023c67bdb790 code [0x0000023c67bdb940, 0x0000023c67bdbd30]
Event: 0.719 Thread 0x0000023c7c7a4e40 nmethod 746 0x0000023c67bdc010 code [0x0000023c67bdc180, 0x0000023c67bdc2b8]
Event: 0.720 Thread 0x0000023c05abe590  849       4       sun.misc.Unsafe::putByte (9 bytes)
Event: 0.720 Thread 0x0000023c05abe590 nmethod 849 0x0000023c67bdc310 code [0x0000023c67bdc480, 0x0000023c67bdc4f8]
Event: 0.720 Thread 0x0000023c05abe590  850       4       sun.misc.Unsafe::putLong (11 bytes)
Event: 0.720 Thread 0x0000023c05abe590 nmethod 850 0x0000023c67bdc610 code [0x0000023c67bdc780, 0x0000023c67bdc7f8]

GC Heap History (0 events):
No events

Deoptimization events (20 events):
Event: 0.264 Thread 0x0000023c57dc8220 DEOPT PACKING pc=0x0000023c6082bf5f sp=0x000000f02cffb530
Event: 0.264 Thread 0x0000023c57dc8220 DEOPT UNPACKING pc=0x0000023c6003e23f sp=0x000000f02cffa980 mode 0
Event: 0.278 Thread 0x0000023c57dc8220 DEOPT PACKING pc=0x0000023c6082bf5f sp=0x000000f02cffc360
Event: 0.278 Thread 0x0000023c57dc8220 DEOPT UNPACKING pc=0x0000023c6003e23f sp=0x000000f02cffb7b0 mode 0
Event: 0.282 Thread 0x0000023c57dc8220 DEOPT PACKING pc=0x0000023c6078d766 sp=0x000000f02cffbf70
Event: 0.282 Thread 0x0000023c57dc8220 DEOPT UNPACKING pc=0x0000023c6003e23f sp=0x000000f02cffb430 mode 0
Event: 0.283 Thread 0x0000023c57dc8220 DEOPT PACKING pc=0x0000023c607a4933 sp=0x000000f02cffbea0
Event: 0.284 Thread 0x0000023c57dc8220 DEOPT UNPACKING pc=0x0000023c6003e23f sp=0x000000f02cffb3c0 mode 0
Event: 0.284 Thread 0x0000023c57dc8220 DEOPT PACKING pc=0x0000023c6082bf5f sp=0x000000f02cffc050
Event: 0.284 Thread 0x0000023c57dc8220 DEOPT UNPACKING pc=0x0000023c6003e23f sp=0x000000f02cffb4a0 mode 0
Event: 0.466 Thread 0x0000023c57dc8220 DEOPT PACKING pc=0x0000023c6082bf5f sp=0x000000f02cffa440
Event: 0.466 Thread 0x0000023c57dc8220 DEOPT UNPACKING pc=0x0000023c6003e23f sp=0x000000f02cff9890 mode 0
Event: 0.485 Thread 0x0000023c57dc8220 DEOPT PACKING pc=0x0000023c6082bf5f sp=0x000000f02cffcbe0
Event: 0.485 Thread 0x0000023c57dc8220 DEOPT UNPACKING pc=0x0000023c6003e23f sp=0x000000f02cffc030 mode 0
Event: 0.523 Thread 0x0000023c57dc8220 DEOPT PACKING pc=0x0000023c6082bf5f sp=0x000000f02cffab80
Event: 0.523 Thread 0x0000023c57dc8220 DEOPT UNPACKING pc=0x0000023c6003e23f sp=0x000000f02cff9fd0 mode 0
Event: 0.664 Thread 0x0000023c57dc8220 Uncommon trap: trap_request=0xffffff54 fr.pc=0x0000023c67bc54e0 relative=0x0000000000000060
Event: 0.664 Thread 0x0000023c57dc8220 Uncommon trap: reason=speculate_null_assert action=make_not_entrant pc=0x0000023c67bc54e0 method=sun.misc.Unsafe.putLong(Ljava/lang/Object;JJ)V @ 7 c2
Event: 0.664 Thread 0x0000023c57dc8220 DEOPT PACKING pc=0x0000023c67bc54e0 sp=0x000000f02cffebf0
Event: 0.664 Thread 0x0000023c57dc8220 DEOPT UNPACKING pc=0x0000023c6003e42f sp=0x000000f02cffeb68 mode 2

Classes unloaded (0 events):
No events

Classes redefined (0 events):
No events

Internal exceptions (18 events):
Event: 0.190 Thread 0x0000023c57dc8220 Exception <a 'java/lang/NoSuchMethodError'{0x00000007126e9b50}: 'void java.lang.invoke.DirectMethodHandle$Holder.invokeStatic(java.lang.Object, java.lang.Object)'> (0x00000007126e9b50) 
thrown [./open/src/hotspot/share/interpreter/linkResolver.cpp, line 782]
Event: 0.191 Thread 0x0000023c57dc8220 Exception <a 'java/lang/NoSuchMethodError'{0x00000007126ef648}: 'void java.lang.invoke.DirectMethodHandle$Holder.invokeSpecial(java.lang.Object, java.lang.Object, java.lang.Object)'> (0x00000007126ef648) 
thrown [./open/src/hotspot/share/interpreter/linkResolver.cpp, line 782]
Event: 0.195 Thread 0x0000023c57dc8220 Exception <a 'java/lang/NoSuchMethodError'{0x00000007127042b8}: 'java.lang.Object java.lang.invoke.DirectMethodHandle$Holder.invokeStatic(java.lang.Object, java.lang.Object, int)'> (0x00000007127042b8) 
thrown [./open/src/hotspot/share/interpreter/linkResolver.cpp, line 782]
Event: 0.197 Thread 0x0000023c57dc8220 Exception <a 'java/lang/NoSuchMethodError'{0x0000000712710400}: 'void java.lang.invoke.DelegatingMethodHandle$Holder.delegate(java.lang.Object, java.lang.Object, int, java.lang.Object)'> (0x0000000712710400) 
thrown [./open/src/hotspot/share/interpreter/linkResolver.cpp, line 782]
Event: 0.197 Thread 0x0000023c57dc8220 Exception <a 'java/lang/NoSuchMethodError'{0x0000000712714748}: 'int java.lang.invoke.DirectMethodHandle$Holder.invokeSpecial(java.lang.Object, java.lang.Object, java.lang.Object)'> (0x0000000712714748) 
thrown [./open/src/hotspot/share/interpreter/linkResolver.cpp, line 782]
Event: 0.251 Thread 0x0000023c57dc8220 Exception <a 'sun/nio/fs/WindowsException'{0x0000000712476018}> (0x0000000712476018) 
thrown [./open/src/hotspot/share/prims/jni.cpp, line 578]
Event: 0.251 Thread 0x0000023c57dc8220 Exception <a 'sun/nio/fs/WindowsException'{0x0000000712476570}> (0x0000000712476570) 
thrown [./open/src/hotspot/share/prims/jni.cpp, line 578]
Event: 0.261 Thread 0x0000023c57dc8220 Exception <a 'sun/nio/fs/WindowsException'{0x0000000712497428}> (0x0000000712497428) 
thrown [./open/src/hotspot/share/prims/jni.cpp, line 578]
Event: 0.262 Thread 0x0000023c57dc8220 Exception <a 'sun/nio/fs/WindowsException'{0x0000000712497798}> (0x0000000712497798) 
thrown [./open/src/hotspot/share/prims/jni.cpp, line 578]
Event: 0.269 Thread 0x0000023c57dc8220 Exception <a 'java/lang/NoSuchMethodError'{0x00000007124ffb98}: 'java.lang.Object java.lang.invoke.DirectMethodHandle$Holder.invokeStatic(java.lang.Object)'> (0x00000007124ffb98) 
thrown [./open/src/hotspot/share/interpreter/linkResolver.cpp, line 782]
Event: 0.269 Thread 0x0000023c57dc8220 Exception <a 'java/lang/NoSuchMethodError'{0x0000000712503208}: 'java.lang.Object java.lang.invoke.DirectMethodHandle$Holder.invokeStaticInit(java.lang.Object)'> (0x0000000712503208) 
thrown [./open/src/hotspot/share/interpreter/linkResolver.cpp, line 782]
Event: 0.472 Thread 0x0000023c57dc8220 Exception <a 'sun/nio/fs/WindowsException'{0x0000000712249bd8}> (0x0000000712249bd8) 
thrown [./open/src/hotspot/share/prims/jni.cpp, line 578]
Event: 0.472 Thread 0x0000023c57dc8220 Exception <a 'sun/nio/fs/WindowsException'{0x0000000712249f88}> (0x0000000712249f88) 
thrown [./open/src/hotspot/share/prims/jni.cpp, line 578]
Event: 0.475 Thread 0x0000023c57dc8220 Exception <a 'sun/nio/fs/WindowsException'{0x00000007122631b8}> (0x00000007122631b8) 
thrown [./open/src/hotspot/share/prims/jni.cpp, line 578]
Event: 0.475 Thread 0x0000023c57dc8220 Exception <a 'sun/nio/fs/WindowsException'{0x00000007122634a0}> (0x00000007122634a0) 
thrown [./open/src/hotspot/share/prims/jni.cpp, line 578]
Event: 0.521 Thread 0x0000023c57dc8220 Exception <a 'sun/nio/fs/WindowsException'{0x000000071201c800}> (0x000000071201c800) 
thrown [./open/src/hotspot/share/prims/jni.cpp, line 578]
Event: 0.521 Thread 0x0000023c57dc8220 Exception <a 'sun/nio/fs/WindowsException'{0x000000071201cba0}> (0x000000071201cba0) 
thrown [./open/src/hotspot/share/prims/jni.cpp, line 578]
Event: 0.680 Thread 0x0000023c57dc8220 Exception <a 'java/lang/NoSuchMethodError'{0x0000000711a52800}: 'void java.lang.invoke.DirectMethodHandle$Holder.invokeStatic(java.lang.Object, long, int, int)'> (0x0000000711a52800) 
thrown [./open/src/hotspot/share/interpreter/linkResolver.cpp, line 782]

Events (20 events):
Event: 0.694 loading class java/util/stream/Nodes$EmptyNode$OfLong
Event: 0.694 loading class java/util/stream/Node$OfLong
Event: 0.694 loading class java/util/stream/Node$OfLong done
Event: 0.694 loading class java/util/stream/Nodes$EmptyNode$OfLong done
Event: 0.694 loading class java/util/stream/Nodes$EmptyNode$OfDouble
Event: 0.694 loading class java/util/stream/Node$OfDouble
Event: 0.694 loading class java/util/stream/Node$OfDouble done
Event: 0.694 loading class java/util/stream/Nodes$EmptyNode$OfDouble done
Event: 0.694 loading class java/util/stream/Nodes$FixedNodeBuilder
Event: 0.694 loading class java/util/stream/Node$Builder
Event: 0.694 loading class java/util/stream/Node$Builder done
Event: 0.694 loading class java/util/stream/Nodes$ArrayNode
Event: 0.694 loading class java/util/stream/Nodes$ArrayNode done
Event: 0.694 loading class java/util/stream/Nodes$FixedNodeBuilder done
Event: 0.695 loading class jdk/internal/math/FloatingDecimal$ASCIIToBinaryBuffer
Event: 0.695 loading class jdk/internal/math/FloatingDecimal$ASCIIToBinaryBuffer done
Event: 0.695 loading class jdk/internal/math/FDBigInteger
Event: 0.695 loading class jdk/internal/math/FDBigInteger done
Event: 0.703 loading class java/io/FileReader
Event: 0.703 loading class java/io/FileReader done


Dynamic libraries:
0x00007ff6ce2f0000 - 0x00007ff6ce2ff000 	C:\Program Files\Java\jdk-15.0.2\bin\java.exe
0x00007ffdcdc10000 - 0x00007ffdcde05000 	C:\WINDOWS\SYSTEM32\ntdll.dll
0x00007ffd9d8d0000 - 0x00007ffd9d8e3000 	C:\Program Files\Avast Software\Avast\aswhook.dll
0x00007ffdcd920000 - 0x00007ffdcd9dd000 	C:\WINDOWS\System32\KERNEL32.DLL
0x00007ffdcb900000 - 0x00007ffdcbbc8000 	C:\WINDOWS\System32\KERNELBASE.dll
0x00007ffdcb570000 - 0x00007ffdcb670000 	C:\WINDOWS\System32\ucrtbase.dll
0x00007ffdc47d0000 - 0x00007ffdc47e8000 	C:\Program Files\Java\jdk-15.0.2\bin\jli.dll
0x00007ffdb33d0000 - 0x00007ffdb33e9000 	C:\Program Files\Java\jdk-15.0.2\bin\VCRUNTIME140.dll
0x00007ffdcd0a0000 - 0x00007ffdcd14c000 	C:\WINDOWS\System32\ADVAPI32.dll
0x00007ffdcd600000 - 0x00007ffdcd69e000 	C:\WINDOWS\System32\msvcrt.dll
0x00007ffdcda10000 - 0x00007ffdcdaab000 	C:\WINDOWS\System32\sechost.dll
0x00007ffdcc150000 - 0x00007ffdcc27b000 	C:\WINDOWS\System32\RPCRT4.dll
0x00007ffdcbc70000 - 0x00007ffdcbe10000 	C:\WINDOWS\System32\USER32.dll
0x00007ffdcb430000 - 0x00007ffdcb452000 	C:\WINDOWS\System32\win32u.dll
0x00007ffdb7ed0000 - 0x00007ffdb816a000 	C:\WINDOWS\WinSxS\amd64_microsoft.windows.common-controls_6595b64144ccf1df_6.0.19041.844_none_ca00b6081b84eb1d\COMCTL32.dll
0x00007ffdccdf0000 - 0x00007ffdcce1a000 	C:\WINDOWS\System32\GDI32.dll
0x00007ffdcb460000 - 0x00007ffdcb56b000 	C:\WINDOWS\System32\gdi32full.dll
0x00007ffdcbbd0000 - 0x00007ffdcbc6d000 	C:\WINDOWS\System32\msvcp_win.dll
0x00007ffdc46d0000 - 0x00007ffdc46da000 	C:\WINDOWS\SYSTEM32\VERSION.dll
0x00007ffdcd9e0000 - 0x00007ffdcda10000 	C:\WINDOWS\System32\IMM32.DLL
0x00007ffdc6b60000 - 0x00007ffdc6b6c000 	C:\Program Files\Java\jdk-15.0.2\bin\vcruntime140_1.dll
0x00007ffd99460000 - 0x00007ffd994f1000 	C:\Program Files\Java\jdk-15.0.2\bin\msvcp140.dll
0x00007ffd440d0000 - 0x00007ffd44c2e000 	C:\Program Files\Java\jdk-15.0.2\bin\server\jvm.dll
0x00007ffdcd910000 - 0x00007ffdcd918000 	C:\WINDOWS\System32\PSAPI.DLL
0x00007ffdb4450000 - 0x00007ffdb4459000 	C:\WINDOWS\SYSTEM32\WSOCK32.dll
0x00007ffdb67d0000 - 0x00007ffdb67f7000 	C:\WINDOWS\SYSTEM32\WINMM.dll
0x00007ffdcdb60000 - 0x00007ffdcdbcb000 	C:\WINDOWS\System32\WS2_32.dll
0x00007ffdc9c20000 - 0x00007ffdc9c32000 	C:\WINDOWS\SYSTEM32\kernel.appcore.dll
0x00007ffdc66e0000 - 0x00007ffdc66ea000 	C:\Program Files\Java\jdk-15.0.2\bin\jimage.dll
0x00007ffdc90e0000 - 0x00007ffdc92c4000 	C:\WINDOWS\SYSTEM32\DBGHELP.DLL
0x00007ffdbd380000 - 0x00007ffdbd3ac000 	C:\WINDOWS\SYSTEM32\dbgcore.DLL
0x00007ffdcb350000 - 0x00007ffdcb3d0000 	C:\WINDOWS\System32\bcryptPrimitives.dll
0x00007ffdb33a0000 - 0x00007ffdb33c5000 	C:\Program Files\Java\jdk-15.0.2\bin\java.dll
0x00007ffdcc5e0000 - 0x00007ffdccd22000 	C:\WINDOWS\System32\SHELL32.dll
0x00007ffdc9470000 - 0x00007ffdc9c01000 	C:\WINDOWS\SYSTEM32\windows.storage.dll
0x00007ffdcc280000 - 0x00007ffdcc5d5000 	C:\WINDOWS\System32\combase.dll
0x00007ffdcadc0000 - 0x00007ffdcadec000 	C:\WINDOWS\SYSTEM32\Wldp.dll
0x00007ffdcc0a0000 - 0x00007ffdcc14e000 	C:\WINDOWS\System32\SHCORE.dll
0x00007ffdcd700000 - 0x00007ffdcd755000 	C:\WINDOWS\System32\shlwapi.dll
0x00007ffdcb290000 - 0x00007ffdcb2af000 	C:\WINDOWS\SYSTEM32\profapi.dll
0x00007ffdb3380000 - 0x00007ffdb3399000 	C:\Program Files\Java\jdk-15.0.2\bin\net.dll
0x00007ffdb9730000 - 0x00007ffdb983b000 	C:\WINDOWS\SYSTEM32\WINHTTP.dll
0x00007ffdcab30000 - 0x00007ffdcab9a000 	C:\WINDOWS\system32\mswsock.dll
0x00007ffdb2700000 - 0x00007ffdb2712000 	C:\Program Files\Java\jdk-15.0.2\bin\nio.dll
0x00007ffdb1490000 - 0x00007ffdb14a8000 	C:\Program Files\Java\jdk-15.0.2\bin\zip.dll
0x00007ffdc6190000 - 0x00007ffdc61f4000 	C:\Users\mikul\AppData\Local\Temp\lwjglmikul\3.2.3-build-13\lwjgl.dll
0x00007ffdc58c0000 - 0x00007ffdc5922000 	C:\Users\mikul\AppData\Local\Temp\lwjglmikul\3.2.3-build-13\glfw.dll
0x00007ffdc8ab0000 - 0x00007ffdc8b4e000 	C:\WINDOWS\system32\uxtheme.dll
0x00007ffdb12f0000 - 0x00007ffdb1335000 	C:\WINDOWS\SYSTEM32\dinput8.dll
0x00007ffdc6b40000 - 0x00007ffdc6b51000 	C:\WINDOWS\SYSTEM32\xinput1_4.dll
0x00007ffdcb670000 - 0x00007ffdcb6be000 	C:\WINDOWS\System32\cfgmgr32.dll
0x00007ffdcb100000 - 0x00007ffdcb12c000 	C:\WINDOWS\SYSTEM32\DEVOBJ.dll
0x00007ffdc8bd0000 - 0x00007ffdc8bff000 	C:\WINDOWS\SYSTEM32\dwmapi.dll
0x00007ffdbc3e0000 - 0x00007ffdbc532000 	C:\WINDOWS\SYSTEM32\inputhost.dll
0x00007ffdccfd0000 - 0x00007ffdcd09d000 	C:\WINDOWS\System32\OLEAUT32.dll
0x00007ffdc7bc0000 - 0x00007ffdc7d14000 	C:\WINDOWS\SYSTEM32\wintypes.dll
0x00007ffdc85f0000 - 0x00007ffdc86e2000 	C:\WINDOWS\SYSTEM32\CoreMessaging.dll
0x00007ffdc6c70000 - 0x00007ffdc6d67000 	C:\WINDOWS\SYSTEM32\PROPSYS.dll
0x00007ffdc8290000 - 0x00007ffdc85ee000 	C:\WINDOWS\SYSTEM32\CoreUIComponents.dll
0x00007ffdca090000 - 0x00007ffdca0c3000 	C:\WINDOWS\SYSTEM32\ntmarta.dll
0x00007ffdcd760000 - 0x00007ffdcd875000 	C:\WINDOWS\System32\MSCTF.dll
0x00007ffdc9c10000 - 0x00007ffdc9c1d000 	C:\WINDOWS\SYSTEM32\HID.DLL
0x00007ffdcd190000 - 0x00007ffdcd5f9000 	C:\WINDOWS\System32\SETUPAPI.DLL
0x00007ffdcb6c0000 - 0x00007ffdcb6e7000 	C:\WINDOWS\System32\bcrypt.dll
0x00007ffdcb3d0000 - 0x00007ffdcb430000 	C:\WINDOWS\System32\WINTRUST.dll
0x00007ffdcb6f0000 - 0x00007ffdcb84f000 	C:\WINDOWS\System32\CRYPT32.dll
0x00007ffdcaf40000 - 0x00007ffdcaf52000 	C:\WINDOWS\SYSTEM32\MSASN1.dll
0x00007ffd909d0000 - 0x00007ffd90af6000 	C:\WINDOWS\SYSTEM32\opengl32.dll
0x00007ffd97360000 - 0x00007ffd9738c000 	C:\WINDOWS\SYSTEM32\GLU32.dll
0x00007ffdcdab0000 - 0x00007ffdcdb59000 	C:\WINDOWS\System32\clbcatq.dll
0x00007ffd40750000 - 0x00007ffd41715000 	C:\WINDOWS\System32\DriverStore\FileRepository\iigd_dch.inf_amd64_27e3f997fcc85a29\ig9icd64.dll
0x00007ffdccea0000 - 0x00007ffdccfca000 	C:\WINDOWS\System32\ole32.dll
0x00007ffdc9db0000 - 0x00007ffdc9ea3000 	C:\WINDOWS\system32\dxgi.dll
0x00007ffdc02d0000 - 0x00007ffdc0512000 	C:\WINDOWS\System32\DriverStore\FileRepository\iigd_dch.inf_amd64_27e3f997fcc85a29\igdgmm64.dll
0x00007ffdbd6d0000 - 0x00007ffdc02c2000 	C:\WINDOWS\System32\DriverStore\FileRepository\iigd_dch.inf_amd64_27e3f997fcc85a29\igc64.dll
0x00007ffdca940000 - 0x00007ffdca98b000 	C:\WINDOWS\SYSTEM32\powrprof.dll
0x00007ffdca7b0000 - 0x00007ffdca7c2000 	C:\WINDOWS\SYSTEM32\UMPDC.dll
0x00007ffcf3380000 - 0x00007ffcf378b000 	C:\WINDOWS\System32\DriverStore\FileRepository\iigd_dch.inf_amd64_27e3f997fcc85a29\igdml64.dll
0x00007ffdbc540000 - 0x00007ffdbc639000 	C:\WINDOWS\SYSTEM32\textinputframework.dll
0x00007ffd9ba80000 - 0x00007ffd9bad9000 	C:\Users\mikul\AppData\Local\Temp\lwjglmikul\3.2.3-build-13\lwjgl_opengl.dll
0x00007ffd404f0000 - 0x00007ffd40743000 	C:\Users\mikul\AppData\Local\Temp\lwjglmikul\3.2.3-build-13\jemalloc.dll

dbghelp: loaded successfully - version: 4.0.5 - missing functions: none
symbol engine: initialized successfully - sym options: 0x614 - pdb path: .;C:\Program Files\Java\jdk-15.0.2\bin;C:\WINDOWS\SYSTEM32;C:\Program Files\Avast Software\Avast;C:\WINDOWS\WinSxS\amd64_microsoft.windows.common-controls_6595b64144ccf1df_6.0.19041.844_none_ca00b6081b84eb1d;C:\Program Files\Java\jdk-15.0.2\bin\server;C:\Users\mikul\AppData\Local\Temp\lwjglmikul\3.2.3-build-13;C:\WINDOWS\System32\DriverStore\FileRepository\iigd_dch.inf_amd64_27e3f997fcc85a29

VM Arguments:
jvm_args: -Dfile.encoding=windows-1252 -Duser.country=US -Duser.language=en -Duser.variant 
java_command: mainEtc.Main
java_class_path (initial): C:\Users\mikul\IdeaProjects\GLCollisions\build\classes\java\main;C:\Users\mikul\IdeaProjects\GLCollisions\build\resources\main;C:\Users\mikul\.gradle\caches\modules-2\files-2.1\org.lwjgl\lwjgl-assimp\3.2.3\f62aa07a20afbdd3097efc296c4841e0d29700eb\lwjgl-assimp-3.2.3.jar;C:\Users\mikul\.gradle\caches\modules-2\files-2.1\org.lwjgl\lwjgl-assimp\3.2.3\4e60aeb75f0343c4a9ede4ef8b6b32ca702a00a3\lwjgl-assimp-3.2.3-natives-windows.jar;C:\Users\mikul\.gradle\caches\modules-2\files-2.1\org.lwjgl\lwjgl-bgfx\3.2.3\433883c4040fa8df47244dffa1d42c96ce2143de\lwjgl-bgfx-3.2.3.jar;C:\Users\mikul\.gradle\caches\modules-2\files-2.1\org.lwjgl\lwjgl-bgfx\3.2.3\f589da97dd3cfa96f42c8c812a0a028cf28223b8\lwjgl-bgfx-3.2.3-natives-windows.jar;C:\Users\mikul\.gradle\caches\modules-2\files-2.1\org.lwjgl\lwjgl-cuda\3.2.3\fb91f3aaa29e69eee7f1314a63d3e3068ad138e4\lwjgl-cuda-3.2.3.jar;C:\Users\mikul\.gradle\caches\modules-2\files-2.1\org.lwjgl\lwjgl-egl\3.2.3\45ad689a4346fac69d4e8696fa02aaa98f0ea196\lwjgl-egl-3.2.3.jar;C:\Users\mikul\.gradle\caches\modules-2\files-2.1\org.lwjgl\lwjgl-glfw\3.2.3\5e520d5c290c8b012545a8d34fa5db5ab051ea53\lwjgl-glfw-3.2.3.jar;C:\Users\mikul\.gradle\caches\modules-2\files-2.1\org.lwjgl\lwjgl-glfw\3.2.3\b4d8a3477cdc2edcf7a5f1e822926be846223f54\lwjgl-glfw-3.2.3-natives-windows.jar;C:\Users\mikul\.gradle\caches\modules-2\files-2.1\org.lwjgl\lwjgl-jawt\3.2.3\b93ceb43c55c28651e178af42e1f344e1e9d8bf3\lwjgl-jawt-3.2.3.jar;C:\Users\mikul\.gradle\caches\modules-2\files-2.1\org.lwjgl\lwjgl-jemalloc\3.2.3\b6fd0932171ba3f2eaa4547beddca3a3e645342d\lwjgl-jemalloc-3.2.3.jar;C:\Users\mikul\.gradle\caches\modules-2\files-2.1\org.lwjgl\lwjgl-jemalloc\3.2.3\3423fd0d4c7c1916c8f46b2075c4c2df02f22675\lwjgl-jemalloc-3.2.3-natives-windows.jar;C:\Users\mikul\.gradle\caches\modules-2\files-2.1\org.lwjgl\lwjgl-libdivide\3.2.3\58c515f934b8b3fd64897d436a9aaea518ac180a\lwjgl-libdivide-3.2.3.jar;C:\Users\mikul\.gradle\caches\modules-2\files-2.1\org.lwjgl\lwjgl-libdivide\3.2.
Launcher Type: SUN_STANDARD

[Global flags]
     intx CICompilerCount                          = 12                                        {product} {ergonomic}
     uint ConcGCThreads                            = 3                                         {product} {ergonomic}
     uint G1ConcRefinementThreads                  = 13                                        {product} {ergonomic}
   size_t G1HeapRegionSize                         = 2097152                                   {product} {ergonomic}
    uintx GCDrainStackTargetSize                   = 64                                        {product} {ergonomic}
   size_t InitialHeapSize                          = 266338304                                 {product} {ergonomic}
   size_t MarkStackSize                            = 4194304                                   {product} {ergonomic}
   size_t MaxHeapSize                              = 4244635648                                {product} {ergonomic}
   size_t MaxNewSize                               = 2545942528                                {product} {ergonomic}
   size_t MinHeapDeltaBytes                        = 2097152                                   {product} {ergonomic}
   size_t MinHeapSize                              = 8388608                                   {product} {ergonomic}
    uintx NonNMethodCodeHeapSize                   = 7602480                                {pd product} {ergonomic}
    uintx NonProfiledCodeHeapSize                  = 122027880                              {pd product} {ergonomic}
    uintx ProfiledCodeHeapSize                     = 122027880                              {pd product} {ergonomic}
    uintx ReservedCodeCacheSize                    = 251658240                              {pd product} {ergonomic}
     bool SegmentedCodeCache                       = true                                      {product} {ergonomic}
   size_t SoftMaxHeapSize                          = 4244635648                             {manageable} {ergonomic}
     bool UseCompressedClassPointers               = true                                 {lp64_product} {ergonomic}
     bool UseCompressedOops                        = true                                 {lp64_product} {ergonomic}
     bool UseG1GC                                  = true                                      {product} {ergonomic}
     bool UseLargePagesIndividualAllocation        = false                                  {pd product} {ergonomic}

Logging:
Log output configuration:
 #0: stdout all=warning uptime,level,tags
 #1: stderr all=off uptime,level,tags

Environment Variables:
JAVA_HOME=C:\Program Files\Java\jdk-15.0.2
PATH=C:\Program Files\Common Files\Oracle\Java\javapath;C:\Python39\Scripts\;C:\Python39\;C:\Windows\system32;C:\Windows;C:\Windows\System32\Wbem;C:\Windows\System32\WindowsPowerShell\v1.0\;C:\Windows\System32\OpenSSH\;C:\Program Files (x86)\NVIDIA Corporation\PhysX\Common;C:\Program Files\NVIDIA Corporation\NVIDIA NvDLISR;C:\Program Files\nodejs\;C:\ProgramData\chocolatey\bin;C:\Program Files\Git\cmd;C:\Users\mikul\Downloads\apache-maven-3.8.1-bin\apache-maven-3.8.1\bin;C:\Users\mikul\node_modules\.bin;;%SystemRoot%\system32;%SystemRoot%;%SystemRoot%\System32\Wbem;%SYSTEMROOT%\System32\WindowsPowerShell\v1.0\;%SYSTEMROOT%\System32\OpenSSH\;C:\Users\mikul\Downloads\apache-maven-3.8.1-bin\apache-maven-3.8.1\bin;C:\Users\mikul\node_modules\.bin;C:\Users\mikul\AppData\Local\Microsoft\WindowsApps;C:\Program Files (x86)\Nmap;C:\Users\mikul\AppData\Local\GitHubDesktop\bin
USERNAME=mikul
OS=Windows_NT
PROCESSOR_IDENTIFIER=Intel64 Family 6 Model 165 Stepping 2, GenuineIntel



---------------  S Y S T E M  ---------------

OS:
 Windows 10 , 64 bit Build 19041 (10.0.19041.928)
OS uptime: 0 days 20:17 hours

CPU: total 16 (initial active 16) (8 cores per cpu, 2 threads per core) family 6 model 165 stepping 2 microcode 0xe2, cmov, cx8, fxsr, mmx, sse, sse2, sse3, ssse3, sse4.1, sse4.2, popcnt, vzeroupper, avx, avx2, aes, clmul, erms, 3dnowpref, lzcnt, ht, tsc, tscinvbit, bmi1, bmi2, adx, fma, clflush, clflushopt

Memory: 4k page, system-wide physical 16185M (4344M free)
TotalPageFile size 27449M (AvailPageFile size 9659M)
current process WorkingSet (physical memory assigned to process): 136M, peak: 140M
current process commit charge ("private bytes"): 425M, peak: 429M

vm_info: Java HotSpot(TM) 64-Bit Server VM (15.0.2+7-27) for windows-amd64 JRE (15.0.2+7-27), built on Dec  7 2020 20:07:01 by "mach5one" with unknown MS VC++:1925

END.
