#
# A fatal error has been detected by the Java Runtime Environment:
#
#  EXCEPTION_ACCESS_VIOLATION (0xc0000005) at pc=0x00007ffda16e5b44, pid=13620, tid=3836
#
# JRE version: Java(TM) SE Runtime Environment (15.0.2+7) (build 15.0.2+7-27)
# Java VM: Java HotSpot(TM) 64-Bit Server VM (15.0.2+7-27, mixed mode, sharing, tiered, compressed oops, g1 gc, windows-amd64)
# Problematic frame:
# C  [jemalloc.dll+0x5b44]
#
# No core dump will be written. Minidumps are not enabled by default on client versions of Windows
#
# If you would like to submit a bug report, please visit:
#   https://bugreport.java.com/bugreport/crash.jsp
# The crash happened outside the Java Virtual Machine in native code.
# See problematic frame for where to report the bug.
#

---------------  S U M M A R Y ------------

Command Line: -Dfile.encoding=windows-1252 -Duser.country=US -Duser.language=en -Duser.variant mainEtc.Main

Host: Intel(R) Core(TM) i7-10875H CPU @ 2.30GHz, 16 cores, 15G,  Windows 10 , 64 bit Build 19041 (10.0.19041.928)
Time: Wed May  5 10:22:57 2021 Central Europe Daylight Time elapsed time: 0.495242 seconds (0d 0h 0m 0s)

---------------  T H R E A D  ---------------

Current thread (0x0000018c17e99490):  JavaThread "main" [_thread_in_native, id=3836, stack(0x0000000c1ca00000,0x0000000c1cb00000)]

Stack: [0x0000000c1ca00000,0x0000000c1cb00000],  sp=0x0000000c1caff250,  free space=1020k
Native frames: (J=compiled Java code, j=interpreted, Vv=VM code, C=native code)
C  [jemalloc.dll+0x5b44]

Java frames: (J=compiled Java code, j=interpreted, Vv=VM code)
j  org.lwjgl.system.JNI.invokePV(JJ)V+0
j  org.lwjgl.system.jemalloc.JEmalloc.nje_free(J)V+6
j  org.lwjgl.system.jemalloc.JEmallocAllocator.free(J)V+1
j  org.lwjgl.system.MemoryUtil.nmemFree(J)V+4
j  org.lwjgl.system.MemoryUtil.memFree(Ljava/nio/Buffer;)V+14
j  models.Square.rawInit()V+95
j  models.Square.init()V+13
j  mainEtc.Main.main([Ljava/lang/String;)V+53
v  ~StubRoutines::call_stub

siginfo: EXCEPTION_ACCESS_VIOLATION (0xc0000005), reading address 0x00000000001ee978


Register to memory mapping:

RIP=0x00007ffda16e5b44 jemalloc.dll
RAX=0x00000000001ee978 is an unknown value
RBX=0x0000018c44d00008 points into unknown readable memory: 0x0000004100000100 | 00 01 00 00 41 00 00 00
RCX=0x0000018c44d00150 points into unknown readable memory: 0x0000000000000000 | 00 00 00 00 00 00 00 00
RDX=0xfffffffffffffff0 is an unknown value
RSP=0x0000000c1caff250 is pointing into the stack for thread: 0x0000018c17e99490
RBP=0x0000000c1caff340 is pointing into the stack for thread: 0x0000018c17e99490
RSI=0x0000018c44d001f8 points into unknown readable memory: 0x0000000000000000 | 00 00 00 00 00 00 00 00
RDI=0x0000018c3dd2f8d0 points into unknown readable memory: 0xbe4ccccc3f800000 | 00 00 80 3f cc cc 4c be
R8 =0x0000000000000008 is an unknown value
R9 =0x0 is NULL
R10=0x0000018c44d00138 points into unknown readable memory: 0x0000000000000001 | 01 00 00 00 00 00 00 00
R11=0x0000018c44d00148 points into unknown readable memory: 0x0000000000000001 | 01 00 00 00 00 00 00 00
R12=0x0 is NULL
R13={method} {0x0000018c3c3f09a8} 'invokePV' '(JJ)V' in 'org/lwjgl/system/JNI'
R14=0x0000000c1caff378 is pointing into the stack for thread: 0x0000018c17e99490
R15=0x0000018c17e99490 is a thread


Registers:
RAX=0x00000000001ee978, RBX=0x0000018c44d00008, RCX=0x0000018c44d00150, RDX=0xfffffffffffffff0
RSP=0x0000000c1caff250, RBP=0x0000000c1caff340, RSI=0x0000018c44d001f8, RDI=0x0000018c3dd2f8d0
R8 =0x0000000000000008, R9 =0x0000000000000000, R10=0x0000018c44d00138, R11=0x0000018c44d00148
R12=0x0000000000000000, R13=0x0000018c3c3f09a0, R14=0x0000000c1caff378, R15=0x0000018c17e99490
RIP=0x00007ffda16e5b44, EFLAGS=0x0000000000010202

Top of Stack: (sp=0x0000000c1caff250)
0x0000000c1caff250:   0000018c44d00008 0000000c1caff340
0x0000000c1caff260:   0000018c44d001f8 0000018c3dd2f8d0
0x0000000c1caff270:   0000018c3dd2f801 00007ffda16e5cee
0x0000000c1caff280:   0000000c1caff578 0000000c1caff528
0x0000000c1caff290:   0000000000000035 0000000000000000
0x0000000c1caff2a0:   0000018c200ca1aa 0000018c200cf177
0x0000000c1caff2b0:   0000018c17e99490 0000018c3c3f09a0
0x0000000c1caff2c0:   0000000c1caff340 00000000000000ac
0x0000000c1caff2d0:   0000000000000000 0000000000000000
0x0000000c1caff2e0:   0000000c1caff528 0000018c200ddb32
0x0000000c1caff2f0:   0000018c200c8a90 0000000c1caff2f8
0x0000000c1caff300:   0000000000000000 0000000c1caff378
0x0000000c1caff310:   0000018c3c41c258 0000000000000000
0x0000000c1caff320:   00000007125f89e0 0000018c3c3f09a0
0x0000000c1caff330:   0000000000000000 0000000c1caff360
0x0000000c1caff340:   0000000c1caff3c8 0000018c200ca1aa 

Instructions: (pc=0x00007ffda16e5b44)
0x00007ffda16e5a44:   33 ff c6 45 d7 01 4c 8d 43 30 48 89 7d ef 4d 8b
0x00007ffda16e5a54:   ce 48 89 7d f7 48 8b cb 4c 89 75 df 48 89 75 e7
0x00007ffda16e5a64:   c6 44 24 20 01 e8 c2 b7 ff ff 4c 8d 05 8b 0a 04
0x00007ffda16e5a74:   00 48 8b 08 8b c7 48 c1 e9 30 40 38 7b 01 74 07
0x00007ffda16e5a84:   48 8d 83 f0 01 00 00 4d 8b 04 c8 48 8d 55 d7 48
0x00007ffda16e5a94:   89 54 24 40 4c 8b ce 48 89 7c 24 38 49 8b d6 48
0x00007ffda16e5aa4:   89 44 24 30 48 8b cb 40 88 7c 24 28 48 89 7c 24
0x00007ffda16e5ab4:   20 e8 e6 c2 ff ff 48 89 45 77 48 85 c0 0f 85 46
0x00007ffda16e5ac4:   ff ff ff 8d 48 0c ff 15 38 55 02 00 e9 38 ff ff
0x00007ffda16e5ad4:   ff cc cc cc cc cc cc cc cc cc cc cc 48 85 c9 0f
0x00007ffda16e5ae4:   84 a8 00 00 00 57 48 83 ec 50 48 8b f9 48 89 5c
0x00007ffda16e5af4:   24 68 b1 01 e8 03 b5 ff ff 48 8b d8 0f b6 00 84
0x00007ffda16e5b04:   c0 74 10 b2 01 48 8b cb e8 cf 66 01 00 48 8b d8
0x00007ffda16e5b14:   0f b6 00 48 89 74 24 78 84 c0 0f 85 99 00 00 00
0x00007ffda16e5b24:   4c 8b cf 48 89 6c 24 70 4c 8d 43 30 c6 44 24 20
0x00007ffda16e5b34:   01 48 8b cb 48 8d b3 f0 01 00 00 e8 ec b6 ff ff
0x00007ffda16e5b44:   48 8b 08 48 8b c1 80 e1 01 48 c1 e8 30 48 85 f6
0x00007ffda16e5b54:   75 43 4c 8b cf c6 44 24 20 01 4c 8d 43 30 48 8b
0x00007ffda16e5b64:   cb e8 c6 b6 ff ff 48 8b cb 48 8b 10 80 e2 01 48
0x00007ffda16e5b74:   8b d7 74 1a e8 d3 34 00 00 48 8b 6c 24 70 48 8b
0x00007ffda16e5b84:   74 24 78 48 8b 5c 24 68 48 83 c4 50 5f c3 e8 99
0x00007ffda16e5b94:   bf ff ff eb e4 84 c9 44 8b c8 48 8b cb 74 0d 4c
0x00007ffda16e5ba4:   8b c7 48 8b d6 e8 92 bc ff ff eb cd 4c 8b c6 48
0x00007ffda16e5bb4:   8b d7 e8 d5 bf ff ff eb c0 80 7b 03 00 75 0f 80
0x00007ffda16e5bc4:   7b 01 00 74 09 48 8d b3 f0 01 00 00 eb 02 33 f6
0x00007ffda16e5bd4:   83 3d 5d 1a 04 00 00 0f 57 c0 0f 11 44 24 38 48
0x00007ffda16e5be4:   89 7c 24 30 74 0f 4c 8d 44 24 30 48 8b d7 33 c9
0x00007ffda16e5bf4:   e8 b7 eb 00 00 41 b1 01 4c 8b c6 48 8b d7 48 8b
0x00007ffda16e5c04:   cb e8 16 fb ff ff 48 8b 74 24 78 48 8b 5c 24 68
0x00007ffda16e5c14:   48 83 c4 50 5f c3 cc cc cc cc cc cc 40 53 48 83
0x00007ffda16e5c24:   ec 20 48 8b d9 33 c9 e8 d0 b3 ff ff 48 85 c0 0f
0x00007ffda16e5c34:   84 93 00 00 00 80 38 00 0f 85 8a 00 00 00 48 8b 


Stack slot to memory mapping:
stack at sp + 0 slots: 0x0000018c44d00008 points into unknown readable memory: 0x0000004100000100 | 00 01 00 00 41 00 00 00
stack at sp + 1 slots: 0x0000000c1caff340 is pointing into the stack for thread: 0x0000018c17e99490
stack at sp + 2 slots: 0x0000018c44d001f8 points into unknown readable memory: 0x0000000000000000 | 00 00 00 00 00 00 00 00
stack at sp + 3 slots: 0x0000018c3dd2f8d0 points into unknown readable memory: 0xbe4ccccc3f800000 | 00 00 80 3f cc cc 4c be
stack at sp + 4 slots: 0x0000018c3dd2f801 points into unknown readable memory: 27 7f 3c 8c 01 00 00
stack at sp + 5 slots: 0x00007ffda16e5cee jemalloc.dll
stack at sp + 6 slots: 0x0000000c1caff578 is pointing into the stack for thread: 0x0000018c17e99490
stack at sp + 7 slots: 0x0000000c1caff528 is pointing into the stack for thread: 0x0000018c17e99490


---------------  P R O C E S S  ---------------

Threads class SMR info:
_java_thread_list=0x0000018c3dd4d140, length=16, elements={
0x0000018c17e99490, 0x0000018c3befb8c0, 0x0000018c3befc390, 0x0000018c3bf15cf0,
0x0000018c3bf189c0, 0x0000018c3bf19370, 0x0000018c3bf1b110, 0x0000018c3bf1bbb0,
0x0000018c3bf245b0, 0x0000018c3c7e1140, 0x0000018c3c8d7b00, 0x0000018c3c91db20,
0x0000018c3d2a74e0, 0x0000018c3d838a10, 0x0000018c3ddb9f40, 0x0000018c3ddba450
}

Java Threads: ( => current thread )
=>0x0000018c17e99490 JavaThread "main" [_thread_in_native, id=3836, stack(0x0000000c1ca00000,0x0000000c1cb00000)]
  0x0000018c3befb8c0 JavaThread "Reference Handler" daemon [_thread_blocked, id=25776, stack(0x0000000c1d100000,0x0000000c1d200000)]
  0x0000018c3befc390 JavaThread "Finalizer" daemon [_thread_blocked, id=3760, stack(0x0000000c1d200000,0x0000000c1d300000)]
  0x0000018c3bf15cf0 JavaThread "Signal Dispatcher" daemon [_thread_blocked, id=19720, stack(0x0000000c1d300000,0x0000000c1d400000)]
  0x0000018c3bf189c0 JavaThread "Attach Listener" daemon [_thread_blocked, id=19524, stack(0x0000000c1d400000,0x0000000c1d500000)]
  0x0000018c3bf19370 JavaThread "Service Thread" daemon [_thread_blocked, id=644, stack(0x0000000c1d500000,0x0000000c1d600000)]
  0x0000018c3bf1b110 JavaThread "C2 CompilerThread0" daemon [_thread_blocked, id=2060, stack(0x0000000c1d600000,0x0000000c1d700000)]
  0x0000018c3bf1bbb0 JavaThread "C1 CompilerThread0" daemon [_thread_blocked, id=13188, stack(0x0000000c1d700000,0x0000000c1d800000)]
  0x0000018c3bf245b0 JavaThread "Sweeper thread" daemon [_thread_blocked, id=26476, stack(0x0000000c1d800000,0x0000000c1d900000)]
  0x0000018c3c7e1140 JavaThread "C1 CompilerThread1" daemon [_thread_blocked, id=25896, stack(0x0000000c1d900000,0x0000000c1da00000)]
  0x0000018c3c8d7b00 JavaThread "Notification Thread" daemon [_thread_blocked, id=15580, stack(0x0000000c1da00000,0x0000000c1db00000)]
  0x0000018c3c91db20 JavaThread "Common-Cleaner" daemon [_thread_blocked, id=20444, stack(0x0000000c1dc00000,0x0000000c1dd00000)]
  0x0000018c3d2a74e0 JavaThread "C2 CompilerThread1" daemon [_thread_in_native, id=21240, stack(0x0000000c1dd00000,0x0000000c1de00000)]
  0x0000018c3d838a10 JavaThread "C2 CompilerThread2" daemon [_thread_blocked, id=26828, stack(0x0000000c1e500000,0x0000000c1e600000)]
  0x0000018c3ddb9f40 JavaThread "C1 CompilerThread2" daemon [_thread_blocked, id=852, stack(0x0000000c1e600000,0x0000000c1e700000)]
  0x0000018c3ddba450 JavaThread "C1 CompilerThread3" daemon [_thread_blocked, id=20752, stack(0x0000000c1e700000,0x0000000c1e800000)]

Other Threads:
  0x0000018c3befa140 VMThread "VM Thread" [stack: 0x0000000c1d000000,0x0000000c1d100000] [id=27804]
  0x0000018c3c903fe0 WatcherThread [stack: 0x0000000c1db00000,0x0000000c1dc00000] [id=1316]
  0x0000018c17eec430 GCTaskThread "GC Thread#0" [stack: 0x0000000c1cb00000,0x0000000c1cc00000] [id=8724]
  0x0000018c17efdb70 ConcurrentGCThread "G1 Main Marker" [stack: 0x0000000c1cc00000,0x0000000c1cd00000] [id=6028]
  0x0000018c17eff670 ConcurrentGCThread "G1 Conc#0" [stack: 0x0000000c1cd00000,0x0000000c1ce00000] [id=26544]
  0x0000018c17f5daa0 ConcurrentGCThread "G1 Refine#0" [stack: 0x0000000c1ce00000,0x0000000c1cf00000] [id=1572]
  0x0000018c17f5e5a0 ConcurrentGCThread "G1 Young RemSet Sampling" [stack: 0x0000000c1cf00000,0x0000000c1d000000] [id=12128]

Threads with active compile tasks:
C2 CompilerThread1      536  826   !   4       jdk.internal.loader.URLClassPath$JarLoader::getResource (354 bytes)

VM state: not at safepoint (normal execution)

VM Mutex/Monitor currently owned by a thread: None

Heap address: 0x0000000703000000, size: 4048 MB, Compressed Oops mode: Zero based, Oop shift amount: 3
CDS archive(s) mapped at: [0x0000000800000000-0x0000000800b50000-0x0000000800b50000), size 11862016, SharedBaseAddress: 0x0000000800000000, ArchiveRelocationMode: 0.
Compressed class space mapped at: 0x0000000800b50000-0x0000000840b50000, size: 1073741824
Narrow klass base: 0x0000000800000000, Narrow klass shift: 3, Narrow klass range: 0x100000000

GC Precious Log:
 CPUs: 16 total, 16 available
 Memory: 16185M
 Large Page Support: Disabled
 NUMA Support: Disabled
 Compressed Oops: Enabled (Zero based)
 Heap Region Size: 2M
 Heap Min Capacity: 8M
 Heap Initial Capacity: 254M
 Heap Max Capacity: 4048M
 Pre-touch: Disabled
 Parallel Workers: 13
 Concurrent Workers: 3
 Concurrent Refinement Workers: 13
 Periodic GC: Disabled

Heap:
 garbage-first heap   total 260096K, used 18432K [0x0000000703000000, 0x0000000800000000)
  region size 2048K, 10 young (20480K), 0 survivors (0K)
 Metaspace       used 5191K, capacity 7934K, committed 8320K, reserved 1056768K
  class space    used 256K, capacity 539K, committed 640K, reserved 1048576K

Heap Regions: E=young(eden), S=young(survivor), O=old, HS=humongous(starts), HC=humongous(continues), CS=collection set, F=free, OA=open archive, CA=closed archive, TAMS=top-at-mark-start (previous, next)
|   0|0x0000000703000000, 0x0000000703000000, 0x0000000703200000|  0%| F|  |TAMS 0x0000000703000000, 0x0000000703000000| Untracked 
|   1|0x0000000703200000, 0x0000000703200000, 0x0000000703400000|  0%| F|  |TAMS 0x0000000703200000, 0x0000000703200000| Untracked 
|   2|0x0000000703400000, 0x0000000703400000, 0x0000000703600000|  0%| F|  |TAMS 0x0000000703400000, 0x0000000703400000| Untracked 
|   3|0x0000000703600000, 0x0000000703600000, 0x0000000703800000|  0%| F|  |TAMS 0x0000000703600000, 0x0000000703600000| Untracked 
|   4|0x0000000703800000, 0x0000000703800000, 0x0000000703a00000|  0%| F|  |TAMS 0x0000000703800000, 0x0000000703800000| Untracked 
|   5|0x0000000703a00000, 0x0000000703a00000, 0x0000000703c00000|  0%| F|  |TAMS 0x0000000703a00000, 0x0000000703a00000| Untracked 
|   6|0x0000000703c00000, 0x0000000703c00000, 0x0000000703e00000|  0%| F|  |TAMS 0x0000000703c00000, 0x0000000703c00000| Untracked 
|   7|0x0000000703e00000, 0x0000000703e00000, 0x0000000704000000|  0%| F|  |TAMS 0x0000000703e00000, 0x0000000703e00000| Untracked 
|   8|0x0000000704000000, 0x0000000704000000, 0x0000000704200000|  0%| F|  |TAMS 0x0000000704000000, 0x0000000704000000| Untracked 
|   9|0x0000000704200000, 0x0000000704200000, 0x0000000704400000|  0%| F|  |TAMS 0x0000000704200000, 0x0000000704200000| Untracked 
|  10|0x0000000704400000, 0x0000000704400000, 0x0000000704600000|  0%| F|  |TAMS 0x0000000704400000, 0x0000000704400000| Untracked 
|  11|0x0000000704600000, 0x0000000704600000, 0x0000000704800000|  0%| F|  |TAMS 0x0000000704600000, 0x0000000704600000| Untracked 
|  12|0x0000000704800000, 0x0000000704800000, 0x0000000704a00000|  0%| F|  |TAMS 0x0000000704800000, 0x0000000704800000| Untracked 
|  13|0x0000000704a00000, 0x0000000704a00000, 0x0000000704c00000|  0%| F|  |TAMS 0x0000000704a00000, 0x0000000704a00000| Untracked 
|  14|0x0000000704c00000, 0x0000000704c00000, 0x0000000704e00000|  0%| F|  |TAMS 0x0000000704c00000, 0x0000000704c00000| Untracked 
|  15|0x0000000704e00000, 0x0000000704e00000, 0x0000000705000000|  0%| F|  |TAMS 0x0000000704e00000, 0x0000000704e00000| Untracked 
|  16|0x0000000705000000, 0x0000000705000000, 0x0000000705200000|  0%| F|  |TAMS 0x0000000705000000, 0x0000000705000000| Untracked 
|  17|0x0000000705200000, 0x0000000705200000, 0x0000000705400000|  0%| F|  |TAMS 0x0000000705200000, 0x0000000705200000| Untracked 
|  18|0x0000000705400000, 0x0000000705400000, 0x0000000705600000|  0%| F|  |TAMS 0x0000000705400000, 0x0000000705400000| Untracked 
|  19|0x0000000705600000, 0x0000000705600000, 0x0000000705800000|  0%| F|  |TAMS 0x0000000705600000, 0x0000000705600000| Untracked 
|  20|0x0000000705800000, 0x0000000705800000, 0x0000000705a00000|  0%| F|  |TAMS 0x0000000705800000, 0x0000000705800000| Untracked 
|  21|0x0000000705a00000, 0x0000000705a00000, 0x0000000705c00000|  0%| F|  |TAMS 0x0000000705a00000, 0x0000000705a00000| Untracked 
|  22|0x0000000705c00000, 0x0000000705c00000, 0x0000000705e00000|  0%| F|  |TAMS 0x0000000705c00000, 0x0000000705c00000| Untracked 
|  23|0x0000000705e00000, 0x0000000705e00000, 0x0000000706000000|  0%| F|  |TAMS 0x0000000705e00000, 0x0000000705e00000| Untracked 
|  24|0x0000000706000000, 0x0000000706000000, 0x0000000706200000|  0%| F|  |TAMS 0x0000000706000000, 0x0000000706000000| Untracked 
|  25|0x0000000706200000, 0x0000000706200000, 0x0000000706400000|  0%| F|  |TAMS 0x0000000706200000, 0x0000000706200000| Untracked 
|  26|0x0000000706400000, 0x0000000706400000, 0x0000000706600000|  0%| F|  |TAMS 0x0000000706400000, 0x0000000706400000| Untracked 
|  27|0x0000000706600000, 0x0000000706600000, 0x0000000706800000|  0%| F|  |TAMS 0x0000000706600000, 0x0000000706600000| Untracked 
|  28|0x0000000706800000, 0x0000000706800000, 0x0000000706a00000|  0%| F|  |TAMS 0x0000000706800000, 0x0000000706800000| Untracked 
|  29|0x0000000706a00000, 0x0000000706a00000, 0x0000000706c00000|  0%| F|  |TAMS 0x0000000706a00000, 0x0000000706a00000| Untracked 
|  30|0x0000000706c00000, 0x0000000706c00000, 0x0000000706e00000|  0%| F|  |TAMS 0x0000000706c00000, 0x0000000706c00000| Untracked 
|  31|0x0000000706e00000, 0x0000000706e00000, 0x0000000707000000|  0%| F|  |TAMS 0x0000000706e00000, 0x0000000706e00000| Untracked 
|  32|0x0000000707000000, 0x0000000707000000, 0x0000000707200000|  0%| F|  |TAMS 0x0000000707000000, 0x0000000707000000| Untracked 
|  33|0x0000000707200000, 0x0000000707200000, 0x0000000707400000|  0%| F|  |TAMS 0x0000000707200000, 0x0000000707200000| Untracked 
|  34|0x0000000707400000, 0x0000000707400000, 0x0000000707600000|  0%| F|  |TAMS 0x0000000707400000, 0x0000000707400000| Untracked 
|  35|0x0000000707600000, 0x0000000707600000, 0x0000000707800000|  0%| F|  |TAMS 0x0000000707600000, 0x0000000707600000| Untracked 
|  36|0x0000000707800000, 0x0000000707800000, 0x0000000707a00000|  0%| F|  |TAMS 0x0000000707800000, 0x0000000707800000| Untracked 
|  37|0x0000000707a00000, 0x0000000707a00000, 0x0000000707c00000|  0%| F|  |TAMS 0x0000000707a00000, 0x0000000707a00000| Untracked 
|  38|0x0000000707c00000, 0x0000000707c00000, 0x0000000707e00000|  0%| F|  |TAMS 0x0000000707c00000, 0x0000000707c00000| Untracked 
|  39|0x0000000707e00000, 0x0000000707e00000, 0x0000000708000000|  0%| F|  |TAMS 0x0000000707e00000, 0x0000000707e00000| Untracked 
|  40|0x0000000708000000, 0x0000000708000000, 0x0000000708200000|  0%| F|  |TAMS 0x0000000708000000, 0x0000000708000000| Untracked 
|  41|0x0000000708200000, 0x0000000708200000, 0x0000000708400000|  0%| F|  |TAMS 0x0000000708200000, 0x0000000708200000| Untracked 
|  42|0x0000000708400000, 0x0000000708400000, 0x0000000708600000|  0%| F|  |TAMS 0x0000000708400000, 0x0000000708400000| Untracked 
|  43|0x0000000708600000, 0x0000000708600000, 0x0000000708800000|  0%| F|  |TAMS 0x0000000708600000, 0x0000000708600000| Untracked 
|  44|0x0000000708800000, 0x0000000708800000, 0x0000000708a00000|  0%| F|  |TAMS 0x0000000708800000, 0x0000000708800000| Untracked 
|  45|0x0000000708a00000, 0x0000000708a00000, 0x0000000708c00000|  0%| F|  |TAMS 0x0000000708a00000, 0x0000000708a00000| Untracked 
|  46|0x0000000708c00000, 0x0000000708c00000, 0x0000000708e00000|  0%| F|  |TAMS 0x0000000708c00000, 0x0000000708c00000| Untracked 
|  47|0x0000000708e00000, 0x0000000708e00000, 0x0000000709000000|  0%| F|  |TAMS 0x0000000708e00000, 0x0000000708e00000| Untracked 
|  48|0x0000000709000000, 0x0000000709000000, 0x0000000709200000|  0%| F|  |TAMS 0x0000000709000000, 0x0000000709000000| Untracked 
|  49|0x0000000709200000, 0x0000000709200000, 0x0000000709400000|  0%| F|  |TAMS 0x0000000709200000, 0x0000000709200000| Untracked 
|  50|0x0000000709400000, 0x0000000709400000, 0x0000000709600000|  0%| F|  |TAMS 0x0000000709400000, 0x0000000709400000| Untracked 
|  51|0x0000000709600000, 0x0000000709600000, 0x0000000709800000|  0%| F|  |TAMS 0x0000000709600000, 0x0000000709600000| Untracked 
|  52|0x0000000709800000, 0x0000000709800000, 0x0000000709a00000|  0%| F|  |TAMS 0x0000000709800000, 0x0000000709800000| Untracked 
|  53|0x0000000709a00000, 0x0000000709a00000, 0x0000000709c00000|  0%| F|  |TAMS 0x0000000709a00000, 0x0000000709a00000| Untracked 
|  54|0x0000000709c00000, 0x0000000709c00000, 0x0000000709e00000|  0%| F|  |TAMS 0x0000000709c00000, 0x0000000709c00000| Untracked 
|  55|0x0000000709e00000, 0x0000000709e00000, 0x000000070a000000|  0%| F|  |TAMS 0x0000000709e00000, 0x0000000709e00000| Untracked 
|  56|0x000000070a000000, 0x000000070a000000, 0x000000070a200000|  0%| F|  |TAMS 0x000000070a000000, 0x000000070a000000| Untracked 
|  57|0x000000070a200000, 0x000000070a200000, 0x000000070a400000|  0%| F|  |TAMS 0x000000070a200000, 0x000000070a200000| Untracked 
|  58|0x000000070a400000, 0x000000070a400000, 0x000000070a600000|  0%| F|  |TAMS 0x000000070a400000, 0x000000070a400000| Untracked 
|  59|0x000000070a600000, 0x000000070a600000, 0x000000070a800000|  0%| F|  |TAMS 0x000000070a600000, 0x000000070a600000| Untracked 
|  60|0x000000070a800000, 0x000000070a800000, 0x000000070aa00000|  0%| F|  |TAMS 0x000000070a800000, 0x000000070a800000| Untracked 
|  61|0x000000070aa00000, 0x000000070aa00000, 0x000000070ac00000|  0%| F|  |TAMS 0x000000070aa00000, 0x000000070aa00000| Untracked 
|  62|0x000000070ac00000, 0x000000070ac00000, 0x000000070ae00000|  0%| F|  |TAMS 0x000000070ac00000, 0x000000070ac00000| Untracked 
|  63|0x000000070ae00000, 0x000000070ae00000, 0x000000070b000000|  0%| F|  |TAMS 0x000000070ae00000, 0x000000070ae00000| Untracked 
|  64|0x000000070b000000, 0x000000070b000000, 0x000000070b200000|  0%| F|  |TAMS 0x000000070b000000, 0x000000070b000000| Untracked 
|  65|0x000000070b200000, 0x000000070b200000, 0x000000070b400000|  0%| F|  |TAMS 0x000000070b200000, 0x000000070b200000| Untracked 
|  66|0x000000070b400000, 0x000000070b400000, 0x000000070b600000|  0%| F|  |TAMS 0x000000070b400000, 0x000000070b400000| Untracked 
|  67|0x000000070b600000, 0x000000070b600000, 0x000000070b800000|  0%| F|  |TAMS 0x000000070b600000, 0x000000070b600000| Untracked 
|  68|0x000000070b800000, 0x000000070b800000, 0x000000070ba00000|  0%| F|  |TAMS 0x000000070b800000, 0x000000070b800000| Untracked 
|  69|0x000000070ba00000, 0x000000070ba00000, 0x000000070bc00000|  0%| F|  |TAMS 0x000000070ba00000, 0x000000070ba00000| Untracked 
|  70|0x000000070bc00000, 0x000000070bc00000, 0x000000070be00000|  0%| F|  |TAMS 0x000000070bc00000, 0x000000070bc00000| Untracked 
|  71|0x000000070be00000, 0x000000070be00000, 0x000000070c000000|  0%| F|  |TAMS 0x000000070be00000, 0x000000070be00000| Untracked 
|  72|0x000000070c000000, 0x000000070c000000, 0x000000070c200000|  0%| F|  |TAMS 0x000000070c000000, 0x000000070c000000| Untracked 
|  73|0x000000070c200000, 0x000000070c200000, 0x000000070c400000|  0%| F|  |TAMS 0x000000070c200000, 0x000000070c200000| Untracked 
|  74|0x000000070c400000, 0x000000070c400000, 0x000000070c600000|  0%| F|  |TAMS 0x000000070c400000, 0x000000070c400000| Untracked 
|  75|0x000000070c600000, 0x000000070c600000, 0x000000070c800000|  0%| F|  |TAMS 0x000000070c600000, 0x000000070c600000| Untracked 
|  76|0x000000070c800000, 0x000000070c800000, 0x000000070ca00000|  0%| F|  |TAMS 0x000000070c800000, 0x000000070c800000| Untracked 
|  77|0x000000070ca00000, 0x000000070ca00000, 0x000000070cc00000|  0%| F|  |TAMS 0x000000070ca00000, 0x000000070ca00000| Untracked 
|  78|0x000000070cc00000, 0x000000070cc00000, 0x000000070ce00000|  0%| F|  |TAMS 0x000000070cc00000, 0x000000070cc00000| Untracked 
|  79|0x000000070ce00000, 0x000000070ce00000, 0x000000070d000000|  0%| F|  |TAMS 0x000000070ce00000, 0x000000070ce00000| Untracked 
|  80|0x000000070d000000, 0x000000070d000000, 0x000000070d200000|  0%| F|  |TAMS 0x000000070d000000, 0x000000070d000000| Untracked 
|  81|0x000000070d200000, 0x000000070d200000, 0x000000070d400000|  0%| F|  |TAMS 0x000000070d200000, 0x000000070d200000| Untracked 
|  82|0x000000070d400000, 0x000000070d400000, 0x000000070d600000|  0%| F|  |TAMS 0x000000070d400000, 0x000000070d400000| Untracked 
|  83|0x000000070d600000, 0x000000070d600000, 0x000000070d800000|  0%| F|  |TAMS 0x000000070d600000, 0x000000070d600000| Untracked 
|  84|0x000000070d800000, 0x000000070d800000, 0x000000070da00000|  0%| F|  |TAMS 0x000000070d800000, 0x000000070d800000| Untracked 
|  85|0x000000070da00000, 0x000000070da00000, 0x000000070dc00000|  0%| F|  |TAMS 0x000000070da00000, 0x000000070da00000| Untracked 
|  86|0x000000070dc00000, 0x000000070dc00000, 0x000000070de00000|  0%| F|  |TAMS 0x000000070dc00000, 0x000000070dc00000| Untracked 
|  87|0x000000070de00000, 0x000000070de00000, 0x000000070e000000|  0%| F|  |TAMS 0x000000070de00000, 0x000000070de00000| Untracked 
|  88|0x000000070e000000, 0x000000070e000000, 0x000000070e200000|  0%| F|  |TAMS 0x000000070e000000, 0x000000070e000000| Untracked 
|  89|0x000000070e200000, 0x000000070e200000, 0x000000070e400000|  0%| F|  |TAMS 0x000000070e200000, 0x000000070e200000| Untracked 
|  90|0x000000070e400000, 0x000000070e400000, 0x000000070e600000|  0%| F|  |TAMS 0x000000070e400000, 0x000000070e400000| Untracked 
|  91|0x000000070e600000, 0x000000070e600000, 0x000000070e800000|  0%| F|  |TAMS 0x000000070e600000, 0x000000070e600000| Untracked 
|  92|0x000000070e800000, 0x000000070e800000, 0x000000070ea00000|  0%| F|  |TAMS 0x000000070e800000, 0x000000070e800000| Untracked 
|  93|0x000000070ea00000, 0x000000070ea00000, 0x000000070ec00000|  0%| F|  |TAMS 0x000000070ea00000, 0x000000070ea00000| Untracked 
|  94|0x000000070ec00000, 0x000000070ec00000, 0x000000070ee00000|  0%| F|  |TAMS 0x000000070ec00000, 0x000000070ec00000| Untracked 
|  95|0x000000070ee00000, 0x000000070ee00000, 0x000000070f000000|  0%| F|  |TAMS 0x000000070ee00000, 0x000000070ee00000| Untracked 
|  96|0x000000070f000000, 0x000000070f000000, 0x000000070f200000|  0%| F|  |TAMS 0x000000070f000000, 0x000000070f000000| Untracked 
|  97|0x000000070f200000, 0x000000070f200000, 0x000000070f400000|  0%| F|  |TAMS 0x000000070f200000, 0x000000070f200000| Untracked 
|  98|0x000000070f400000, 0x000000070f400000, 0x000000070f600000|  0%| F|  |TAMS 0x000000070f400000, 0x000000070f400000| Untracked 
|  99|0x000000070f600000, 0x000000070f600000, 0x000000070f800000|  0%| F|  |TAMS 0x000000070f600000, 0x000000070f600000| Untracked 
| 100|0x000000070f800000, 0x000000070f800000, 0x000000070fa00000|  0%| F|  |TAMS 0x000000070f800000, 0x000000070f800000| Untracked 
| 101|0x000000070fa00000, 0x000000070fa00000, 0x000000070fc00000|  0%| F|  |TAMS 0x000000070fa00000, 0x000000070fa00000| Untracked 
| 102|0x000000070fc00000, 0x000000070fc00000, 0x000000070fe00000|  0%| F|  |TAMS 0x000000070fc00000, 0x000000070fc00000| Untracked 
| 103|0x000000070fe00000, 0x000000070fe00000, 0x0000000710000000|  0%| F|  |TAMS 0x000000070fe00000, 0x000000070fe00000| Untracked 
| 104|0x0000000710000000, 0x0000000710000000, 0x0000000710200000|  0%| F|  |TAMS 0x0000000710000000, 0x0000000710000000| Untracked 
| 105|0x0000000710200000, 0x0000000710200000, 0x0000000710400000|  0%| F|  |TAMS 0x0000000710200000, 0x0000000710200000| Untracked 
| 106|0x0000000710400000, 0x0000000710400000, 0x0000000710600000|  0%| F|  |TAMS 0x0000000710400000, 0x0000000710400000| Untracked 
| 107|0x0000000710600000, 0x0000000710600000, 0x0000000710800000|  0%| F|  |TAMS 0x0000000710600000, 0x0000000710600000| Untracked 
| 108|0x0000000710800000, 0x0000000710800000, 0x0000000710a00000|  0%| F|  |TAMS 0x0000000710800000, 0x0000000710800000| Untracked 
| 109|0x0000000710a00000, 0x0000000710a00000, 0x0000000710c00000|  0%| F|  |TAMS 0x0000000710a00000, 0x0000000710a00000| Untracked 
| 110|0x0000000710c00000, 0x0000000710c00000, 0x0000000710e00000|  0%| F|  |TAMS 0x0000000710c00000, 0x0000000710c00000| Untracked 
| 111|0x0000000710e00000, 0x0000000710e00000, 0x0000000711000000|  0%| F|  |TAMS 0x0000000710e00000, 0x0000000710e00000| Untracked 
| 112|0x0000000711000000, 0x0000000711000000, 0x0000000711200000|  0%| F|  |TAMS 0x0000000711000000, 0x0000000711000000| Untracked 
| 113|0x0000000711200000, 0x0000000711200000, 0x0000000711400000|  0%| F|  |TAMS 0x0000000711200000, 0x0000000711200000| Untracked 
| 114|0x0000000711400000, 0x0000000711400000, 0x0000000711600000|  0%| F|  |TAMS 0x0000000711400000, 0x0000000711400000| Untracked 
| 115|0x0000000711600000, 0x0000000711600000, 0x0000000711800000|  0%| F|  |TAMS 0x0000000711600000, 0x0000000711600000| Untracked 
| 116|0x0000000711800000, 0x0000000711800000, 0x0000000711a00000|  0%| F|  |TAMS 0x0000000711800000, 0x0000000711800000| Untracked 
| 117|0x0000000711a00000, 0x0000000711c00000, 0x0000000711c00000|100%| E|  |TAMS 0x0000000711a00000, 0x0000000711a00000| Complete 
| 118|0x0000000711c00000, 0x0000000711e00000, 0x0000000711e00000|100%| E|CS|TAMS 0x0000000711c00000, 0x0000000711c00000| Complete 
| 119|0x0000000711e00000, 0x0000000712000000, 0x0000000712000000|100%| E|CS|TAMS 0x0000000711e00000, 0x0000000711e00000| Complete 
| 120|0x0000000712000000, 0x0000000712200000, 0x0000000712200000|100%| E|CS|TAMS 0x0000000712000000, 0x0000000712000000| Complete 
| 121|0x0000000712200000, 0x0000000712400000, 0x0000000712400000|100%| E|CS|TAMS 0x0000000712200000, 0x0000000712200000| Complete 
| 122|0x0000000712400000, 0x0000000712600000, 0x0000000712600000|100%| E|CS|TAMS 0x0000000712400000, 0x0000000712400000| Complete 
| 123|0x0000000712600000, 0x0000000712800000, 0x0000000712800000|100%| E|CS|TAMS 0x0000000712600000, 0x0000000712600000| Complete 
| 124|0x0000000712800000, 0x0000000712a00000, 0x0000000712a00000|100%| E|CS|TAMS 0x0000000712800000, 0x0000000712800000| Complete 
| 125|0x0000000712a00000, 0x0000000712c00000, 0x0000000712c00000|100%| E|CS|TAMS 0x0000000712a00000, 0x0000000712a00000| Complete 
| 126|0x0000000712c00000, 0x0000000712e00000, 0x0000000712e00000|100%| E|CS|TAMS 0x0000000712c00000, 0x0000000712c00000| Complete 

Card table byte_map: [0x0000018c30130000,0x0000018c30920000] _byte_map_base: 0x0000018c2c918000

Marking Bits (Prev, Next): (CMBitMap*) 0x0000018c17eecba0, (CMBitMap*) 0x0000018c17eecbe0
 Prev Bits: [0x0000018c31110000, 0x0000018c35050000)
 Next Bits: [0x0000018c35050000, 0x0000018c38f90000)

Polling page: 0x0000018c15e80000

Metaspace:

Usage:
  Non-class:      7.22 MB capacity,     4.82 MB ( 67%) used,     2.40 MB ( 33%) free+waste,     5.62 KB ( <1%) overhead. 
      Class:    539.00 KB capacity,   256.23 KB ( 48%) used,   281.02 KB ( 52%) free+waste,     1.75 KB ( <1%) overhead. 
       Both:      7.75 MB capacity,     5.07 MB ( 65%) used,     2.67 MB ( 34%) free+waste,     7.38 KB ( <1%) overhead. 

Virtual space:
  Non-class space:        8.00 MB reserved,       7.50 MB ( 94%) committed 
      Class space:        1.00 GB reserved,     640.00 KB ( <1%) committed 
             Both:        1.01 GB reserved,       8.12 MB ( <1%) committed 

Chunk freelists:
   Non-Class:  93.00 KB
       Class:  5.00 KB
        Both:  98.00 KB

MaxMetaspaceSize: 17179869184.00 GB
CompressedClassSpaceSize: 1.00 GB

CodeHeap 'non-profiled nmethods': size=119168Kb used=347Kb max_used=347Kb free=118821Kb
 bounds [0x0000018c27c60000, 0x0000018c27ed0000, 0x0000018c2f0c0000]
CodeHeap 'profiled nmethods': size=119104Kb used=1476Kb max_used=1476Kb free=117627Kb
 bounds [0x0000018c20810000, 0x0000018c20a80000, 0x0000018c27c60000]
CodeHeap 'non-nmethods': size=7488Kb used=3249Kb max_used=3269Kb free=4238Kb
 bounds [0x0000018c200c0000, 0x0000018c20400000, 0x0000018c20810000]
 total_blobs=1788 nmethods=848 adapters=850
 compilation: enabled
              stopped_count=0, restarted_count=0
 full_count=0

Compilation events (20 events):
Event: 0.466 Thread 0x0000018c3ddb9f40  838       3       java.lang.invoke.MemberName::getMethodOrFieldType (72 bytes)
Event: 0.466 Thread 0x0000018c3bf1bbb0  839       1       java.lang.invoke.MethodTypeForm::basicType (5 bytes)
Event: 0.466 Thread 0x0000018c3bf1bbb0 nmethod 839 0x0000018c27ca8710 code [0x0000018c27ca88a0, 0x0000018c27ca8958]
Event: 0.467 Thread 0x0000018c3ddb9f40 nmethod 838 0x0000018c2097cd90 code [0x0000018c2097d0c0, 0x0000018c2097df68]
Event: 0.468 Thread 0x0000018c3ddb9f40  842       3       jdk.internal.math.FDBigInteger::mult (64 bytes)
Event: 0.468 Thread 0x0000018c3c7e1140  843       3       jdk.internal.math.FDBigInteger::<init> (30 bytes)
Event: 0.468 Thread 0x0000018c3ddba450  844       3       jdk.internal.math.FDBigInteger::trimLeadingZeros (57 bytes)
Event: 0.468 Thread 0x0000018c3bf1bbb0  845       3       jdk.internal.math.FDBigInteger::makeImmutable (6 bytes)
Event: 0.468 Thread 0x0000018c3bf1bbb0 nmethod 845 0x0000018c2097e490 code [0x0000018c2097e620, 0x0000018c2097e718]
Event: 0.468 Thread 0x0000018c3bf1bbb0  846       3       jdk.internal.math.FDBigInteger::mult (44 bytes)
Event: 0.468 Thread 0x0000018c3c7e1140 nmethod 843 0x0000018c2097e790 code [0x0000018c2097e940, 0x0000018c2097eb48]
Event: 0.469 Thread 0x0000018c3ddb9f40 nmethod 842 0x0000018c2097ec90 code [0x0000018c2097ee40, 0x0000018c2097f0b8]
Event: 0.469 Thread 0x0000018c3ddba450 nmethod 844 0x0000018c2097f290 code [0x0000018c2097f440, 0x0000018c2097f738]
Event: 0.469 Thread 0x0000018c3bf1bbb0 nmethod 846 0x0000018c2097f890 code [0x0000018c2097fa60, 0x0000018c2097fe78]
Event: 0.474 Thread 0x0000018c3bf1bbb0  848       3       sun.nio.cs.SingleByte$Decoder::decode (11 bytes)
Event: 0.474 Thread 0x0000018c3bf1bbb0 nmethod 848 0x0000018c20980010 code [0x0000018c209801a0, 0x0000018c209802d8]
Event: 0.476 Thread 0x0000018c3ddb9f40  849   !   3       jdk.internal.loader.URLClassPath$JarLoader$1::run (175 bytes)
Event: 0.477 Thread 0x0000018c3ddb9f40 nmethod 849 0x0000018c20980390 code [0x0000018c209805c0, 0x0000018c20980e38]
Event: 0.487 Thread 0x0000018c3bf1b110 nmethod 728 0x0000018c27ca8f10 code [0x0000018c27ca93a0, 0x0000018c27cac6d0]
Event: 0.487 Thread 0x0000018c3bf1b110  837       4       java.io.WinNTFileSystem::normalize (143 bytes)

GC Heap History (0 events):
No events

Deoptimization events (20 events):
Event: 0.169 Thread 0x0000018c17e99490 DEOPT PACKING pc=0x0000018c208fbddf sp=0x0000000c1caf8ed0
Event: 0.169 Thread 0x0000018c17e99490 DEOPT UNPACKING pc=0x0000018c2010e23f sp=0x0000000c1caf8320 mode 0
Event: 0.178 Thread 0x0000018c17e99490 DEOPT PACKING pc=0x0000018c208fbddf sp=0x0000000c1cafc600
Event: 0.178 Thread 0x0000018c17e99490 DEOPT UNPACKING pc=0x0000018c2010e23f sp=0x0000000c1cafba50 mode 0
Event: 0.178 Thread 0x0000018c17e99490 DEOPT PACKING pc=0x0000018c2085d3e6 sp=0x0000000c1cafc540
Event: 0.178 Thread 0x0000018c17e99490 DEOPT UNPACKING pc=0x0000018c2010e23f sp=0x0000000c1cafba00 mode 0
Event: 0.179 Thread 0x0000018c17e99490 DEOPT PACKING pc=0x0000018c208749b3 sp=0x0000000c1cafc470
Event: 0.179 Thread 0x0000018c17e99490 DEOPT UNPACKING pc=0x0000018c2010e23f sp=0x0000000c1cafb990 mode 0
Event: 0.180 Thread 0x0000018c17e99490 DEOPT PACKING pc=0x0000018c208fbddf sp=0x0000000c1cafc9d0
Event: 0.180 Thread 0x0000018c17e99490 DEOPT UNPACKING pc=0x0000018c2010e23f sp=0x0000000c1cafbe20 mode 0
Event: 0.340 Thread 0x0000018c17e99490 DEOPT PACKING pc=0x0000018c208fbddf sp=0x0000000c1cafdd50
Event: 0.340 Thread 0x0000018c17e99490 DEOPT UNPACKING pc=0x0000018c2010e23f sp=0x0000000c1cafd1a0 mode 0
Event: 0.363 Thread 0x0000018c17e99490 DEOPT PACKING pc=0x0000018c208fbddf sp=0x0000000c1caf9830
Event: 0.363 Thread 0x0000018c17e99490 DEOPT UNPACKING pc=0x0000018c2010e23f sp=0x0000000c1caf8c80 mode 0
Event: 0.399 Thread 0x0000018c17e99490 DEOPT PACKING pc=0x0000018c208fbddf sp=0x0000000c1cafde30
Event: 0.399 Thread 0x0000018c17e99490 DEOPT UNPACKING pc=0x0000018c2010e23f sp=0x0000000c1cafd280 mode 0
Event: 0.445 Thread 0x0000018c17e99490 Uncommon trap: trap_request=0xffffff54 fr.pc=0x0000018c27c98ee0 relative=0x0000000000000060
Event: 0.445 Thread 0x0000018c17e99490 Uncommon trap: reason=speculate_null_assert action=make_not_entrant pc=0x0000018c27c98ee0 method=sun.misc.Unsafe.putLong(Ljava/lang/Object;JJ)V @ 7 c2
Event: 0.445 Thread 0x0000018c17e99490 DEOPT PACKING pc=0x0000018c27c98ee0 sp=0x0000000c1caff150
Event: 0.445 Thread 0x0000018c17e99490 DEOPT UNPACKING pc=0x0000018c2010e42f sp=0x0000000c1caff0c8 mode 2

Classes unloaded (0 events):
No events

Classes redefined (0 events):
No events

Internal exceptions (18 events):
Event: 0.123 Thread 0x0000018c17e99490 Exception <a 'java/lang/NoSuchMethodError'{0x00000007126e8408}: 'void java.lang.invoke.DirectMethodHandle$Holder.invokeStatic(java.lang.Object, java.lang.Object)'> (0x00000007126e8408) 
thrown [./open/src/hotspot/share/interpreter/linkResolver.cpp, line 782]
Event: 0.124 Thread 0x0000018c17e99490 Exception <a 'java/lang/NoSuchMethodError'{0x00000007126edf00}: 'void java.lang.invoke.DirectMethodHandle$Holder.invokeSpecial(java.lang.Object, java.lang.Object, java.lang.Object)'> (0x00000007126edf00) 
thrown [./open/src/hotspot/share/interpreter/linkResolver.cpp, line 782]
Event: 0.126 Thread 0x0000018c17e99490 Exception <a 'java/lang/NoSuchMethodError'{0x0000000712702b70}: 'java.lang.Object java.lang.invoke.DirectMethodHandle$Holder.invokeStatic(java.lang.Object, java.lang.Object, int)'> (0x0000000712702b70) 
thrown [./open/src/hotspot/share/interpreter/linkResolver.cpp, line 782]
Event: 0.127 Thread 0x0000018c17e99490 Exception <a 'java/lang/NoSuchMethodError'{0x000000071270ecb8}: 'void java.lang.invoke.DelegatingMethodHandle$Holder.delegate(java.lang.Object, java.lang.Object, int, java.lang.Object)'> (0x000000071270ecb8) 
thrown [./open/src/hotspot/share/interpreter/linkResolver.cpp, line 782]
Event: 0.127 Thread 0x0000018c17e99490 Exception <a 'java/lang/NoSuchMethodError'{0x0000000712713000}: 'int java.lang.invoke.DirectMethodHandle$Holder.invokeSpecial(java.lang.Object, java.lang.Object, java.lang.Object)'> (0x0000000712713000) 
thrown [./open/src/hotspot/share/interpreter/linkResolver.cpp, line 782]
Event: 0.160 Thread 0x0000018c17e99490 Exception <a 'sun/nio/fs/WindowsException'{0x00000007124701d0}> (0x00000007124701d0) 
thrown [./open/src/hotspot/share/prims/jni.cpp, line 578]
Event: 0.160 Thread 0x0000018c17e99490 Exception <a 'sun/nio/fs/WindowsException'{0x0000000712470728}> (0x0000000712470728) 
thrown [./open/src/hotspot/share/prims/jni.cpp, line 578]
Event: 0.166 Thread 0x0000018c17e99490 Exception <a 'sun/nio/fs/WindowsException'{0x0000000712497940}> (0x0000000712497940) 
thrown [./open/src/hotspot/share/prims/jni.cpp, line 578]
Event: 0.166 Thread 0x0000018c17e99490 Exception <a 'sun/nio/fs/WindowsException'{0x0000000712497cb0}> (0x0000000712497cb0) 
thrown [./open/src/hotspot/share/prims/jni.cpp, line 578]
Event: 0.170 Thread 0x0000018c17e99490 Exception <a 'java/lang/NoSuchMethodError'{0x00000007125000d0}: 'java.lang.Object java.lang.invoke.DirectMethodHandle$Holder.invokeStatic(java.lang.Object)'> (0x00000007125000d0) 
thrown [./open/src/hotspot/share/interpreter/linkResolver.cpp, line 782]
Event: 0.170 Thread 0x0000018c17e99490 Exception <a 'java/lang/NoSuchMethodError'{0x0000000712503740}: 'java.lang.Object java.lang.invoke.DirectMethodHandle$Holder.invokeStaticInit(java.lang.Object)'> (0x0000000712503740) 
thrown [./open/src/hotspot/share/interpreter/linkResolver.cpp, line 782]
Event: 0.338 Thread 0x0000018c17e99490 Exception <a 'sun/nio/fs/WindowsException'{0x000000071224a048}> (0x000000071224a048) 
thrown [./open/src/hotspot/share/prims/jni.cpp, line 578]
Event: 0.338 Thread 0x0000018c17e99490 Exception <a 'sun/nio/fs/WindowsException'{0x000000071224a3f8}> (0x000000071224a3f8) 
thrown [./open/src/hotspot/share/prims/jni.cpp, line 578]
Event: 0.340 Thread 0x0000018c17e99490 Exception <a 'sun/nio/fs/WindowsException'{0x0000000712263628}> (0x0000000712263628) 
thrown [./open/src/hotspot/share/prims/jni.cpp, line 578]
Event: 0.341 Thread 0x0000018c17e99490 Exception <a 'sun/nio/fs/WindowsException'{0x0000000712263910}> (0x0000000712263910) 
thrown [./open/src/hotspot/share/prims/jni.cpp, line 578]
Event: 0.369 Thread 0x0000018c17e99490 Exception <a 'sun/nio/fs/WindowsException'{0x000000071201c800}> (0x000000071201c800) 
thrown [./open/src/hotspot/share/prims/jni.cpp, line 578]
Event: 0.369 Thread 0x0000018c17e99490 Exception <a 'sun/nio/fs/WindowsException'{0x000000071201cba0}> (0x000000071201cba0) 
thrown [./open/src/hotspot/share/prims/jni.cpp, line 578]
Event: 0.458 Thread 0x0000018c17e99490 Exception <a 'java/lang/NoSuchMethodError'{0x0000000711a4c6e0}: 'void java.lang.invoke.DirectMethodHandle$Holder.invokeStatic(java.lang.Object, long, int, int)'> (0x0000000711a4c6e0) 
thrown [./open/src/hotspot/share/interpreter/linkResolver.cpp, line 782]

Events (20 events):
Event: 0.467 loading class java/util/stream/Nodes$EmptyNode$OfLong
Event: 0.467 loading class java/util/stream/Node$OfLong
Event: 0.467 loading class java/util/stream/Node$OfLong done
Event: 0.467 loading class java/util/stream/Nodes$EmptyNode$OfLong done
Event: 0.467 loading class java/util/stream/Nodes$EmptyNode$OfDouble
Event: 0.467 loading class java/util/stream/Node$OfDouble
Event: 0.467 loading class java/util/stream/Node$OfDouble done
Event: 0.467 loading class java/util/stream/Nodes$EmptyNode$OfDouble done
Event: 0.467 loading class java/util/stream/Nodes$FixedNodeBuilder
Event: 0.467 loading class java/util/stream/Node$Builder
Event: 0.467 loading class java/util/stream/Node$Builder done
Event: 0.467 loading class java/util/stream/Nodes$ArrayNode
Event: 0.467 loading class java/util/stream/Nodes$ArrayNode done
Event: 0.467 loading class java/util/stream/Nodes$FixedNodeBuilder done
Event: 0.468 loading class jdk/internal/math/FloatingDecimal$ASCIIToBinaryBuffer
Event: 0.468 loading class jdk/internal/math/FloatingDecimal$ASCIIToBinaryBuffer done
Event: 0.468 loading class jdk/internal/math/FDBigInteger
Event: 0.468 loading class jdk/internal/math/FDBigInteger done
Event: 0.474 loading class java/io/FileReader
Event: 0.474 loading class java/io/FileReader done


Dynamic libraries:
0x00007ff66c250000 - 0x00007ff66c25f000 	C:\Program Files\Java\jdk-15.0.2\bin\java.exe
0x00007ffdcdc10000 - 0x00007ffdcde05000 	C:\WINDOWS\SYSTEM32\ntdll.dll
0x00007ffd9d8d0000 - 0x00007ffd9d8e3000 	C:\Program Files\Avast Software\Avast\aswhook.dll
0x00007ffdcd920000 - 0x00007ffdcd9dd000 	C:\WINDOWS\System32\KERNEL32.DLL
0x00007ffdcb900000 - 0x00007ffdcbbc8000 	C:\WINDOWS\System32\KERNELBASE.dll
0x00007ffdcb570000 - 0x00007ffdcb670000 	C:\WINDOWS\System32\ucrtbase.dll
0x00007ffdc47d0000 - 0x00007ffdc47e8000 	C:\Program Files\Java\jdk-15.0.2\bin\jli.dll
0x00007ffdc5880000 - 0x00007ffdc5899000 	C:\Program Files\Java\jdk-15.0.2\bin\VCRUNTIME140.dll
0x00007ffdcd0a0000 - 0x00007ffdcd14c000 	C:\WINDOWS\System32\ADVAPI32.dll
0x00007ffdcd600000 - 0x00007ffdcd69e000 	C:\WINDOWS\System32\msvcrt.dll
0x00007ffdcda10000 - 0x00007ffdcdaab000 	C:\WINDOWS\System32\sechost.dll
0x00007ffdcc150000 - 0x00007ffdcc27b000 	C:\WINDOWS\System32\RPCRT4.dll
0x00007ffdcbc70000 - 0x00007ffdcbe10000 	C:\WINDOWS\System32\USER32.dll
0x00007ffdcb430000 - 0x00007ffdcb452000 	C:\WINDOWS\System32\win32u.dll
0x00007ffdb7ed0000 - 0x00007ffdb816a000 	C:\WINDOWS\WinSxS\amd64_microsoft.windows.common-controls_6595b64144ccf1df_6.0.19041.844_none_ca00b6081b84eb1d\COMCTL32.dll
0x00007ffdccdf0000 - 0x00007ffdcce1a000 	C:\WINDOWS\System32\GDI32.dll
0x00007ffdcb460000 - 0x00007ffdcb56b000 	C:\WINDOWS\System32\gdi32full.dll
0x00007ffdcbbd0000 - 0x00007ffdcbc6d000 	C:\WINDOWS\System32\msvcp_win.dll
0x00007ffdc46d0000 - 0x00007ffdc46da000 	C:\WINDOWS\SYSTEM32\VERSION.dll
0x00007ffdcd9e0000 - 0x00007ffdcda10000 	C:\WINDOWS\System32\IMM32.DLL
0x00007ffdc5620000 - 0x00007ffdc562c000 	C:\Program Files\Java\jdk-15.0.2\bin\vcruntime140_1.dll
0x00007ffdaf6c0000 - 0x00007ffdaf751000 	C:\Program Files\Java\jdk-15.0.2\bin\msvcp140.dll
0x00007ffd3e510000 - 0x00007ffd3f06e000 	C:\Program Files\Java\jdk-15.0.2\bin\server\jvm.dll
0x00007ffdcd910000 - 0x00007ffdcd918000 	C:\WINDOWS\System32\PSAPI.DLL
0x00007ffdb67d0000 - 0x00007ffdb67f7000 	C:\WINDOWS\SYSTEM32\WINMM.dll
0x00007ffdb4450000 - 0x00007ffdb4459000 	C:\WINDOWS\SYSTEM32\WSOCK32.dll
0x00007ffdcdb60000 - 0x00007ffdcdbcb000 	C:\WINDOWS\System32\WS2_32.dll
0x00007ffdc9c20000 - 0x00007ffdc9c32000 	C:\WINDOWS\SYSTEM32\kernel.appcore.dll
0x00007ffdc48a0000 - 0x00007ffdc48aa000 	C:\Program Files\Java\jdk-15.0.2\bin\jimage.dll
0x00007ffdc90e0000 - 0x00007ffdc92c4000 	C:\WINDOWS\SYSTEM32\DBGHELP.DLL
0x00007ffdbd380000 - 0x00007ffdbd3ac000 	C:\WINDOWS\SYSTEM32\dbgcore.DLL
0x00007ffdcb350000 - 0x00007ffdcb3d0000 	C:\WINDOWS\System32\bcryptPrimitives.dll
0x00007ffdafcd0000 - 0x00007ffdafcf5000 	C:\Program Files\Java\jdk-15.0.2\bin\java.dll
0x00007ffdcc5e0000 - 0x00007ffdccd22000 	C:\WINDOWS\System32\SHELL32.dll
0x00007ffdc9470000 - 0x00007ffdc9c01000 	C:\WINDOWS\SYSTEM32\windows.storage.dll
0x00007ffdcc280000 - 0x00007ffdcc5d5000 	C:\WINDOWS\System32\combase.dll
0x00007ffdcadc0000 - 0x00007ffdcadec000 	C:\WINDOWS\SYSTEM32\Wldp.dll
0x00007ffdcc0a0000 - 0x00007ffdcc14e000 	C:\WINDOWS\System32\SHCORE.dll
0x00007ffdcd700000 - 0x00007ffdcd755000 	C:\WINDOWS\System32\shlwapi.dll
0x00007ffdcb290000 - 0x00007ffdcb2af000 	C:\WINDOWS\SYSTEM32\profapi.dll
0x00007ffdc47a0000 - 0x00007ffdc47b9000 	C:\Program Files\Java\jdk-15.0.2\bin\net.dll
0x00007ffdb9730000 - 0x00007ffdb983b000 	C:\WINDOWS\SYSTEM32\WINHTTP.dll
0x00007ffdcab30000 - 0x00007ffdcab9a000 	C:\WINDOWS\system32\mswsock.dll
0x00007ffdb6460000 - 0x00007ffdb6472000 	C:\Program Files\Java\jdk-15.0.2\bin\nio.dll
0x00007ffdb2700000 - 0x00007ffdb2718000 	C:\Program Files\Java\jdk-15.0.2\bin\zip.dll
0x00007ffdaf8f0000 - 0x00007ffdaf954000 	C:\Users\mikul\AppData\Local\Temp\lwjglmikul\3.2.3-build-13\lwjgl.dll
0x00007ffda19a0000 - 0x00007ffda1a02000 	C:\Users\mikul\AppData\Local\Temp\lwjglmikul\3.2.3-build-13\glfw.dll
0x00007ffdc8ab0000 - 0x00007ffdc8b4e000 	C:\WINDOWS\system32\uxtheme.dll
0x00007ffdafd00000 - 0x00007ffdafd45000 	C:\WINDOWS\SYSTEM32\dinput8.dll
0x00007ffdb54a0000 - 0x00007ffdb54b1000 	C:\WINDOWS\SYSTEM32\xinput1_4.dll
0x00007ffdcb670000 - 0x00007ffdcb6be000 	C:\WINDOWS\System32\cfgmgr32.dll
0x00007ffdcb100000 - 0x00007ffdcb12c000 	C:\WINDOWS\SYSTEM32\DEVOBJ.dll
0x00007ffdc8bd0000 - 0x00007ffdc8bff000 	C:\WINDOWS\SYSTEM32\dwmapi.dll
0x00007ffdbc3e0000 - 0x00007ffdbc532000 	C:\WINDOWS\SYSTEM32\inputhost.dll
0x00007ffdccfd0000 - 0x00007ffdcd09d000 	C:\WINDOWS\System32\OLEAUT32.dll
0x00007ffdc85f0000 - 0x00007ffdc86e2000 	C:\WINDOWS\SYSTEM32\CoreMessaging.dll
0x00007ffdc7bc0000 - 0x00007ffdc7d14000 	C:\WINDOWS\SYSTEM32\wintypes.dll
0x00007ffdc6c70000 - 0x00007ffdc6d67000 	C:\WINDOWS\SYSTEM32\PROPSYS.dll
0x00007ffdc8290000 - 0x00007ffdc85ee000 	C:\WINDOWS\SYSTEM32\CoreUIComponents.dll
0x00007ffdca090000 - 0x00007ffdca0c3000 	C:\WINDOWS\SYSTEM32\ntmarta.dll
0x00007ffdcd760000 - 0x00007ffdcd875000 	C:\WINDOWS\System32\MSCTF.dll
0x00007ffdc9c10000 - 0x00007ffdc9c1d000 	C:\WINDOWS\SYSTEM32\HID.DLL
0x00007ffdcd190000 - 0x00007ffdcd5f9000 	C:\WINDOWS\System32\SETUPAPI.DLL
0x00007ffdcb6c0000 - 0x00007ffdcb6e7000 	C:\WINDOWS\System32\bcrypt.dll
0x00007ffdcb3d0000 - 0x00007ffdcb430000 	C:\WINDOWS\System32\WINTRUST.dll
0x00007ffdcb6f0000 - 0x00007ffdcb84f000 	C:\WINDOWS\System32\CRYPT32.dll
0x00007ffdcaf40000 - 0x00007ffdcaf52000 	C:\WINDOWS\SYSTEM32\MSASN1.dll
0x00007ffd909d0000 - 0x00007ffd90af6000 	C:\WINDOWS\SYSTEM32\opengl32.dll
0x00007ffd97360000 - 0x00007ffd9738c000 	C:\WINDOWS\SYSTEM32\GLU32.dll
0x00007ffdcdab0000 - 0x00007ffdcdb59000 	C:\WINDOWS\System32\clbcatq.dll
0x00007ffd3cdd0000 - 0x00007ffd3dd95000 	C:\WINDOWS\System32\DriverStore\FileRepository\iigd_dch.inf_amd64_27e3f997fcc85a29\ig9icd64.dll
0x00007ffdccea0000 - 0x00007ffdccfca000 	C:\WINDOWS\System32\ole32.dll
0x00007ffdc9db0000 - 0x00007ffdc9ea3000 	C:\WINDOWS\system32\dxgi.dll
0x00007ffdc02d0000 - 0x00007ffdc0512000 	C:\WINDOWS\System32\DriverStore\FileRepository\iigd_dch.inf_amd64_27e3f997fcc85a29\igdgmm64.dll
0x00007ffdbd6d0000 - 0x00007ffdc02c2000 	C:\WINDOWS\System32\DriverStore\FileRepository\iigd_dch.inf_amd64_27e3f997fcc85a29\igc64.dll
0x00007ffdca940000 - 0x00007ffdca98b000 	C:\WINDOWS\SYSTEM32\powrprof.dll
0x00007ffdca7b0000 - 0x00007ffdca7c2000 	C:\WINDOWS\SYSTEM32\UMPDC.dll
0x00007ffcf3380000 - 0x00007ffcf378b000 	C:\WINDOWS\System32\DriverStore\FileRepository\iigd_dch.inf_amd64_27e3f997fcc85a29\igdml64.dll
0x00007ffdbc540000 - 0x00007ffdbc639000 	C:\WINDOWS\SYSTEM32\textinputframework.dll
0x00007ffda1940000 - 0x00007ffda1999000 	C:\Users\mikul\AppData\Local\Temp\lwjglmikul\3.2.3-build-13\lwjgl_opengl.dll
0x00007ffda16e0000 - 0x00007ffda1933000 	C:\Users\mikul\AppData\Local\Temp\lwjglmikul\3.2.3-build-13\jemalloc.dll

dbghelp: loaded successfully - version: 4.0.5 - missing functions: none
symbol engine: initialized successfully - sym options: 0x614 - pdb path: .;C:\Program Files\Java\jdk-15.0.2\bin;C:\WINDOWS\SYSTEM32;C:\Program Files\Avast Software\Avast;C:\WINDOWS\WinSxS\amd64_microsoft.windows.common-controls_6595b64144ccf1df_6.0.19041.844_none_ca00b6081b84eb1d;C:\Program Files\Java\jdk-15.0.2\bin\server;C:\Users\mikul\AppData\Local\Temp\lwjglmikul\3.2.3-build-13;C:\WINDOWS\System32\DriverStore\FileRepository\iigd_dch.inf_amd64_27e3f997fcc85a29

VM Arguments:
jvm_args: -Dfile.encoding=windows-1252 -Duser.country=US -Duser.language=en -Duser.variant 
java_command: mainEtc.Main
java_class_path (initial): C:\Users\mikul\IdeaProjects\GLCollisions\build\classes\java\main;C:\Users\mikul\IdeaProjects\GLCollisions\build\resources\main;C:\Users\mikul\.gradle\caches\modules-2\files-2.1\org.lwjgl\lwjgl-assimp\3.2.3\f62aa07a20afbdd3097efc296c4841e0d29700eb\lwjgl-assimp-3.2.3.jar;C:\Users\mikul\.gradle\caches\modules-2\files-2.1\org.lwjgl\lwjgl-assimp\3.2.3\4e60aeb75f0343c4a9ede4ef8b6b32ca702a00a3\lwjgl-assimp-3.2.3-natives-windows.jar;C:\Users\mikul\.gradle\caches\modules-2\files-2.1\org.lwjgl\lwjgl-bgfx\3.2.3\433883c4040fa8df47244dffa1d42c96ce2143de\lwjgl-bgfx-3.2.3.jar;C:\Users\mikul\.gradle\caches\modules-2\files-2.1\org.lwjgl\lwjgl-bgfx\3.2.3\f589da97dd3cfa96f42c8c812a0a028cf28223b8\lwjgl-bgfx-3.2.3-natives-windows.jar;C:\Users\mikul\.gradle\caches\modules-2\files-2.1\org.lwjgl\lwjgl-cuda\3.2.3\fb91f3aaa29e69eee7f1314a63d3e3068ad138e4\lwjgl-cuda-3.2.3.jar;C:\Users\mikul\.gradle\caches\modules-2\files-2.1\org.lwjgl\lwjgl-egl\3.2.3\45ad689a4346fac69d4e8696fa02aaa98f0ea196\lwjgl-egl-3.2.3.jar;C:\Users\mikul\.gradle\caches\modules-2\files-2.1\org.lwjgl\lwjgl-glfw\3.2.3\5e520d5c290c8b012545a8d34fa5db5ab051ea53\lwjgl-glfw-3.2.3.jar;C:\Users\mikul\.gradle\caches\modules-2\files-2.1\org.lwjgl\lwjgl-glfw\3.2.3\b4d8a3477cdc2edcf7a5f1e822926be846223f54\lwjgl-glfw-3.2.3-natives-windows.jar;C:\Users\mikul\.gradle\caches\modules-2\files-2.1\org.lwjgl\lwjgl-jawt\3.2.3\b93ceb43c55c28651e178af42e1f344e1e9d8bf3\lwjgl-jawt-3.2.3.jar;C:\Users\mikul\.gradle\caches\modules-2\files-2.1\org.lwjgl\lwjgl-jemalloc\3.2.3\b6fd0932171ba3f2eaa4547beddca3a3e645342d\lwjgl-jemalloc-3.2.3.jar;C:\Users\mikul\.gradle\caches\modules-2\files-2.1\org.lwjgl\lwjgl-jemalloc\3.2.3\3423fd0d4c7c1916c8f46b2075c4c2df02f22675\lwjgl-jemalloc-3.2.3-natives-windows.jar;C:\Users\mikul\.gradle\caches\modules-2\files-2.1\org.lwjgl\lwjgl-libdivide\3.2.3\58c515f934b8b3fd64897d436a9aaea518ac180a\lwjgl-libdivide-3.2.3.jar;C:\Users\mikul\.gradle\caches\modules-2\files-2.1\org.lwjgl\lwjgl-libdivide\3.2.
Launcher Type: SUN_STANDARD

[Global flags]
     intx CICompilerCount                          = 12                                        {product} {ergonomic}
     uint ConcGCThreads                            = 3                                         {product} {ergonomic}
     uint G1ConcRefinementThreads                  = 13                                        {product} {ergonomic}
   size_t G1HeapRegionSize                         = 2097152                                   {product} {ergonomic}
    uintx GCDrainStackTargetSize                   = 64                                        {product} {ergonomic}
   size_t InitialHeapSize                          = 266338304                                 {product} {ergonomic}
   size_t MarkStackSize                            = 4194304                                   {product} {ergonomic}
   size_t MaxHeapSize                              = 4244635648                                {product} {ergonomic}
   size_t MaxNewSize                               = 2545942528                                {product} {ergonomic}
   size_t MinHeapDeltaBytes                        = 2097152                                   {product} {ergonomic}
   size_t MinHeapSize                              = 8388608                                   {product} {ergonomic}
    uintx NonNMethodCodeHeapSize                   = 7602480                                {pd product} {ergonomic}
    uintx NonProfiledCodeHeapSize                  = 122027880                              {pd product} {ergonomic}
    uintx ProfiledCodeHeapSize                     = 122027880                              {pd product} {ergonomic}
    uintx ReservedCodeCacheSize                    = 251658240                              {pd product} {ergonomic}
     bool SegmentedCodeCache                       = true                                      {product} {ergonomic}
   size_t SoftMaxHeapSize                          = 4244635648                             {manageable} {ergonomic}
     bool UseCompressedClassPointers               = true                                 {lp64_product} {ergonomic}
     bool UseCompressedOops                        = true                                 {lp64_product} {ergonomic}
     bool UseG1GC                                  = true                                      {product} {ergonomic}
     bool UseLargePagesIndividualAllocation        = false                                  {pd product} {ergonomic}

Logging:
Log output configuration:
 #0: stdout all=warning uptime,level,tags
 #1: stderr all=off uptime,level,tags

Environment Variables:
JAVA_HOME=C:\Program Files\Java\jdk-15.0.2
PATH=C:\Program Files\Common Files\Oracle\Java\javapath;C:\Python39\Scripts\;C:\Python39\;C:\Windows\system32;C:\Windows;C:\Windows\System32\Wbem;C:\Windows\System32\WindowsPowerShell\v1.0\;C:\Windows\System32\OpenSSH\;C:\Program Files (x86)\NVIDIA Corporation\PhysX\Common;C:\Program Files\NVIDIA Corporation\NVIDIA NvDLISR;C:\Program Files\nodejs\;C:\ProgramData\chocolatey\bin;C:\Program Files\Git\cmd;C:\Users\mikul\Downloads\apache-maven-3.8.1-bin\apache-maven-3.8.1\bin;C:\Users\mikul\node_modules\.bin;;%SystemRoot%\system32;%SystemRoot%;%SystemRoot%\System32\Wbem;%SYSTEMROOT%\System32\WindowsPowerShell\v1.0\;%SYSTEMROOT%\System32\OpenSSH\;C:\Users\mikul\Downloads\apache-maven-3.8.1-bin\apache-maven-3.8.1\bin;C:\Users\mikul\node_modules\.bin;C:\Users\mikul\AppData\Local\Microsoft\WindowsApps;C:\Program Files (x86)\Nmap;C:\Users\mikul\AppData\Local\GitHubDesktop\bin
USERNAME=mikul
OS=Windows_NT
PROCESSOR_IDENTIFIER=Intel64 Family 6 Model 165 Stepping 2, GenuineIntel



---------------  S Y S T E M  ---------------

OS:
 Windows 10 , 64 bit Build 19041 (10.0.19041.928)
OS uptime: 1 days 12:44 hours

CPU: total 16 (initial active 16) (8 cores per cpu, 2 threads per core) family 6 model 165 stepping 2 microcode 0xe2, cmov, cx8, fxsr, mmx, sse, sse2, sse3, ssse3, sse4.1, sse4.2, popcnt, vzeroupper, avx, avx2, aes, clmul, erms, 3dnowpref, lzcnt, ht, tsc, tscinvbit, bmi1, bmi2, adx, fma, clflush, clflushopt

Memory: 4k page, system-wide physical 16185M (5218M free)
TotalPageFile size 27449M (AvailPageFile size 8330M)
current process WorkingSet (physical memory assigned to process): 129M, peak: 132M
current process commit charge ("private bytes"): 418M, peak: 421M

vm_info: Java HotSpot(TM) 64-Bit Server VM (15.0.2+7-27) for windows-amd64 JRE (15.0.2+7-27), built on Dec  7 2020 20:07:01 by "mach5one" with unknown MS VC++:1925

END.
