#
# A fatal error has been detected by the Java Runtime Environment:
#
#  EXCEPTION_ACCESS_VIOLATION (0xc0000005) at pc=0x00007ffd0deeb1c4, pid=14424, tid=3864
#
# JRE version: Java(TM) SE Runtime Environment (15.0.2+7) (build 15.0.2+7-27)
# Java VM: Java HotSpot(TM) 64-Bit Server VM (15.0.2+7-27, mixed mode, sharing, tiered, compressed oops, g1 gc, windows-amd64)
# Problematic frame:
# C  [jemalloc.dll+0x1b1c4]
#
# No core dump will be written. Minidumps are not enabled by default on client versions of Windows
#
# If you would like to submit a bug report, please visit:
#   https://bugreport.java.com/bugreport/crash.jsp
# The crash happened outside the Java Virtual Machine in native code.
# See problematic frame for where to report the bug.
#

---------------  S U M M A R Y ------------

Command Line: -Dfile.encoding=windows-1252 -Duser.country=US -Duser.language=en -Duser.variant mainEtc.Main

Host: Intel(R) Core(TM) i7-10875H CPU @ 2.30GHz, 16 cores, 15G,  Windows 10 , 64 bit Build 19041 (10.0.19041.928)
Time: Mon May  3 23:04:14 2021 Central Europe Daylight Time elapsed time: 3.727072 seconds (0d 0h 0m 3s)

---------------  T H R E A D  ---------------

Current thread (0x000001d6fac27f20):  JavaThread "main" [_thread_in_native, id=3864, stack(0x000000cd33300000,0x000000cd33400000)]

Stack: [0x000000cd33300000,0x000000cd33400000],  sp=0x000000cd333fe720,  free space=1017k
Native frames: (J=compiled Java code, j=interpreted, Vv=VM code, C=native code)
C  [jemalloc.dll+0x1b1c4]

Java frames: (J=compiled Java code, j=interpreted, Vv=VM code)
J 859  org.lwjgl.system.JNI.invokePV(JJ)V (0 bytes) @ 0x000001d68fd75374 [0x000001d68fd75320+0x0000000000000054]
j  org.lwjgl.system.jemalloc.JEmalloc.nje_free(J)V+6
j  org.lwjgl.system.jemalloc.JEmallocAllocator.free(J)V+1
j  org.lwjgl.system.MemoryUtil.nmemFree(J)V+4
j  org.lwjgl.system.MemoryUtil.memFree(Ljava/nio/Buffer;)V+14
j  models.Square.update()V+20
J 980% c2 mainEtc.Main.main([Ljava/lang/String;)V (202 bytes) @ 0x000001d68fd91a50 [0x000001d68fd915e0+0x0000000000000470]
v  ~StubRoutines::call_stub

siginfo: EXCEPTION_ACCESS_VIOLATION (0xc0000005), reading address 0x0000000000000000


Register to memory mapping:

RIP=0x00007ffd0deeb1c4 jemalloc.dll
RAX=0x0 is NULL
RBX=0x0000000000000320 is an unknown value
RCX=0x00007ffd0df0e4c0 jemalloc.dll
RDX=0x000001d6ad5f0008 points into unknown readable memory: 0x0000004100000100 | 00 01 00 00 41 00 00 00
RSP=0x000000cd333fe720 is pointing into the stack for thread: 0x000001d6fac27f20
RBP=0x000000cd333fea70 is pointing into the stack for thread: 0x000001d6fac27f20
RSI=0x000001d6ad5f0280 points into unknown readable memory: 0x000000c800000000 | 00 00 00 00 c8 00 00 00
RDI=0x0 is NULL
R8 =0x000001d6ad5f0038 points into unknown readable memory: 0x0000000000000001 | 01 00 00 00 00 00 00 00
R9 =0x000001d6a69f5dd0 points into unknown readable memory: 0xbecccccd3ecccccd | cd cc cc 3e cd cc cc be
R10=0x00007ffdb1111b10 lwjgl.dll
R11=0x000000cd333fedf0 is pointing into the stack for thread: 0x000001d6fac27f20
R12=0x000000cd333fe750 is pointing into the stack for thread: 0x000001d6fac27f20
R13=0x000001d6ad5f0008 points into unknown readable memory: 0x0000004100000100 | 00 01 00 00 41 00 00 00
R14=0x000000cd333feeb0 is pointing into the stack for thread: 0x000001d6fac27f20
R15=0x0000000000000064 is an unknown value


Registers:
RAX=0x0000000000000000, RBX=0x0000000000000320, RCX=0x00007ffd0df0e4c0, RDX=0x000001d6ad5f0008
RSP=0x000000cd333fe720, RBP=0x000000cd333fea70, RSI=0x000001d6ad5f0280, RDI=0x0000000000000000
R8 =0x000001d6ad5f0038, R9 =0x000001d6a69f5dd0, R10=0x00007ffdb1111b10, R11=0x000000cd333fedf0
R12=0x000000cd333fe750, R13=0x000001d6ad5f0008, R14=0x000000cd333feeb0, R15=0x0000000000000064
RIP=0x00007ffd0deeb1c4, EFLAGS=0x0000000000010246

Top of Stack: (sp=0x000000cd333fe720)
0x000000cd333fe720:   0000000000000318 000001d6ad5f0280
0x000000cd333fe730:   0000000000000001 0000000000000000
0x000000cd333fe740:   000004b400020000 000000cd333fe770
0x000000cd333fe750:   0000000000000000 0000000000000000
0x000000cd333fe760:   0000000000000000 0000000000000000
0x000000cd333fe770:   0000000000000000 0000000000000000
0x000000cd333fe780:   0000000000000000 0000000000000000
0x000000cd333fe790:   0000000000000000 0000000000000000
0x000000cd333fe7a0:   0000000000000000 0000000000000000
0x000000cd333fe7b0:   0000000000000000 0000000000000000
0x000000cd333fe7c0:   0000000000000000 0000000000000000
0x000000cd333fe7d0:   0000000000000000 0000000000000000
0x000000cd333fe7e0:   0000000000000000 0000000000000000
0x000000cd333fe7f0:   0000000000000000 0000000000000000
0x000000cd333fe800:   0000000000000000 0000000000000000
0x000000cd333fe810:   0000000000000000 0000000000000000 

Instructions: (pc=0x00007ffd0deeb1c4)
0x00007ffd0deeb0c4:   a0 01 00 00 41 5f 41 5e 41 5d 41 5c 5f 5e 5d c3
0x00007ffd0deeb0d4:   cc cc cc cc cc cc cc cc cc cc cc cc 44 89 4c 24
0x00007ffd0deeb0e4:   20 44 89 44 24 18 48 89 54 24 10 55 56 57 41 54
0x00007ffd0deeb0f4:   41 55 41 56 41 57 48 81 ec c0 01 00 00 48 8d 6c
0x00007ffd0deeb104:   24 30 44 8b 7a 04 48 8b f2 45 2b f9 48 89 9d d0
0x00007ffd0deeb114:   01 00 00 41 8b d9 44 89 bd e0 01 00 00 4c 8b e9
0x00007ffd0deeb124:   41 8b ff 4a 8d 04 fd 00 00 00 00 4c 8d 40 0f 4c
0x00007ffd0deeb134:   3b c0 77 0a 49 b8 f0 ff ff ff ff ff ff 0f 49 83
0x00007ffd0deeb144:   e0 f0 49 8b c0 e8 e2 ef 00 00 49 2b e0 4c 8d 64
0x00007ffd0deeb154:   24 30 45 85 ff 0f 84 34 02 00 00 33 db 0f 1f 40
0x00007ffd0deeb164:   00 66 66 66 0f 1f 84 00 00 00 00 00 48 8b 46 10
0x00007ffd0deeb174:   48 2b c3 4c 8b 48 f8 4d 85 ed 75 0f 48 8d 4d 10
0x00007ffd0deeb184:   e8 a7 bc ff ff 4c 8d 45 10 eb 04 4d 8d 45 30 49
0x00007ffd0deeb194:   8b cd e8 15 b9 fe ff 48 8b 08 48 83 e1 fe 48 c1
0x00007ffd0deeb1a4:   e1 10 48 c1 f9 10 4a 89 0c 23 48 83 c3 08 48 83
0x00007ffd0deeb1b4:   ef 01 75 b8 48 8d 0d 01 33 02 00 90 49 8b 04 24
0x00007ffd0deeb1c4:   44 8b 30 41 81 e6 ff 0f 00 00 4e 8b 1c f1 4c 89
0x00007ffd0deeb1d4:   9d f0 01 00 00 49 8b 83 08 72 00 00 8b 08 3b 0d
0x00007ffd0deeb1e4:   e8 26 23 00 40 0f 93 c7 72 29 49 8d 9b 58 28 00
0x00007ffd0deeb1f4:   00 48 8d 4b 40 ff 15 11 fe 00 00 84 c0 75 0d 48
0x00007ffd0deeb204:   8b cb e8 45 b5 ff ff c6 43 48 01 90 4c 8b 9d f0
0x00007ffd0deeb214:   01 00 00 45 85 ff 0f 84 a3 00 00 00 4d 8b cc 45
0x00007ffd0deeb224:   8b d7 33 db 4c 8d 1d 91 32 02 00 90 49 8b 01 8b
0x00007ffd0deeb234:   08 81 e1 ff 0f 00 00 41 3b ce 75 6e 4d 8b 04 cb
0x00007ffd0deeb244:   49 8b 90 08 72 00 00 8b 0d 7f 26 23 00 39 0a 72
0x00007ffd0deeb254:   45 49 8b 88 50 28 00 00 48 3b c8 75 10 48 8b 49
0x00007ffd0deeb264:   18 49 89 88 50 28 00 00 48 3b c8 74 22 48 8b 50
0x00007ffd0deeb274:   20 48 8b 48 18 48 89 4a 18 48 8b 50 18 48 8b 48
0x00007ffd0deeb284:   20 48 89 4a 20 48 89 40 18 48 89 40 20 eb 07 49
0x00007ffd0deeb294:   89 98 50 28 00 00 48 8b 48 10 48 c1 e9 0c 48 f7
0x00007ffd0deeb2a4:   d9 f0 49 0f c1 88 48 28 00 00 49 83 c1 08 49 83
0x00007ffd0deeb2b4:   ea 01 0f 85 74 ff ff ff 4c 8b 9d f0 01 00 00 40 


Stack slot to memory mapping:
stack at sp + 0 slots: 0x0000000000000318 is an unknown value
stack at sp + 1 slots: 0x000001d6ad5f0280 points into unknown readable memory: 0x000000c800000000 | 00 00 00 00 c8 00 00 00
stack at sp + 2 slots: 0x0000000000000001 is an unknown value
stack at sp + 3 slots: 0x0 is NULL
stack at sp + 4 slots: 0x000004b400020000 is an unknown value
stack at sp + 5 slots: 0x000000cd333fe770 is pointing into the stack for thread: 0x000001d6fac27f20
stack at sp + 6 slots: 0x0 is NULL
stack at sp + 7 slots: 0x0 is NULL


---------------  P R O C E S S  ---------------

Threads class SMR info:
_java_thread_list=0x000001d6a683a660, length=12, elements={
0x000001d6fac27f20, 0x000001d6a480a450, 0x000001d6a480b020, 0x000001d6a4825980,
0x000001d6a4828750, 0x000001d6a48299a0, 0x000001d6a482ef00, 0x000001d6a4833640,
0x000001d6a48347d0, 0x000001d6a51cd040, 0x000001d6a5222ab0, 0x000001d6a5227bb0
}

Java Threads: ( => current thread )
=>0x000001d6fac27f20 JavaThread "main" [_thread_in_native, id=3864, stack(0x000000cd33300000,0x000000cd33400000)]
  0x000001d6a480a450 JavaThread "Reference Handler" daemon [_thread_blocked, id=19164, stack(0x000000cd33a00000,0x000000cd33b00000)]
  0x000001d6a480b020 JavaThread "Finalizer" daemon [_thread_blocked, id=2936, stack(0x000000cd33b00000,0x000000cd33c00000)]
  0x000001d6a4825980 JavaThread "Signal Dispatcher" daemon [_thread_blocked, id=17620, stack(0x000000cd33c00000,0x000000cd33d00000)]
  0x000001d6a4828750 JavaThread "Attach Listener" daemon [_thread_blocked, id=22504, stack(0x000000cd33d00000,0x000000cd33e00000)]
  0x000001d6a48299a0 JavaThread "Service Thread" daemon [_thread_blocked, id=7896, stack(0x000000cd33e00000,0x000000cd33f00000)]
  0x000001d6a482ef00 JavaThread "C2 CompilerThread0" daemon [_thread_blocked, id=15100, stack(0x000000cd33f00000,0x000000cd34000000)]
  0x000001d6a4833640 JavaThread "C1 CompilerThread0" daemon [_thread_blocked, id=21712, stack(0x000000cd34000000,0x000000cd34100000)]
  0x000001d6a48347d0 JavaThread "Sweeper thread" daemon [_thread_blocked, id=6644, stack(0x000000cd34100000,0x000000cd34200000)]
  0x000001d6a51cd040 JavaThread "C1 CompilerThread1" daemon [_thread_blocked, id=21096, stack(0x000000cd34200000,0x000000cd34300000)]
  0x000001d6a5222ab0 JavaThread "Notification Thread" daemon [_thread_blocked, id=8132, stack(0x000000cd34400000,0x000000cd34500000)]
  0x000001d6a5227bb0 JavaThread "Common-Cleaner" daemon [_thread_blocked, id=19652, stack(0x000000cd34600000,0x000000cd34700000)]

Other Threads:
  0x000001d6a4807420 VMThread "VM Thread" [stack: 0x000000cd33900000,0x000000cd33a00000] [id=9996]
  0x000001d6a5223f90 WatcherThread [stack: 0x000000cd34500000,0x000000cd34600000] [id=21104]
  0x000001d6fac7a080 GCTaskThread "GC Thread#0" [stack: 0x000000cd33400000,0x000000cd33500000] [id=17156]
  0x000001d6fac8afa0 ConcurrentGCThread "G1 Main Marker" [stack: 0x000000cd33500000,0x000000cd33600000] [id=3956]
  0x000001d6fac8c330 ConcurrentGCThread "G1 Conc#0" [stack: 0x000000cd33600000,0x000000cd33700000] [id=18960]
  0x000001d6faceec10 ConcurrentGCThread "G1 Refine#0" [stack: 0x000000cd33700000,0x000000cd33800000] [id=3724]
  0x000001d6a46fdab0 ConcurrentGCThread "G1 Young RemSet Sampling" [stack: 0x000000cd33800000,0x000000cd33900000] [id=9828]

Threads with active compile tasks:

VM state: not at safepoint (normal execution)

VM Mutex/Monitor currently owned by a thread: None

Heap address: 0x0000000703000000, size: 4048 MB, Compressed Oops mode: Zero based, Oop shift amount: 3
CDS archive(s) mapped at: [0x0000000800000000-0x0000000800b50000-0x0000000800b50000), size 11862016, SharedBaseAddress: 0x0000000800000000, ArchiveRelocationMode: 0.
Compressed class space mapped at: 0x0000000800b50000-0x0000000840b50000, size: 1073741824
Narrow klass base: 0x0000000800000000, Narrow klass shift: 3, Narrow klass range: 0x100000000

GC Precious Log:
 CPUs: 16 total, 16 available
 Memory: 16185M
 Large Page Support: Disabled
 NUMA Support: Disabled
 Compressed Oops: Enabled (Zero based)
 Heap Region Size: 2M
 Heap Min Capacity: 8M
 Heap Initial Capacity: 254M
 Heap Max Capacity: 4048M
 Pre-touch: Disabled
 Parallel Workers: 13
 Concurrent Workers: 3
 Concurrent Refinement Workers: 13
 Periodic GC: Disabled

Heap:
 garbage-first heap   total 260096K, used 20480K [0x0000000703000000, 0x0000000800000000)
  region size 2048K, 11 young (22528K), 0 survivors (0K)
 Metaspace       used 5335K, capacity 7982K, committed 8320K, reserved 1056768K
  class space    used 267K, capacity 552K, committed 640K, reserved 1048576K

Heap Regions: E=young(eden), S=young(survivor), O=old, HS=humongous(starts), HC=humongous(continues), CS=collection set, F=free, OA=open archive, CA=closed archive, TAMS=top-at-mark-start (previous, next)
|   0|0x0000000703000000, 0x0000000703000000, 0x0000000703200000|  0%| F|  |TAMS 0x0000000703000000, 0x0000000703000000| Untracked 
|   1|0x0000000703200000, 0x0000000703200000, 0x0000000703400000|  0%| F|  |TAMS 0x0000000703200000, 0x0000000703200000| Untracked 
|   2|0x0000000703400000, 0x0000000703400000, 0x0000000703600000|  0%| F|  |TAMS 0x0000000703400000, 0x0000000703400000| Untracked 
|   3|0x0000000703600000, 0x0000000703600000, 0x0000000703800000|  0%| F|  |TAMS 0x0000000703600000, 0x0000000703600000| Untracked 
|   4|0x0000000703800000, 0x0000000703800000, 0x0000000703a00000|  0%| F|  |TAMS 0x0000000703800000, 0x0000000703800000| Untracked 
|   5|0x0000000703a00000, 0x0000000703a00000, 0x0000000703c00000|  0%| F|  |TAMS 0x0000000703a00000, 0x0000000703a00000| Untracked 
|   6|0x0000000703c00000, 0x0000000703c00000, 0x0000000703e00000|  0%| F|  |TAMS 0x0000000703c00000, 0x0000000703c00000| Untracked 
|   7|0x0000000703e00000, 0x0000000703e00000, 0x0000000704000000|  0%| F|  |TAMS 0x0000000703e00000, 0x0000000703e00000| Untracked 
|   8|0x0000000704000000, 0x0000000704000000, 0x0000000704200000|  0%| F|  |TAMS 0x0000000704000000, 0x0000000704000000| Untracked 
|   9|0x0000000704200000, 0x0000000704200000, 0x0000000704400000|  0%| F|  |TAMS 0x0000000704200000, 0x0000000704200000| Untracked 
|  10|0x0000000704400000, 0x0000000704400000, 0x0000000704600000|  0%| F|  |TAMS 0x0000000704400000, 0x0000000704400000| Untracked 
|  11|0x0000000704600000, 0x0000000704600000, 0x0000000704800000|  0%| F|  |TAMS 0x0000000704600000, 0x0000000704600000| Untracked 
|  12|0x0000000704800000, 0x0000000704800000, 0x0000000704a00000|  0%| F|  |TAMS 0x0000000704800000, 0x0000000704800000| Untracked 
|  13|0x0000000704a00000, 0x0000000704a00000, 0x0000000704c00000|  0%| F|  |TAMS 0x0000000704a00000, 0x0000000704a00000| Untracked 
|  14|0x0000000704c00000, 0x0000000704c00000, 0x0000000704e00000|  0%| F|  |TAMS 0x0000000704c00000, 0x0000000704c00000| Untracked 
|  15|0x0000000704e00000, 0x0000000704e00000, 0x0000000705000000|  0%| F|  |TAMS 0x0000000704e00000, 0x0000000704e00000| Untracked 
|  16|0x0000000705000000, 0x0000000705000000, 0x0000000705200000|  0%| F|  |TAMS 0x0000000705000000, 0x0000000705000000| Untracked 
|  17|0x0000000705200000, 0x0000000705200000, 0x0000000705400000|  0%| F|  |TAMS 0x0000000705200000, 0x0000000705200000| Untracked 
|  18|0x0000000705400000, 0x0000000705400000, 0x0000000705600000|  0%| F|  |TAMS 0x0000000705400000, 0x0000000705400000| Untracked 
|  19|0x0000000705600000, 0x0000000705600000, 0x0000000705800000|  0%| F|  |TAMS 0x0000000705600000, 0x0000000705600000| Untracked 
|  20|0x0000000705800000, 0x0000000705800000, 0x0000000705a00000|  0%| F|  |TAMS 0x0000000705800000, 0x0000000705800000| Untracked 
|  21|0x0000000705a00000, 0x0000000705a00000, 0x0000000705c00000|  0%| F|  |TAMS 0x0000000705a00000, 0x0000000705a00000| Untracked 
|  22|0x0000000705c00000, 0x0000000705c00000, 0x0000000705e00000|  0%| F|  |TAMS 0x0000000705c00000, 0x0000000705c00000| Untracked 
|  23|0x0000000705e00000, 0x0000000705e00000, 0x0000000706000000|  0%| F|  |TAMS 0x0000000705e00000, 0x0000000705e00000| Untracked 
|  24|0x0000000706000000, 0x0000000706000000, 0x0000000706200000|  0%| F|  |TAMS 0x0000000706000000, 0x0000000706000000| Untracked 
|  25|0x0000000706200000, 0x0000000706200000, 0x0000000706400000|  0%| F|  |TAMS 0x0000000706200000, 0x0000000706200000| Untracked 
|  26|0x0000000706400000, 0x0000000706400000, 0x0000000706600000|  0%| F|  |TAMS 0x0000000706400000, 0x0000000706400000| Untracked 
|  27|0x0000000706600000, 0x0000000706600000, 0x0000000706800000|  0%| F|  |TAMS 0x0000000706600000, 0x0000000706600000| Untracked 
|  28|0x0000000706800000, 0x0000000706800000, 0x0000000706a00000|  0%| F|  |TAMS 0x0000000706800000, 0x0000000706800000| Untracked 
|  29|0x0000000706a00000, 0x0000000706a00000, 0x0000000706c00000|  0%| F|  |TAMS 0x0000000706a00000, 0x0000000706a00000| Untracked 
|  30|0x0000000706c00000, 0x0000000706c00000, 0x0000000706e00000|  0%| F|  |TAMS 0x0000000706c00000, 0x0000000706c00000| Untracked 
|  31|0x0000000706e00000, 0x0000000706e00000, 0x0000000707000000|  0%| F|  |TAMS 0x0000000706e00000, 0x0000000706e00000| Untracked 
|  32|0x0000000707000000, 0x0000000707000000, 0x0000000707200000|  0%| F|  |TAMS 0x0000000707000000, 0x0000000707000000| Untracked 
|  33|0x0000000707200000, 0x0000000707200000, 0x0000000707400000|  0%| F|  |TAMS 0x0000000707200000, 0x0000000707200000| Untracked 
|  34|0x0000000707400000, 0x0000000707400000, 0x0000000707600000|  0%| F|  |TAMS 0x0000000707400000, 0x0000000707400000| Untracked 
|  35|0x0000000707600000, 0x0000000707600000, 0x0000000707800000|  0%| F|  |TAMS 0x0000000707600000, 0x0000000707600000| Untracked 
|  36|0x0000000707800000, 0x0000000707800000, 0x0000000707a00000|  0%| F|  |TAMS 0x0000000707800000, 0x0000000707800000| Untracked 
|  37|0x0000000707a00000, 0x0000000707a00000, 0x0000000707c00000|  0%| F|  |TAMS 0x0000000707a00000, 0x0000000707a00000| Untracked 
|  38|0x0000000707c00000, 0x0000000707c00000, 0x0000000707e00000|  0%| F|  |TAMS 0x0000000707c00000, 0x0000000707c00000| Untracked 
|  39|0x0000000707e00000, 0x0000000707e00000, 0x0000000708000000|  0%| F|  |TAMS 0x0000000707e00000, 0x0000000707e00000| Untracked 
|  40|0x0000000708000000, 0x0000000708000000, 0x0000000708200000|  0%| F|  |TAMS 0x0000000708000000, 0x0000000708000000| Untracked 
|  41|0x0000000708200000, 0x0000000708200000, 0x0000000708400000|  0%| F|  |TAMS 0x0000000708200000, 0x0000000708200000| Untracked 
|  42|0x0000000708400000, 0x0000000708400000, 0x0000000708600000|  0%| F|  |TAMS 0x0000000708400000, 0x0000000708400000| Untracked 
|  43|0x0000000708600000, 0x0000000708600000, 0x0000000708800000|  0%| F|  |TAMS 0x0000000708600000, 0x0000000708600000| Untracked 
|  44|0x0000000708800000, 0x0000000708800000, 0x0000000708a00000|  0%| F|  |TAMS 0x0000000708800000, 0x0000000708800000| Untracked 
|  45|0x0000000708a00000, 0x0000000708a00000, 0x0000000708c00000|  0%| F|  |TAMS 0x0000000708a00000, 0x0000000708a00000| Untracked 
|  46|0x0000000708c00000, 0x0000000708c00000, 0x0000000708e00000|  0%| F|  |TAMS 0x0000000708c00000, 0x0000000708c00000| Untracked 
|  47|0x0000000708e00000, 0x0000000708e00000, 0x0000000709000000|  0%| F|  |TAMS 0x0000000708e00000, 0x0000000708e00000| Untracked 
|  48|0x0000000709000000, 0x0000000709000000, 0x0000000709200000|  0%| F|  |TAMS 0x0000000709000000, 0x0000000709000000| Untracked 
|  49|0x0000000709200000, 0x0000000709200000, 0x0000000709400000|  0%| F|  |TAMS 0x0000000709200000, 0x0000000709200000| Untracked 
|  50|0x0000000709400000, 0x0000000709400000, 0x0000000709600000|  0%| F|  |TAMS 0x0000000709400000, 0x0000000709400000| Untracked 
|  51|0x0000000709600000, 0x0000000709600000, 0x0000000709800000|  0%| F|  |TAMS 0x0000000709600000, 0x0000000709600000| Untracked 
|  52|0x0000000709800000, 0x0000000709800000, 0x0000000709a00000|  0%| F|  |TAMS 0x0000000709800000, 0x0000000709800000| Untracked 
|  53|0x0000000709a00000, 0x0000000709a00000, 0x0000000709c00000|  0%| F|  |TAMS 0x0000000709a00000, 0x0000000709a00000| Untracked 
|  54|0x0000000709c00000, 0x0000000709c00000, 0x0000000709e00000|  0%| F|  |TAMS 0x0000000709c00000, 0x0000000709c00000| Untracked 
|  55|0x0000000709e00000, 0x0000000709e00000, 0x000000070a000000|  0%| F|  |TAMS 0x0000000709e00000, 0x0000000709e00000| Untracked 
|  56|0x000000070a000000, 0x000000070a000000, 0x000000070a200000|  0%| F|  |TAMS 0x000000070a000000, 0x000000070a000000| Untracked 
|  57|0x000000070a200000, 0x000000070a200000, 0x000000070a400000|  0%| F|  |TAMS 0x000000070a200000, 0x000000070a200000| Untracked 
|  58|0x000000070a400000, 0x000000070a400000, 0x000000070a600000|  0%| F|  |TAMS 0x000000070a400000, 0x000000070a400000| Untracked 
|  59|0x000000070a600000, 0x000000070a600000, 0x000000070a800000|  0%| F|  |TAMS 0x000000070a600000, 0x000000070a600000| Untracked 
|  60|0x000000070a800000, 0x000000070a800000, 0x000000070aa00000|  0%| F|  |TAMS 0x000000070a800000, 0x000000070a800000| Untracked 
|  61|0x000000070aa00000, 0x000000070aa00000, 0x000000070ac00000|  0%| F|  |TAMS 0x000000070aa00000, 0x000000070aa00000| Untracked 
|  62|0x000000070ac00000, 0x000000070ac00000, 0x000000070ae00000|  0%| F|  |TAMS 0x000000070ac00000, 0x000000070ac00000| Untracked 
|  63|0x000000070ae00000, 0x000000070ae00000, 0x000000070b000000|  0%| F|  |TAMS 0x000000070ae00000, 0x000000070ae00000| Untracked 
|  64|0x000000070b000000, 0x000000070b000000, 0x000000070b200000|  0%| F|  |TAMS 0x000000070b000000, 0x000000070b000000| Untracked 
|  65|0x000000070b200000, 0x000000070b200000, 0x000000070b400000|  0%| F|  |TAMS 0x000000070b200000, 0x000000070b200000| Untracked 
|  66|0x000000070b400000, 0x000000070b400000, 0x000000070b600000|  0%| F|  |TAMS 0x000000070b400000, 0x000000070b400000| Untracked 
|  67|0x000000070b600000, 0x000000070b600000, 0x000000070b800000|  0%| F|  |TAMS 0x000000070b600000, 0x000000070b600000| Untracked 
|  68|0x000000070b800000, 0x000000070b800000, 0x000000070ba00000|  0%| F|  |TAMS 0x000000070b800000, 0x000000070b800000| Untracked 
|  69|0x000000070ba00000, 0x000000070ba00000, 0x000000070bc00000|  0%| F|  |TAMS 0x000000070ba00000, 0x000000070ba00000| Untracked 
|  70|0x000000070bc00000, 0x000000070bc00000, 0x000000070be00000|  0%| F|  |TAMS 0x000000070bc00000, 0x000000070bc00000| Untracked 
|  71|0x000000070be00000, 0x000000070be00000, 0x000000070c000000|  0%| F|  |TAMS 0x000000070be00000, 0x000000070be00000| Untracked 
|  72|0x000000070c000000, 0x000000070c000000, 0x000000070c200000|  0%| F|  |TAMS 0x000000070c000000, 0x000000070c000000| Untracked 
|  73|0x000000070c200000, 0x000000070c200000, 0x000000070c400000|  0%| F|  |TAMS 0x000000070c200000, 0x000000070c200000| Untracked 
|  74|0x000000070c400000, 0x000000070c400000, 0x000000070c600000|  0%| F|  |TAMS 0x000000070c400000, 0x000000070c400000| Untracked 
|  75|0x000000070c600000, 0x000000070c600000, 0x000000070c800000|  0%| F|  |TAMS 0x000000070c600000, 0x000000070c600000| Untracked 
|  76|0x000000070c800000, 0x000000070c800000, 0x000000070ca00000|  0%| F|  |TAMS 0x000000070c800000, 0x000000070c800000| Untracked 
|  77|0x000000070ca00000, 0x000000070ca00000, 0x000000070cc00000|  0%| F|  |TAMS 0x000000070ca00000, 0x000000070ca00000| Untracked 
|  78|0x000000070cc00000, 0x000000070cc00000, 0x000000070ce00000|  0%| F|  |TAMS 0x000000070cc00000, 0x000000070cc00000| Untracked 
|  79|0x000000070ce00000, 0x000000070ce00000, 0x000000070d000000|  0%| F|  |TAMS 0x000000070ce00000, 0x000000070ce00000| Untracked 
|  80|0x000000070d000000, 0x000000070d000000, 0x000000070d200000|  0%| F|  |TAMS 0x000000070d000000, 0x000000070d000000| Untracked 
|  81|0x000000070d200000, 0x000000070d200000, 0x000000070d400000|  0%| F|  |TAMS 0x000000070d200000, 0x000000070d200000| Untracked 
|  82|0x000000070d400000, 0x000000070d400000, 0x000000070d600000|  0%| F|  |TAMS 0x000000070d400000, 0x000000070d400000| Untracked 
|  83|0x000000070d600000, 0x000000070d600000, 0x000000070d800000|  0%| F|  |TAMS 0x000000070d600000, 0x000000070d600000| Untracked 
|  84|0x000000070d800000, 0x000000070d800000, 0x000000070da00000|  0%| F|  |TAMS 0x000000070d800000, 0x000000070d800000| Untracked 
|  85|0x000000070da00000, 0x000000070da00000, 0x000000070dc00000|  0%| F|  |TAMS 0x000000070da00000, 0x000000070da00000| Untracked 
|  86|0x000000070dc00000, 0x000000070dc00000, 0x000000070de00000|  0%| F|  |TAMS 0x000000070dc00000, 0x000000070dc00000| Untracked 
|  87|0x000000070de00000, 0x000000070de00000, 0x000000070e000000|  0%| F|  |TAMS 0x000000070de00000, 0x000000070de00000| Untracked 
|  88|0x000000070e000000, 0x000000070e000000, 0x000000070e200000|  0%| F|  |TAMS 0x000000070e000000, 0x000000070e000000| Untracked 
|  89|0x000000070e200000, 0x000000070e200000, 0x000000070e400000|  0%| F|  |TAMS 0x000000070e200000, 0x000000070e200000| Untracked 
|  90|0x000000070e400000, 0x000000070e400000, 0x000000070e600000|  0%| F|  |TAMS 0x000000070e400000, 0x000000070e400000| Untracked 
|  91|0x000000070e600000, 0x000000070e600000, 0x000000070e800000|  0%| F|  |TAMS 0x000000070e600000, 0x000000070e600000| Untracked 
|  92|0x000000070e800000, 0x000000070e800000, 0x000000070ea00000|  0%| F|  |TAMS 0x000000070e800000, 0x000000070e800000| Untracked 
|  93|0x000000070ea00000, 0x000000070ea00000, 0x000000070ec00000|  0%| F|  |TAMS 0x000000070ea00000, 0x000000070ea00000| Untracked 
|  94|0x000000070ec00000, 0x000000070ec00000, 0x000000070ee00000|  0%| F|  |TAMS 0x000000070ec00000, 0x000000070ec00000| Untracked 
|  95|0x000000070ee00000, 0x000000070ee00000, 0x000000070f000000|  0%| F|  |TAMS 0x000000070ee00000, 0x000000070ee00000| Untracked 
|  96|0x000000070f000000, 0x000000070f000000, 0x000000070f200000|  0%| F|  |TAMS 0x000000070f000000, 0x000000070f000000| Untracked 
|  97|0x000000070f200000, 0x000000070f200000, 0x000000070f400000|  0%| F|  |TAMS 0x000000070f200000, 0x000000070f200000| Untracked 
|  98|0x000000070f400000, 0x000000070f400000, 0x000000070f600000|  0%| F|  |TAMS 0x000000070f400000, 0x000000070f400000| Untracked 
|  99|0x000000070f600000, 0x000000070f600000, 0x000000070f800000|  0%| F|  |TAMS 0x000000070f600000, 0x000000070f600000| Untracked 
| 100|0x000000070f800000, 0x000000070f800000, 0x000000070fa00000|  0%| F|  |TAMS 0x000000070f800000, 0x000000070f800000| Untracked 
| 101|0x000000070fa00000, 0x000000070fa00000, 0x000000070fc00000|  0%| F|  |TAMS 0x000000070fa00000, 0x000000070fa00000| Untracked 
| 102|0x000000070fc00000, 0x000000070fc00000, 0x000000070fe00000|  0%| F|  |TAMS 0x000000070fc00000, 0x000000070fc00000| Untracked 
| 103|0x000000070fe00000, 0x000000070fe00000, 0x0000000710000000|  0%| F|  |TAMS 0x000000070fe00000, 0x000000070fe00000| Untracked 
| 104|0x0000000710000000, 0x0000000710000000, 0x0000000710200000|  0%| F|  |TAMS 0x0000000710000000, 0x0000000710000000| Untracked 
| 105|0x0000000710200000, 0x0000000710200000, 0x0000000710400000|  0%| F|  |TAMS 0x0000000710200000, 0x0000000710200000| Untracked 
| 106|0x0000000710400000, 0x0000000710400000, 0x0000000710600000|  0%| F|  |TAMS 0x0000000710400000, 0x0000000710400000| Untracked 
| 107|0x0000000710600000, 0x0000000710600000, 0x0000000710800000|  0%| F|  |TAMS 0x0000000710600000, 0x0000000710600000| Untracked 
| 108|0x0000000710800000, 0x0000000710800000, 0x0000000710a00000|  0%| F|  |TAMS 0x0000000710800000, 0x0000000710800000| Untracked 
| 109|0x0000000710a00000, 0x0000000710a00000, 0x0000000710c00000|  0%| F|  |TAMS 0x0000000710a00000, 0x0000000710a00000| Untracked 
| 110|0x0000000710c00000, 0x0000000710c00000, 0x0000000710e00000|  0%| F|  |TAMS 0x0000000710c00000, 0x0000000710c00000| Untracked 
| 111|0x0000000710e00000, 0x0000000710e00000, 0x0000000711000000|  0%| F|  |TAMS 0x0000000710e00000, 0x0000000710e00000| Untracked 
| 112|0x0000000711000000, 0x0000000711000000, 0x0000000711200000|  0%| F|  |TAMS 0x0000000711000000, 0x0000000711000000| Untracked 
| 113|0x0000000711200000, 0x0000000711200000, 0x0000000711400000|  0%| F|  |TAMS 0x0000000711200000, 0x0000000711200000| Untracked 
| 114|0x0000000711400000, 0x0000000711400000, 0x0000000711600000|  0%| F|  |TAMS 0x0000000711400000, 0x0000000711400000| Untracked 
| 115|0x0000000711600000, 0x0000000711600000, 0x0000000711800000|  0%| F|  |TAMS 0x0000000711600000, 0x0000000711600000| Untracked 
| 116|0x0000000711800000, 0x00000007118e28b0, 0x0000000711a00000| 44%| E|  |TAMS 0x0000000711800000, 0x0000000711800000| Complete 
| 117|0x0000000711a00000, 0x0000000711c00000, 0x0000000711c00000|100%| E|CS|TAMS 0x0000000711a00000, 0x0000000711a00000| Complete 
| 118|0x0000000711c00000, 0x0000000711e00000, 0x0000000711e00000|100%| E|CS|TAMS 0x0000000711c00000, 0x0000000711c00000| Complete 
| 119|0x0000000711e00000, 0x0000000712000000, 0x0000000712000000|100%| E|CS|TAMS 0x0000000711e00000, 0x0000000711e00000| Complete 
| 120|0x0000000712000000, 0x0000000712200000, 0x0000000712200000|100%| E|CS|TAMS 0x0000000712000000, 0x0000000712000000| Complete 
| 121|0x0000000712200000, 0x0000000712400000, 0x0000000712400000|100%| E|CS|TAMS 0x0000000712200000, 0x0000000712200000| Complete 
| 122|0x0000000712400000, 0x0000000712600000, 0x0000000712600000|100%| E|CS|TAMS 0x0000000712400000, 0x0000000712400000| Complete 
| 123|0x0000000712600000, 0x0000000712800000, 0x0000000712800000|100%| E|CS|TAMS 0x0000000712600000, 0x0000000712600000| Complete 
| 124|0x0000000712800000, 0x0000000712a00000, 0x0000000712a00000|100%| E|CS|TAMS 0x0000000712800000, 0x0000000712800000| Complete 
| 125|0x0000000712a00000, 0x0000000712c00000, 0x0000000712c00000|100%| E|CS|TAMS 0x0000000712a00000, 0x0000000712a00000| Complete 
| 126|0x0000000712c00000, 0x0000000712e00000, 0x0000000712e00000|100%| E|CS|TAMS 0x0000000712c00000, 0x0000000712c00000| Complete 

Card table byte_map: [0x000001d698940000,0x000001d699130000] _byte_map_base: 0x000001d695128000

Marking Bits (Prev, Next): (CMBitMap*) 0x000001d6fac7a870, (CMBitMap*) 0x000001d6fac7a8b0
 Prev Bits: [0x000001d699920000, 0x000001d69d860000)
 Next Bits: [0x000001d69d860000, 0x000001d6a17a0000)

Polling page: 0x000001d680000000

Metaspace:

Usage:
  Non-class:      7.26 MB capacity,     4.95 MB ( 68%) used,     2.30 MB ( 32%) free+waste,     7.62 KB ( <1%) overhead. 
      Class:    552.00 KB capacity,   267.80 KB ( 49%) used,   281.63 KB ( 51%) free+waste,     2.56 KB ( <1%) overhead. 
       Both:      7.79 MB capacity,     5.21 MB ( 67%) used,     2.57 MB ( 33%) free+waste,    10.19 KB ( <1%) overhead. 

Virtual space:
  Non-class space:        8.00 MB reserved,       7.50 MB ( 94%) committed 
      Class space:        1.00 GB reserved,     640.00 KB ( <1%) committed 
             Both:        1.01 GB reserved,       8.12 MB ( <1%) committed 

Chunk freelists:
   Non-Class:  58.00 KB
       Class:  0 bytes
        Both:  58.00 KB

MaxMetaspaceSize: 17179869184.00 GB
CompressedClassSpaceSize: 1.00 GB

CodeHeap 'non-profiled nmethods': size=119168Kb used=459Kb max_used=459Kb free=118708Kb
 bounds [0x000001d68fd20000, 0x000001d68ff90000, 0x000001d697180000]
CodeHeap 'profiled nmethods': size=119104Kb used=1691Kb max_used=1691Kb free=117412Kb
 bounds [0x000001d6888d0000, 0x000001d688b40000, 0x000001d68fd20000]
CodeHeap 'non-nmethods': size=7488Kb used=2122Kb max_used=3292Kb free=5365Kb
 bounds [0x000001d688180000, 0x000001d6884d0000, 0x000001d6888d0000]
 total_blobs=1932 nmethods=992 adapters=852
 compilation: enabled
              stopped_count=0, restarted_count=0
 full_count=0

Compilation events (20 events):
Event: 3.301 Thread 0x000001d6a4833640 nmethod 982 0x000001d688a71710 code [0x000001d688a718c0, 0x000001d688a71ab8]
Event: 3.301 Thread 0x000001d6a4833640  983       3       jdk.internal.math.FloatingDecimal$BinaryToASCIIBuffer::getChars (502 bytes)
Event: 3.302 Thread 0x000001d6a51cd040 nmethod 985 0x000001d688a71b90 code [0x000001d688a71d80, 0x000001d688a72388]
Event: 3.302 Thread 0x000001d6a51cd040  984       3       java.io.Writer::write (11 bytes)
Event: 3.302 Thread 0x000001d6a51cd040 nmethod 984 0x000001d688a72710 code [0x000001d688a728c0, 0x000001d688a72b88]
Event: 3.302 Thread 0x000001d6a51cd040  986       3       java.io.BufferedWriter::min (9 bytes)
Event: 3.302 Thread 0x000001d6a51cd040 nmethod 986 0x000001d688a72d10 code [0x000001d688a72ea0, 0x000001d688a72ff8]
Event: 3.302 Thread 0x000001d6a51cd040  987       3       java.io.PrintStream::ensureOpen (18 bytes)
Event: 3.302 Thread 0x000001d6a51cd040 nmethod 987 0x000001d688a73090 code [0x000001d688a73240, 0x000001d688a73448]
Event: 3.302 Thread 0x000001d6a51cd040  988  s    3       java.io.BufferedOutputStream::flush (12 bytes)
Event: 3.302 Thread 0x000001d6a51cd040 nmethod 988 0x000001d688a73510 code [0x000001d688a736e0, 0x000001d688a73af8]
Event: 3.302 Thread 0x000001d6a4833640 nmethod 983 0x000001d688a73c10 code [0x000001d688a73ec0, 0x000001d688a74f38]
Event: 3.303 Thread 0x000001d6a4833640  989   !   3       java.nio.CharBuffer::wrap (21 bytes)
Event: 3.303 Thread 0x000001d6a4833640 nmethod 989 0x000001d688a75610 code [0x000001d688a757c0, 0x000001d688a75a58]
Event: 3.718 Thread 0x000001d6a4833640  990       3       jdk.internal.math.FloatingDecimal::toJavaFormatString (10 bytes)
Event: 3.718 Thread 0x000001d6a51cd040  991       3       jdk.internal.math.FloatingDecimal::getBinaryToASCIIConverter (163 bytes)
Event: 3.718 Thread 0x000001d6a4833640 nmethod 990 0x000001d688a75b90 code [0x000001d688a75d40, 0x000001d688a75f18]
Event: 3.718 Thread 0x000001d6a4833640  992       3       java.lang.StringConcatHelper::prepend (22 bytes)
Event: 3.718 Thread 0x000001d6a4833640 nmethod 992 0x000001d688a76010 code [0x000001d688a761c0, 0x000001d688a76358]
Event: 3.718 Thread 0x000001d6a51cd040 nmethod 991 0x000001d688a76410 code [0x000001d688a76600, 0x000001d688a76cc8]

GC Heap History (0 events):
No events

Deoptimization events (20 events):
Event: 0.181 Thread 0x000001d6fac27f20 DEOPT PACKING pc=0x000001d68891cde6 sp=0x000000cd333fbfd0
Event: 0.181 Thread 0x000001d6fac27f20 DEOPT UNPACKING pc=0x000001d6881ce23f sp=0x000000cd333fb490 mode 0
Event: 0.181 Thread 0x000001d6fac27f20 DEOPT PACKING pc=0x000001d688933fb3 sp=0x000000cd333fbf00
Event: 0.181 Thread 0x000001d6fac27f20 DEOPT UNPACKING pc=0x000001d6881ce23f sp=0x000000cd333fb420 mode 0
Event: 0.356 Thread 0x000001d6fac27f20 Uncommon trap: trap_request=0xffffff54 fr.pc=0x000001d68fd559e0 relative=0x0000000000000060
Event: 0.356 Thread 0x000001d6fac27f20 Uncommon trap: reason=speculate_null_assert action=make_not_entrant pc=0x000001d68fd559e0 method=sun.misc.Unsafe.putLong(Ljava/lang/Object;JJ)V @ 7 c2
Event: 0.356 Thread 0x000001d6fac27f20 DEOPT PACKING pc=0x000001d68fd559e0 sp=0x000000cd333fecd0
Event: 0.356 Thread 0x000001d6fac27f20 DEOPT UNPACKING pc=0x000001d6881ce42f sp=0x000000cd333fec48 mode 2
Event: 0.380 Thread 0x000001d6fac27f20 DEOPT PACKING pc=0x000001d6889af0df sp=0x000000cd333fd790
Event: 0.380 Thread 0x000001d6fac27f20 DEOPT UNPACKING pc=0x000001d6881ce23f sp=0x000000cd333fcbe0 mode 0
Event: 2.053 Thread 0x000001d6fac27f20 DEOPT PACKING pc=0x000001d688a480c1 sp=0x000000cd333ff050
Event: 2.053 Thread 0x000001d6fac27f20 DEOPT UNPACKING pc=0x000001d6881ce23f sp=0x000000cd333fe5c0 mode 0
Event: 2.221 Thread 0x000001d6fac27f20 DEOPT PACKING pc=0x000001d688a480c1 sp=0x000000cd333ff050
Event: 2.221 Thread 0x000001d6fac27f20 DEOPT UNPACKING pc=0x000001d6881ce23f sp=0x000000cd333fe5c0 mode 0
Event: 2.384 Thread 0x000001d6fac27f20 DEOPT PACKING pc=0x000001d688a480c1 sp=0x000000cd333ff050
Event: 2.384 Thread 0x000001d6fac27f20 DEOPT UNPACKING pc=0x000001d6881ce23f sp=0x000000cd333fe5c0 mode 0
Event: 2.549 Thread 0x000001d6fac27f20 DEOPT PACKING pc=0x000001d688a480c1 sp=0x000000cd333ff050
Event: 2.549 Thread 0x000001d6fac27f20 DEOPT UNPACKING pc=0x000001d6881ce23f sp=0x000000cd333fe5c0 mode 0
Event: 2.707 Thread 0x000001d6fac27f20 DEOPT PACKING pc=0x000001d688a480c1 sp=0x000000cd333ff050
Event: 2.707 Thread 0x000001d6fac27f20 DEOPT UNPACKING pc=0x000001d6881ce23f sp=0x000000cd333fe5c0 mode 0

Classes unloaded (0 events):
No events

Classes redefined (0 events):
No events

Internal exceptions (18 events):
Event: 0.128 Thread 0x000001d6fac27f20 Exception <a 'java/lang/NoSuchMethodError'{0x0000000712725140}: 'void java.lang.invoke.DirectMethodHandle$Holder.invokeStatic(java.lang.Object, java.lang.Object)'> (0x0000000712725140) 
thrown [./open/src/hotspot/share/interpreter/linkResolver.cpp, line 782]
Event: 0.129 Thread 0x000001d6fac27f20 Exception <a 'java/lang/NoSuchMethodError'{0x000000071272ac38}: 'void java.lang.invoke.DirectMethodHandle$Holder.invokeSpecial(java.lang.Object, java.lang.Object, java.lang.Object)'> (0x000000071272ac38) 
thrown [./open/src/hotspot/share/interpreter/linkResolver.cpp, line 782]
Event: 0.131 Thread 0x000001d6fac27f20 Exception <a 'java/lang/NoSuchMethodError'{0x000000071273f8a8}: 'java.lang.Object java.lang.invoke.DirectMethodHandle$Holder.invokeStatic(java.lang.Object, java.lang.Object, int)'> (0x000000071273f8a8) 
thrown [./open/src/hotspot/share/interpreter/linkResolver.cpp, line 782]
Event: 0.132 Thread 0x000001d6fac27f20 Exception <a 'java/lang/NoSuchMethodError'{0x000000071274b9f0}: 'void java.lang.invoke.DelegatingMethodHandle$Holder.delegate(java.lang.Object, java.lang.Object, int, java.lang.Object)'> (0x000000071274b9f0) 
thrown [./open/src/hotspot/share/interpreter/linkResolver.cpp, line 782]
Event: 0.132 Thread 0x000001d6fac27f20 Exception <a 'java/lang/NoSuchMethodError'{0x000000071274fd38}: 'int java.lang.invoke.DirectMethodHandle$Holder.invokeSpecial(java.lang.Object, java.lang.Object, java.lang.Object)'> (0x000000071274fd38) 
thrown [./open/src/hotspot/share/interpreter/linkResolver.cpp, line 782]
Event: 0.164 Thread 0x000001d6fac27f20 Exception <a 'sun/nio/fs/WindowsException'{0x00000007124b2930}> (0x00000007124b2930) 
thrown [./open/src/hotspot/share/prims/jni.cpp, line 578]
Event: 0.164 Thread 0x000001d6fac27f20 Exception <a 'sun/nio/fs/WindowsException'{0x00000007124b2e88}> (0x00000007124b2e88) 
thrown [./open/src/hotspot/share/prims/jni.cpp, line 578]
Event: 0.169 Thread 0x000001d6fac27f20 Exception <a 'sun/nio/fs/WindowsException'{0x00000007124d3d40}> (0x00000007124d3d40) 
thrown [./open/src/hotspot/share/prims/jni.cpp, line 578]
Event: 0.169 Thread 0x000001d6fac27f20 Exception <a 'sun/nio/fs/WindowsException'{0x00000007124d40b0}> (0x00000007124d40b0) 
thrown [./open/src/hotspot/share/prims/jni.cpp, line 578]
Event: 0.173 Thread 0x000001d6fac27f20 Exception <a 'java/lang/NoSuchMethodError'{0x000000071253c4b8}: 'java.lang.Object java.lang.invoke.DirectMethodHandle$Holder.invokeStatic(java.lang.Object)'> (0x000000071253c4b8) 
thrown [./open/src/hotspot/share/interpreter/linkResolver.cpp, line 782]
Event: 0.174 Thread 0x000001d6fac27f20 Exception <a 'java/lang/NoSuchMethodError'{0x000000071253fb28}: 'java.lang.Object java.lang.invoke.DirectMethodHandle$Holder.invokeStaticInit(java.lang.Object)'> (0x000000071253fb28) 
thrown [./open/src/hotspot/share/interpreter/linkResolver.cpp, line 782]
Event: 0.326 Thread 0x000001d6fac27f20 Exception <a 'sun/nio/fs/WindowsException'{0x0000000712287068}> (0x0000000712287068) 
thrown [./open/src/hotspot/share/prims/jni.cpp, line 578]
Event: 0.326 Thread 0x000001d6fac27f20 Exception <a 'sun/nio/fs/WindowsException'{0x0000000712287418}> (0x0000000712287418) 
thrown [./open/src/hotspot/share/prims/jni.cpp, line 578]
Event: 0.328 Thread 0x000001d6fac27f20 Exception <a 'sun/nio/fs/WindowsException'{0x00000007122a0648}> (0x00000007122a0648) 
thrown [./open/src/hotspot/share/prims/jni.cpp, line 578]
Event: 0.328 Thread 0x000001d6fac27f20 Exception <a 'sun/nio/fs/WindowsException'{0x00000007122a0930}> (0x00000007122a0930) 
thrown [./open/src/hotspot/share/prims/jni.cpp, line 578]
Event: 0.352 Thread 0x000001d6fac27f20 Exception <a 'sun/nio/fs/WindowsException'{0x00000007120594b8}> (0x00000007120594b8) 
thrown [./open/src/hotspot/share/prims/jni.cpp, line 578]
Event: 0.352 Thread 0x000001d6fac27f20 Exception <a 'sun/nio/fs/WindowsException'{0x0000000712059858}> (0x0000000712059858) 
thrown [./open/src/hotspot/share/prims/jni.cpp, line 578]
Event: 0.441 Thread 0x000001d6fac27f20 Exception <a 'java/lang/NoSuchMethodError'{0x0000000711a96c78}: 'void java.lang.invoke.DirectMethodHandle$Holder.invokeStatic(java.lang.Object, long, int, int)'> (0x0000000711a96c78) 
thrown [./open/src/hotspot/share/interpreter/linkResolver.cpp, line 782]

Events (20 events):
Event: 0.677 Loaded shared library C:\Users\mikul\AppData\Local\Temp\lwjglmikul\3.2.3-build-13\lwjgl_opengl.dll
Event: 0.680 Loaded shared library C:\Users\mikul\AppData\Local\Temp\lwjglmikul\3.2.3-build-13\lwjgl_opengl.dll
Event: 0.680 Loaded shared library C:\Users\mikul\AppData\Local\Temp\lwjglmikul\3.2.3-build-13\lwjgl.dll
Event: 0.681 Loaded shared library C:\Users\mikul\AppData\Local\Temp\lwjglmikul\3.2.3-build-13\lwjgl.dll
Event: 1.336 Executing VM operation: HandshakeAllThreads
Event: 1.336 Executing VM operation: HandshakeAllThreads done
Event: 1.897 Thread 0x000001d6a69f0590 Thread exited: 0x000001d6a69f0590
Event: 2.128 loading class java/lang/invoke/BoundMethodHandle$Species_LLL
Event: 2.128 loading class java/lang/invoke/BoundMethodHandle$Species_LLL done
Event: 2.129 loading class java/lang/invoke/BoundMethodHandle$Species_LLLL
Event: 2.129 loading class java/lang/invoke/BoundMethodHandle$Species_LLLL done
Event: 2.129 loading class java/lang/invoke/BoundMethodHandle$Species_LLLLL
Event: 2.129 loading class java/lang/invoke/BoundMethodHandle$Species_LLLLL done
Event: 2.130 loading class java/lang/invoke/BoundMethodHandle$Species_LJ
Event: 2.130 loading class java/lang/invoke/BoundMethodHandle$Species_LJ done
Event: 2.131 loading class java/lang/invoke/BoundMethodHandle$Species_LLLLLL
Event: 2.131 loading class java/lang/invoke/BoundMethodHandle$Species_LLLLLL done
Event: 2.131 loading class java/lang/invoke/BoundMethodHandle$Species_LLLLLLL
Event: 2.131 loading class java/lang/invoke/BoundMethodHandle$Species_LLLLLLL done
Event: 3.301 Thread 0x000001d6a51f3580 Thread exited: 0x000001d6a51f3580


Dynamic libraries:
0x00007ff724140000 - 0x00007ff72414f000 	C:\Program Files\Java\jdk-15.0.2\bin\java.exe
0x00007ffdcdc10000 - 0x00007ffdcde05000 	C:\WINDOWS\SYSTEM32\ntdll.dll
0x00007ffd9d8d0000 - 0x00007ffd9d8e3000 	C:\Program Files\Avast Software\Avast\aswhook.dll
0x00007ffdcd920000 - 0x00007ffdcd9dd000 	C:\WINDOWS\System32\KERNEL32.DLL
0x00007ffdcb900000 - 0x00007ffdcbbc8000 	C:\WINDOWS\System32\KERNELBASE.dll
0x00007ffdcb570000 - 0x00007ffdcb670000 	C:\WINDOWS\System32\ucrtbase.dll
0x00007ffdc6bd0000 - 0x00007ffdc6be8000 	C:\Program Files\Java\jdk-15.0.2\bin\jli.dll
0x00007ffdc6bb0000 - 0x00007ffdc6bc9000 	C:\Program Files\Java\jdk-15.0.2\bin\VCRUNTIME140.dll
0x00007ffdcd0a0000 - 0x00007ffdcd14c000 	C:\WINDOWS\System32\ADVAPI32.dll
0x00007ffdcd600000 - 0x00007ffdcd69e000 	C:\WINDOWS\System32\msvcrt.dll
0x00007ffdcda10000 - 0x00007ffdcdaab000 	C:\WINDOWS\System32\sechost.dll
0x00007ffdcc150000 - 0x00007ffdcc27b000 	C:\WINDOWS\System32\RPCRT4.dll
0x00007ffdcbc70000 - 0x00007ffdcbe10000 	C:\WINDOWS\System32\USER32.dll
0x00007ffdcb430000 - 0x00007ffdcb452000 	C:\WINDOWS\System32\win32u.dll
0x00007ffdb7ed0000 - 0x00007ffdb816a000 	C:\WINDOWS\WinSxS\amd64_microsoft.windows.common-controls_6595b64144ccf1df_6.0.19041.844_none_ca00b6081b84eb1d\COMCTL32.dll
0x00007ffdccdf0000 - 0x00007ffdcce1a000 	C:\WINDOWS\System32\GDI32.dll
0x00007ffdcb460000 - 0x00007ffdcb56b000 	C:\WINDOWS\System32\gdi32full.dll
0x00007ffdcbbd0000 - 0x00007ffdcbc6d000 	C:\WINDOWS\System32\msvcp_win.dll
0x00007ffdc46d0000 - 0x00007ffdc46da000 	C:\WINDOWS\SYSTEM32\VERSION.dll
0x00007ffdcd9e0000 - 0x00007ffdcda10000 	C:\WINDOWS\System32\IMM32.DLL
0x00007ffdc6ba0000 - 0x00007ffdc6bac000 	C:\Program Files\Java\jdk-15.0.2\bin\vcruntime140_1.dll
0x00007ffda1220000 - 0x00007ffda12b1000 	C:\Program Files\Java\jdk-15.0.2\bin\msvcp140.dll
0x00007ffd10b40000 - 0x00007ffd1169e000 	C:\Program Files\Java\jdk-15.0.2\bin\server\jvm.dll
0x00007ffdcd910000 - 0x00007ffdcd918000 	C:\WINDOWS\System32\PSAPI.DLL
0x00007ffdb67d0000 - 0x00007ffdb67f7000 	C:\WINDOWS\SYSTEM32\WINMM.dll
0x00007ffdb4450000 - 0x00007ffdb4459000 	C:\WINDOWS\SYSTEM32\WSOCK32.dll
0x00007ffdcdb60000 - 0x00007ffdcdbcb000 	C:\WINDOWS\System32\WS2_32.dll
0x00007ffdc9c20000 - 0x00007ffdc9c32000 	C:\WINDOWS\SYSTEM32\kernel.appcore.dll
0x00007ffdc6b90000 - 0x00007ffdc6b9a000 	C:\Program Files\Java\jdk-15.0.2\bin\jimage.dll
0x00007ffdc90e0000 - 0x00007ffdc92c4000 	C:\WINDOWS\SYSTEM32\DBGHELP.DLL
0x00007ffdbd380000 - 0x00007ffdbd3ac000 	C:\WINDOWS\SYSTEM32\dbgcore.DLL
0x00007ffdcb350000 - 0x00007ffdcb3d0000 	C:\WINDOWS\System32\bcryptPrimitives.dll
0x00007ffdc6b60000 - 0x00007ffdc6b85000 	C:\Program Files\Java\jdk-15.0.2\bin\java.dll
0x00007ffdcc5e0000 - 0x00007ffdccd22000 	C:\WINDOWS\System32\SHELL32.dll
0x00007ffdc9470000 - 0x00007ffdc9c01000 	C:\WINDOWS\SYSTEM32\windows.storage.dll
0x00007ffdcc280000 - 0x00007ffdcc5d5000 	C:\WINDOWS\System32\combase.dll
0x00007ffdcadc0000 - 0x00007ffdcadec000 	C:\WINDOWS\SYSTEM32\Wldp.dll
0x00007ffdcc0a0000 - 0x00007ffdcc14e000 	C:\WINDOWS\System32\SHCORE.dll
0x00007ffdcd700000 - 0x00007ffdcd755000 	C:\WINDOWS\System32\shlwapi.dll
0x00007ffdcb290000 - 0x00007ffdcb2af000 	C:\WINDOWS\SYSTEM32\profapi.dll
0x00007ffdc6b40000 - 0x00007ffdc6b59000 	C:\Program Files\Java\jdk-15.0.2\bin\net.dll
0x00007ffdb9730000 - 0x00007ffdb983b000 	C:\WINDOWS\SYSTEM32\WINHTTP.dll
0x00007ffdcab30000 - 0x00007ffdcab9a000 	C:\WINDOWS\system32\mswsock.dll
0x00007ffdc6b20000 - 0x00007ffdc6b32000 	C:\Program Files\Java\jdk-15.0.2\bin\nio.dll
0x00007ffdc66f0000 - 0x00007ffdc6708000 	C:\Program Files\Java\jdk-15.0.2\bin\zip.dll
0x00007ffdb1110000 - 0x00007ffdb1174000 	C:\Users\mikul\AppData\Local\Temp\lwjglmikul\3.2.3-build-13\lwjgl.dll
0x00007ffd9b3c0000 - 0x00007ffd9b422000 	C:\Users\mikul\AppData\Local\Temp\lwjglmikul\3.2.3-build-13\glfw.dll
0x00007ffdc8ab0000 - 0x00007ffdc8b4e000 	C:\WINDOWS\system32\uxtheme.dll
0x00007ffdb11e0000 - 0x00007ffdb1225000 	C:\WINDOWS\SYSTEM32\dinput8.dll
0x00007ffdc6c00000 - 0x00007ffdc6c11000 	C:\WINDOWS\SYSTEM32\xinput1_4.dll
0x00007ffdcb670000 - 0x00007ffdcb6be000 	C:\WINDOWS\System32\cfgmgr32.dll
0x00007ffdcb100000 - 0x00007ffdcb12c000 	C:\WINDOWS\SYSTEM32\DEVOBJ.dll
0x00007ffdc8bd0000 - 0x00007ffdc8bff000 	C:\WINDOWS\SYSTEM32\dwmapi.dll
0x00007ffdbc3e0000 - 0x00007ffdbc532000 	C:\WINDOWS\SYSTEM32\inputhost.dll
0x00007ffdccfd0000 - 0x00007ffdcd09d000 	C:\WINDOWS\System32\OLEAUT32.dll
0x00007ffdc85f0000 - 0x00007ffdc86e2000 	C:\WINDOWS\SYSTEM32\CoreMessaging.dll
0x00007ffdc7bc0000 - 0x00007ffdc7d14000 	C:\WINDOWS\SYSTEM32\wintypes.dll
0x00007ffdc6c70000 - 0x00007ffdc6d67000 	C:\WINDOWS\SYSTEM32\PROPSYS.dll
0x00007ffdc8290000 - 0x00007ffdc85ee000 	C:\WINDOWS\SYSTEM32\CoreUIComponents.dll
0x00007ffdca090000 - 0x00007ffdca0c3000 	C:\WINDOWS\SYSTEM32\ntmarta.dll
0x00007ffdcd760000 - 0x00007ffdcd875000 	C:\WINDOWS\System32\MSCTF.dll
0x00007ffdc9c10000 - 0x00007ffdc9c1d000 	C:\WINDOWS\SYSTEM32\HID.DLL
0x00007ffdcd190000 - 0x00007ffdcd5f9000 	C:\WINDOWS\System32\SETUPAPI.DLL
0x00007ffdcb6c0000 - 0x00007ffdcb6e7000 	C:\WINDOWS\System32\bcrypt.dll
0x00007ffdcb3d0000 - 0x00007ffdcb430000 	C:\WINDOWS\System32\WINTRUST.dll
0x00007ffdcb6f0000 - 0x00007ffdcb84f000 	C:\WINDOWS\System32\CRYPT32.dll
0x00007ffdcaf40000 - 0x00007ffdcaf52000 	C:\WINDOWS\SYSTEM32\MSASN1.dll
0x00007ffd909d0000 - 0x00007ffd90af6000 	C:\WINDOWS\SYSTEM32\opengl32.dll
0x00007ffd97360000 - 0x00007ffd9738c000 	C:\WINDOWS\SYSTEM32\GLU32.dll
0x00007ffdcdab0000 - 0x00007ffdcdb59000 	C:\WINDOWS\System32\clbcatq.dll
0x00007ffd0f470000 - 0x00007ffd10435000 	C:\WINDOWS\System32\DriverStore\FileRepository\iigd_dch.inf_amd64_27e3f997fcc85a29\ig9icd64.dll
0x00007ffdccea0000 - 0x00007ffdccfca000 	C:\WINDOWS\System32\ole32.dll
0x00007ffdc9db0000 - 0x00007ffdc9ea3000 	C:\WINDOWS\system32\dxgi.dll
0x00007ffdc02d0000 - 0x00007ffdc0512000 	C:\WINDOWS\System32\DriverStore\FileRepository\iigd_dch.inf_amd64_27e3f997fcc85a29\igdgmm64.dll
0x00007ffdbd6d0000 - 0x00007ffdc02c2000 	C:\WINDOWS\System32\DriverStore\FileRepository\iigd_dch.inf_amd64_27e3f997fcc85a29\igc64.dll
0x00007ffdca940000 - 0x00007ffdca98b000 	C:\WINDOWS\SYSTEM32\powrprof.dll
0x00007ffdca7b0000 - 0x00007ffdca7c2000 	C:\WINDOWS\SYSTEM32\UMPDC.dll
0x00007ffd0f060000 - 0x00007ffd0f46b000 	C:\WINDOWS\System32\DriverStore\FileRepository\iigd_dch.inf_amd64_27e3f997fcc85a29\igdml64.dll
0x00007ffdbc540000 - 0x00007ffdbc639000 	C:\WINDOWS\SYSTEM32\textinputframework.dll
0x00007ffd9b110000 - 0x00007ffd9b169000 	C:\Users\mikul\AppData\Local\Temp\lwjglmikul\3.2.3-build-13\lwjgl_opengl.dll
0x00007ffd0ded0000 - 0x00007ffd0e123000 	C:\Users\mikul\AppData\Local\Temp\lwjglmikul\3.2.3-build-13\jemalloc.dll

dbghelp: loaded successfully - version: 4.0.5 - missing functions: none
symbol engine: initialized successfully - sym options: 0x614 - pdb path: .;C:\Program Files\Java\jdk-15.0.2\bin;C:\WINDOWS\SYSTEM32;C:\Program Files\Avast Software\Avast;C:\WINDOWS\WinSxS\amd64_microsoft.windows.common-controls_6595b64144ccf1df_6.0.19041.844_none_ca00b6081b84eb1d;C:\Program Files\Java\jdk-15.0.2\bin\server;C:\Users\mikul\AppData\Local\Temp\lwjglmikul\3.2.3-build-13;C:\WINDOWS\System32\DriverStore\FileRepository\iigd_dch.inf_amd64_27e3f997fcc85a29

VM Arguments:
jvm_args: -Dfile.encoding=windows-1252 -Duser.country=US -Duser.language=en -Duser.variant 
java_command: mainEtc.Main
java_class_path (initial): C:\Users\mikul\IdeaProjects\GLCollisions\build\classes\java\main;C:\Users\mikul\IdeaProjects\GLCollisions\build\resources\main;C:\Users\mikul\.gradle\caches\modules-2\files-2.1\org.lwjgl\lwjgl-assimp\3.2.3\f62aa07a20afbdd3097efc296c4841e0d29700eb\lwjgl-assimp-3.2.3.jar;C:\Users\mikul\.gradle\caches\modules-2\files-2.1\org.lwjgl\lwjgl-assimp\3.2.3\4e60aeb75f0343c4a9ede4ef8b6b32ca702a00a3\lwjgl-assimp-3.2.3-natives-windows.jar;C:\Users\mikul\.gradle\caches\modules-2\files-2.1\org.lwjgl\lwjgl-bgfx\3.2.3\433883c4040fa8df47244dffa1d42c96ce2143de\lwjgl-bgfx-3.2.3.jar;C:\Users\mikul\.gradle\caches\modules-2\files-2.1\org.lwjgl\lwjgl-bgfx\3.2.3\f589da97dd3cfa96f42c8c812a0a028cf28223b8\lwjgl-bgfx-3.2.3-natives-windows.jar;C:\Users\mikul\.gradle\caches\modules-2\files-2.1\org.lwjgl\lwjgl-cuda\3.2.3\fb91f3aaa29e69eee7f1314a63d3e3068ad138e4\lwjgl-cuda-3.2.3.jar;C:\Users\mikul\.gradle\caches\modules-2\files-2.1\org.lwjgl\lwjgl-egl\3.2.3\45ad689a4346fac69d4e8696fa02aaa98f0ea196\lwjgl-egl-3.2.3.jar;C:\Users\mikul\.gradle\caches\modules-2\files-2.1\org.lwjgl\lwjgl-glfw\3.2.3\5e520d5c290c8b012545a8d34fa5db5ab051ea53\lwjgl-glfw-3.2.3.jar;C:\Users\mikul\.gradle\caches\modules-2\files-2.1\org.lwjgl\lwjgl-glfw\3.2.3\b4d8a3477cdc2edcf7a5f1e822926be846223f54\lwjgl-glfw-3.2.3-natives-windows.jar;C:\Users\mikul\.gradle\caches\modules-2\files-2.1\org.lwjgl\lwjgl-jawt\3.2.3\b93ceb43c55c28651e178af42e1f344e1e9d8bf3\lwjgl-jawt-3.2.3.jar;C:\Users\mikul\.gradle\caches\modules-2\files-2.1\org.lwjgl\lwjgl-jemalloc\3.2.3\b6fd0932171ba3f2eaa4547beddca3a3e645342d\lwjgl-jemalloc-3.2.3.jar;C:\Users\mikul\.gradle\caches\modules-2\files-2.1\org.lwjgl\lwjgl-jemalloc\3.2.3\3423fd0d4c7c1916c8f46b2075c4c2df02f22675\lwjgl-jemalloc-3.2.3-natives-windows.jar;C:\Users\mikul\.gradle\caches\modules-2\files-2.1\org.lwjgl\lwjgl-libdivide\3.2.3\58c515f934b8b3fd64897d436a9aaea518ac180a\lwjgl-libdivide-3.2.3.jar;C:\Users\mikul\.gradle\caches\modules-2\files-2.1\org.lwjgl\lwjgl-libdivide\3.2.
Launcher Type: SUN_STANDARD

[Global flags]
     intx CICompilerCount                          = 12                                        {product} {ergonomic}
     uint ConcGCThreads                            = 3                                         {product} {ergonomic}
     uint G1ConcRefinementThreads                  = 13                                        {product} {ergonomic}
   size_t G1HeapRegionSize                         = 2097152                                   {product} {ergonomic}
    uintx GCDrainStackTargetSize                   = 64                                        {product} {ergonomic}
   size_t InitialHeapSize                          = 266338304                                 {product} {ergonomic}
   size_t MarkStackSize                            = 4194304                                   {product} {ergonomic}
   size_t MaxHeapSize                              = 4244635648                                {product} {ergonomic}
   size_t MaxNewSize                               = 2545942528                                {product} {ergonomic}
   size_t MinHeapDeltaBytes                        = 2097152                                   {product} {ergonomic}
   size_t MinHeapSize                              = 8388608                                   {product} {ergonomic}
    uintx NonNMethodCodeHeapSize                   = 7602480                                {pd product} {ergonomic}
    uintx NonProfiledCodeHeapSize                  = 122027880                              {pd product} {ergonomic}
    uintx ProfiledCodeHeapSize                     = 122027880                              {pd product} {ergonomic}
    uintx ReservedCodeCacheSize                    = 251658240                              {pd product} {ergonomic}
     bool SegmentedCodeCache                       = true                                      {product} {ergonomic}
   size_t SoftMaxHeapSize                          = 4244635648                             {manageable} {ergonomic}
     bool UseCompressedClassPointers               = true                                 {lp64_product} {ergonomic}
     bool UseCompressedOops                        = true                                 {lp64_product} {ergonomic}
     bool UseG1GC                                  = true                                      {product} {ergonomic}
     bool UseLargePagesIndividualAllocation        = false                                  {pd product} {ergonomic}

Logging:
Log output configuration:
 #0: stdout all=warning uptime,level,tags
 #1: stderr all=off uptime,level,tags

Environment Variables:
JAVA_HOME=C:\Program Files\Java\jdk-15.0.2
PATH=C:\Program Files\Common Files\Oracle\Java\javapath;C:\Python39\Scripts\;C:\Python39\;C:\Windows\system32;C:\Windows;C:\Windows\System32\Wbem;C:\Windows\System32\WindowsPowerShell\v1.0\;C:\Windows\System32\OpenSSH\;C:\Program Files (x86)\NVIDIA Corporation\PhysX\Common;C:\Program Files\NVIDIA Corporation\NVIDIA NvDLISR;C:\Program Files\nodejs\;C:\ProgramData\chocolatey\bin;C:\Program Files\Git\cmd;C:\Users\mikul\Downloads\apache-maven-3.8.1-bin\apache-maven-3.8.1\bin;C:\Users\mikul\node_modules\.bin;;%SystemRoot%\system32;%SystemRoot%;%SystemRoot%\System32\Wbem;%SYSTEMROOT%\System32\WindowsPowerShell\v1.0\;%SYSTEMROOT%\System32\OpenSSH\;C:\Users\mikul\Downloads\apache-maven-3.8.1-bin\apache-maven-3.8.1\bin;C:\Users\mikul\node_modules\.bin;C:\Users\mikul\AppData\Local\Microsoft\WindowsApps;C:\Program Files (x86)\Nmap;C:\Users\mikul\AppData\Local\GitHubDesktop\bin
USERNAME=mikul
OS=Windows_NT
PROCESSOR_IDENTIFIER=Intel64 Family 6 Model 165 Stepping 2, GenuineIntel



---------------  S Y S T E M  ---------------

OS:
 Windows 10 , 64 bit Build 19041 (10.0.19041.928)
OS uptime: 0 days 1:25 hours

CPU: total 16 (initial active 16) (8 cores per cpu, 2 threads per core) family 6 model 165 stepping 2 microcode 0xe2, cmov, cx8, fxsr, mmx, sse, sse2, sse3, ssse3, sse4.1, sse4.2, popcnt, vzeroupper, avx, avx2, aes, clmul, erms, 3dnowpref, lzcnt, ht, tsc, tscinvbit, bmi1, bmi2, adx, fma, clflush, clflushopt

Memory: 4k page, system-wide physical 16185M (6594M free)
TotalPageFile size 27449M (AvailPageFile size 13587M)
current process WorkingSet (physical memory assigned to process): 144M, peak: 144M
current process commit charge ("private bytes"): 425M, peak: 434M

vm_info: Java HotSpot(TM) 64-Bit Server VM (15.0.2+7-27) for windows-amd64 JRE (15.0.2+7-27), built on Dec  7 2020 20:07:01 by "mach5one" with unknown MS VC++:1925

END.
