#
# A fatal error has been detected by the Java Runtime Environment:
#
#  EXCEPTION_ACCESS_VIOLATION (0xc0000005) at pc=0x00007ff8dc0bfa40, pid=10908, tid=13040
#
# JRE version: Java(TM) SE Runtime Environment (15.0.2+7) (build 15.0.2+7-27)
# Java VM: Java HotSpot(TM) 64-Bit Server VM (15.0.2+7-27, mixed mode, sharing, tiered, compressed oops, g1 gc, windows-amd64)
# Problematic frame:
# C  [nvoglv64.dll+0x113fa40]
#
# No core dump will be written. Minidumps are not enabled by default on client versions of Windows
#
# If you would like to submit a bug report, please visit:
#   https://bugreport.java.com/bugreport/crash.jsp
# The crash happened outside the Java Virtual Machine in native code.
# See problematic frame for where to report the bug.
#

---------------  S U M M A R Y ------------

Command Line: -Dfile.encoding=windows-1252 -Duser.country=US -Duser.language=en -Duser.variant mainEtc.Main

Host: Intel(R) Core(TM) i7-10875H CPU @ 2.30GHz, 16 cores, 15G,  Windows 10 , 64 bit Build 18362 (10.0.18362.1350)
Time: Tue Apr 13 17:57:17 2021 Central Europe Daylight Time elapsed time: 0.548506 seconds (0d 0h 0m 0s)

---------------  T H R E A D  ---------------

Current thread (0x000001f44ee0cf00):  JavaThread "main" [_thread_in_native, id=13040, stack(0x0000007196900000,0x0000007196a00000)]

Stack: [0x0000007196900000,0x0000007196a00000],  sp=0x00000071969ff508,  free space=1021k
Native frames: (J=compiled Java code, j=interpreted, Vv=VM code, C=native code)
C  [nvoglv64.dll+0x113fa40]

Java frames: (J=compiled Java code, j=interpreted, Vv=VM code)
j  org.lwjgl.opengl.GL11C.nglDrawElements(IIIJ)V+0
j  org.lwjgl.opengl.GL11C.glDrawElements(IIIJ)V+4
j  org.lwjgl.opengl.GL11.glDrawElements(IIIJ)V+4
j  models.Square.render(J)V+17
j  mainEtc.Main.main([Ljava/lang/String;)V+69
v  ~StubRoutines::call_stub

siginfo: EXCEPTION_ACCESS_VIOLATION (0xc0000005), reading address 0x0000000000000000


Register to memory mapping:

RIP=0x00007ff8dc0bfa40 nvoglv64.dll
RAX=0x0000000000022006 is an unknown value
RBX=0x000001f4743364e4 points into unknown readable memory: 06 20 02 00
RCX=0x000001f474336500 points into unknown readable memory: 0x0000000000000000 | 00 00 00 00 00 00 00 00
RDX=0x0 is NULL
RSP=0x00000071969ff508 is pointing into the stack for thread: 0x000001f44ee0cf00
RBP=0x0000000000000044 is an unknown value
RSI=0x0000000000000006 is an unknown value
RDI=0x000001f47528f080 points into unknown readable memory: 0x0000000000000000 | 00 00 00 00 00 00 00 00
R8 =0x0000000000000018 is an unknown value
R9 =0x000001f4743364e4 points into unknown readable memory: 06 20 02 00
R10=0x0 is NULL
R11=0x000001f474336500 points into unknown readable memory: 0x0000000000000000 | 00 00 00 00 00 00 00 00
R12=0x0000000000000004 is an unknown value
R13=0x0000000000001405 is an unknown value
R14=0x0 is NULL
R15=0x000001f44ee0cf00 is a thread


Registers:
RAX=0x0000000000022006, RBX=0x000001f4743364e4, RCX=0x000001f474336500, RDX=0x0000000000000000
RSP=0x00000071969ff508, RBP=0x0000000000000044, RSI=0x0000000000000006, RDI=0x000001f47528f080
R8 =0x0000000000000018, R9 =0x000001f4743364e4, R10=0x0000000000000000, R11=0x000001f474336500
R12=0x0000000000000004, R13=0x0000000000001405, R14=0x0000000000000000, R15=0x000001f44ee0cf00
RIP=0x00007ff8dc0bfa40, EFLAGS=0x0000000000010283

Top of Stack: (sp=0x00000071969ff508)
0x00000071969ff508:   00007ff8db757a6c 0000000000000148
0x00000071969ff518:   000001f47367db70 00000071969ff630
0x00000071969ff528:   00007ff8df7ec687 000000000017555d
0x00000071969ff538:   000001f45705e016 000001f44ee0cf00
0x00000071969ff548:   0000000000000148 000001f47367db70
0x00000071969ff558:   000001f44ee0cf00 000001f45703a1aa
0x00000071969ff568:   000001f45703efc0 00000071969ff670
0x00000071969ff578:   000001f47367db70 0000000000000000
0x00000071969ff588:   000001f45703a1aa 0000000000000148
0x00000071969ff598:   000001f45703f177 00000071969ff630
0x00000071969ff5a8:   0000007100000018 000001f44ee0cf00
0x00000071969ff5b8:   000001f47367db70 000001f400001405
0x00000071969ff5c8:   0000000000000000 3ff0000000000000
0x00000071969ff5d8:   000001f44ee0cf00 000001f45703ee16
0x00000071969ff5e8:   00000071969ff5e8 000001f47367db70
0x00000071969ff5f8:   00000071969ff670 000001f473688818 

Instructions: (pc=0x00007ff8dc0bfa40)
0x00007ff8dc0bf940:   33 c0 c3 1b c0 83 d8 ff c3 90 49 c1 e9 02 74 37
0x00007ff8dc0bf950:   48 8b 01 48 3b 04 11 75 5b 48 8b 41 08 48 3b 44
0x00007ff8dc0bf960:   11 08 75 4c 48 8b 41 10 48 3b 44 11 10 75 3d 48
0x00007ff8dc0bf970:   8b 41 18 48 3b 44 11 18 75 2e 48 83 c1 20 49 ff
0x00007ff8dc0bf980:   c9 75 cd 49 83 e0 1f 4d 8b c8 49 c1 e9 03 74 9b
0x00007ff8dc0bf990:   48 8b 01 48 3b 04 11 75 1b 48 83 c1 08 49 ff c9
0x00007ff8dc0bf9a0:   75 ee 49 83 e0 07 eb 83 48 83 c1 08 48 83 c1 08
0x00007ff8dc0bf9b0:   48 83 c1 08 48 8b 0c 0a 48 0f c8 48 0f c9 48 3b
0x00007ff8dc0bf9c0:   c1 1b c0 83 d8 ff c3 cc cc cc cc cc cc cc cc cc
0x00007ff8dc0bf9d0:   cc cc cc cc cc cc 66 66 0f 1f 84 00 00 00 00 00
0x00007ff8dc0bf9e0:   57 56 49 8b c3 48 8b f9 49 8b c8 49 8b f2 f3 a4
0x00007ff8dc0bf9f0:   5e 5f c3 cc cc cc cc cc cc 0f 1f 80 00 00 00 00
0x00007ff8dc0bfa00:   4c 8b d9 4c 8b d2 49 83 f8 10 76 54 49 83 f8 20
0x00007ff8dc0bfa10:   76 2e 48 2b d1 73 0d 4b 8d 04 10 48 3b c8 0f 82
0x00007ff8dc0bfa20:   dc 02 00 00 49 81 f8 80 00 00 00 0f 86 0f 02 00
0x00007ff8dc0bfa30:   00 f6 05 20 a1 92 01 02 0f 84 52 01 00 00 eb a0
0x00007ff8dc0bfa40:   0f 10 02 42 0f 10 4c 02 f0 0f 11 01 42 0f 11 4c
0x00007ff8dc0bfa50:   01 f0 48 8b c1 c3 66 66 0f 1f 84 00 00 00 00 00
0x00007ff8dc0bfa60:   48 8b c1 4c 8d 0d 96 05 ec fe 43 8b 8c 81 10 4a
0x00007ff8dc0bfa70:   bb 02 49 03 c9 ff e1 66 0f 1f 84 00 00 00 00 00
0x00007ff8dc0bfa80:   c3 0f b7 0a 66 89 08 c3 48 8b 0a 48 89 08 c3 0f
0x00007ff8dc0bfa90:   b7 0a 44 0f b6 42 02 66 89 08 44 88 40 02 c3 0f
0x00007ff8dc0bfaa0:   b6 0a 88 08 c3 f3 0f 6f 02 f3 0f 7f 00 c3 66 90
0x00007ff8dc0bfab0:   4c 8b 02 0f b7 4a 08 44 0f b6 4a 0a 4c 89 00 66
0x00007ff8dc0bfac0:   89 48 08 44 88 48 0a c3 8b 0a 89 08 c3 0f 1f 00
0x00007ff8dc0bfad0:   8b 0a 44 0f b6 42 04 89 08 44 88 40 04 c3 66 90
0x00007ff8dc0bfae0:   8b 0a 44 0f b7 42 04 89 08 66 44 89 40 04 c3 90
0x00007ff8dc0bfaf0:   8b 0a 44 0f b7 42 04 44 0f b6 4a 06 89 08 66 44
0x00007ff8dc0bfb00:   89 40 04 44 88 48 06 c3 4c 8b 02 8b 4a 08 44 0f
0x00007ff8dc0bfb10:   b6 4a 0c 4c 89 00 89 48 08 44 88 48 0c c3 66 90
0x00007ff8dc0bfb20:   4c 8b 02 0f b6 4a 08 4c 89 00 88 48 08 c3 66 90
0x00007ff8dc0bfb30:   4c 8b 02 0f b7 4a 08 4c 89 00 66 89 48 08 c3 90 


Stack slot to memory mapping:
stack at sp + 0 slots: 0x00007ff8db757a6c nvoglv64.dll
stack at sp + 1 slots: 0x0000000000000148 is an unknown value
stack at sp + 2 slots: {method} {0x000001f47367db78} 'nglDrawElements' '(IIIJ)V' in 'org/lwjgl/opengl/GL11C'
stack at sp + 3 slots: 0x00000071969ff630 is pointing into the stack for thread: 0x000001f44ee0cf00
stack at sp + 4 slots: 0x00007ff8df7ec687 jvm.dll
stack at sp + 5 slots: 0x000000000017555d is an unknown value
stack at sp + 6 slots: 0x000001f45705e016 is at code_begin+3734 in 
[CodeBlob (0x000001f45705d110)]
Framesize: 0
BufferBlob (0x000001f45705d110) used for native signature handlers
stack at sp + 7 slots: 0x000001f44ee0cf00 is a thread


---------------  P R O C E S S  ---------------

Threads class SMR info:
_java_thread_list=0x000001f47a1a5970, length=14, elements={
0x000001f44ee0cf00, 0x000001f472eaad20, 0x000001f472eab9c0, 0x000001f472ec7b40,
0x000001f472ec86c0, 0x000001f472ec99e0, 0x000001f472ed7280, 0x000001f472eda840,
0x000001f472edba20, 0x000001f473898d00, 0x000001f47389b220, 0x000001f4738f0450,
0x000001f4738f1e10, 0x000001f479d88450
}

Java Threads: ( => current thread )
=>0x000001f44ee0cf00 JavaThread "main" [_thread_in_native, id=13040, stack(0x0000007196900000,0x0000007196a00000)]
  0x000001f472eaad20 JavaThread "Reference Handler" daemon [_thread_blocked, id=10380, stack(0x0000007197000000,0x0000007197100000)]
  0x000001f472eab9c0 JavaThread "Finalizer" daemon [_thread_blocked, id=18272, stack(0x0000007197100000,0x0000007197200000)]
  0x000001f472ec7b40 JavaThread "Signal Dispatcher" daemon [_thread_blocked, id=3036, stack(0x0000007197200000,0x0000007197300000)]
  0x000001f472ec86c0 JavaThread "Attach Listener" daemon [_thread_blocked, id=12608, stack(0x0000007197300000,0x0000007197400000)]
  0x000001f472ec99e0 JavaThread "Service Thread" daemon [_thread_blocked, id=25740, stack(0x0000007197400000,0x0000007197500000)]
  0x000001f472ed7280 JavaThread "C2 CompilerThread0" daemon [_thread_blocked, id=20736, stack(0x0000007197500000,0x0000007197600000)]
  0x000001f472eda840 JavaThread "C1 CompilerThread0" daemon [_thread_blocked, id=22136, stack(0x0000007197600000,0x0000007197700000)]
  0x000001f472edba20 JavaThread "Sweeper thread" daemon [_thread_blocked, id=11744, stack(0x0000007197700000,0x0000007197800000)]
  0x000001f473898d00 JavaThread "C1 CompilerThread1" daemon [_thread_blocked, id=23028, stack(0x0000007197800000,0x0000007197900000)]
  0x000001f47389b220 JavaThread "C1 CompilerThread2" daemon [_thread_blocked, id=22700, stack(0x0000007197900000,0x0000007197a00000)]
  0x000001f4738f0450 JavaThread "Notification Thread" daemon [_thread_blocked, id=18788, stack(0x0000007197a00000,0x0000007197b00000)]
  0x000001f4738f1e10 JavaThread "Common-Cleaner" daemon [_thread_blocked, id=21300, stack(0x0000007197c00000,0x0000007197d00000)]
  0x000001f479d88450 JavaThread "C1 CompilerThread3" daemon [_thread_blocked, id=18848, stack(0x0000007197d00000,0x0000007197e00000)]

Other Threads:
  0x000001f472ea8c30 VMThread "VM Thread" [stack: 0x0000007196f00000,0x0000007197000000] [id=13528]
  0x000001f4738f1140 WatcherThread [stack: 0x0000007197b00000,0x0000007197c00000] [id=4072]
  0x000001f44ee5efc0 GCTaskThread "GC Thread#0" [stack: 0x0000007196a00000,0x0000007196b00000] [id=10148]
  0x000001f44ee710f0 ConcurrentGCThread "G1 Main Marker" [stack: 0x0000007196b00000,0x0000007196c00000] [id=24316]
  0x000001f44ee72500 ConcurrentGCThread "G1 Conc#0" [stack: 0x0000007196c00000,0x0000007196d00000] [id=9056]
  0x000001f472da44f0 ConcurrentGCThread "G1 Refine#0" [stack: 0x0000007196d00000,0x0000007196e00000] [id=23032]
  0x000001f44eeccce0 ConcurrentGCThread "G1 Young RemSet Sampling" [stack: 0x0000007196e00000,0x0000007196f00000] [id=12424]

Threads with active compile tasks:

VM state: not at safepoint (normal execution)

VM Mutex/Monitor currently owned by a thread: None

Heap address: 0x0000000702800000, size: 4056 MB, Compressed Oops mode: Zero based, Oop shift amount: 3
CDS archive(s) mapped at: [0x0000000800000000-0x0000000800b50000-0x0000000800b50000), size 11862016, SharedBaseAddress: 0x0000000800000000, ArchiveRelocationMode: 0.
Compressed class space mapped at: 0x0000000800b50000-0x0000000840b50000, size: 1073741824
Narrow klass base: 0x0000000800000000, Narrow klass shift: 3, Narrow klass range: 0x100000000

GC Precious Log:
 CPUs: 16 total, 16 available
 Memory: 16218M
 Large Page Support: Disabled
 NUMA Support: Disabled
 Compressed Oops: Enabled (Zero based)
 Heap Region Size: 2M
 Heap Min Capacity: 8M
 Heap Initial Capacity: 254M
 Heap Max Capacity: 4056M
 Pre-touch: Disabled
 Parallel Workers: 13
 Concurrent Workers: 3
 Concurrent Refinement Workers: 13
 Periodic GC: Disabled

Heap:
 garbage-first heap   total 260096K, used 14336K [0x0000000702800000, 0x0000000800000000)
  region size 2048K, 8 young (16384K), 0 survivors (0K)
 Metaspace       used 5634K, capacity 8410K, committed 8576K, reserved 1056768K
  class space    used 287K, capacity 571K, committed 640K, reserved 1048576K

Heap Regions: E=young(eden), S=young(survivor), O=old, HS=humongous(starts), HC=humongous(continues), CS=collection set, F=free, OA=open archive, CA=closed archive, TAMS=top-at-mark-start (previous, next)
|   0|0x0000000702800000, 0x0000000702800000, 0x0000000702a00000|  0%| F|  |TAMS 0x0000000702800000, 0x0000000702800000| Untracked 
|   1|0x0000000702a00000, 0x0000000702a00000, 0x0000000702c00000|  0%| F|  |TAMS 0x0000000702a00000, 0x0000000702a00000| Untracked 
|   2|0x0000000702c00000, 0x0000000702c00000, 0x0000000702e00000|  0%| F|  |TAMS 0x0000000702c00000, 0x0000000702c00000| Untracked 
|   3|0x0000000702e00000, 0x0000000702e00000, 0x0000000703000000|  0%| F|  |TAMS 0x0000000702e00000, 0x0000000702e00000| Untracked 
|   4|0x0000000703000000, 0x0000000703000000, 0x0000000703200000|  0%| F|  |TAMS 0x0000000703000000, 0x0000000703000000| Untracked 
|   5|0x0000000703200000, 0x0000000703200000, 0x0000000703400000|  0%| F|  |TAMS 0x0000000703200000, 0x0000000703200000| Untracked 
|   6|0x0000000703400000, 0x0000000703400000, 0x0000000703600000|  0%| F|  |TAMS 0x0000000703400000, 0x0000000703400000| Untracked 
|   7|0x0000000703600000, 0x0000000703600000, 0x0000000703800000|  0%| F|  |TAMS 0x0000000703600000, 0x0000000703600000| Untracked 
|   8|0x0000000703800000, 0x0000000703800000, 0x0000000703a00000|  0%| F|  |TAMS 0x0000000703800000, 0x0000000703800000| Untracked 
|   9|0x0000000703a00000, 0x0000000703a00000, 0x0000000703c00000|  0%| F|  |TAMS 0x0000000703a00000, 0x0000000703a00000| Untracked 
|  10|0x0000000703c00000, 0x0000000703c00000, 0x0000000703e00000|  0%| F|  |TAMS 0x0000000703c00000, 0x0000000703c00000| Untracked 
|  11|0x0000000703e00000, 0x0000000703e00000, 0x0000000704000000|  0%| F|  |TAMS 0x0000000703e00000, 0x0000000703e00000| Untracked 
|  12|0x0000000704000000, 0x0000000704000000, 0x0000000704200000|  0%| F|  |TAMS 0x0000000704000000, 0x0000000704000000| Untracked 
|  13|0x0000000704200000, 0x0000000704200000, 0x0000000704400000|  0%| F|  |TAMS 0x0000000704200000, 0x0000000704200000| Untracked 
|  14|0x0000000704400000, 0x0000000704400000, 0x0000000704600000|  0%| F|  |TAMS 0x0000000704400000, 0x0000000704400000| Untracked 
|  15|0x0000000704600000, 0x0000000704600000, 0x0000000704800000|  0%| F|  |TAMS 0x0000000704600000, 0x0000000704600000| Untracked 
|  16|0x0000000704800000, 0x0000000704800000, 0x0000000704a00000|  0%| F|  |TAMS 0x0000000704800000, 0x0000000704800000| Untracked 
|  17|0x0000000704a00000, 0x0000000704a00000, 0x0000000704c00000|  0%| F|  |TAMS 0x0000000704a00000, 0x0000000704a00000| Untracked 
|  18|0x0000000704c00000, 0x0000000704c00000, 0x0000000704e00000|  0%| F|  |TAMS 0x0000000704c00000, 0x0000000704c00000| Untracked 
|  19|0x0000000704e00000, 0x0000000704e00000, 0x0000000705000000|  0%| F|  |TAMS 0x0000000704e00000, 0x0000000704e00000| Untracked 
|  20|0x0000000705000000, 0x0000000705000000, 0x0000000705200000|  0%| F|  |TAMS 0x0000000705000000, 0x0000000705000000| Untracked 
|  21|0x0000000705200000, 0x0000000705200000, 0x0000000705400000|  0%| F|  |TAMS 0x0000000705200000, 0x0000000705200000| Untracked 
|  22|0x0000000705400000, 0x0000000705400000, 0x0000000705600000|  0%| F|  |TAMS 0x0000000705400000, 0x0000000705400000| Untracked 
|  23|0x0000000705600000, 0x0000000705600000, 0x0000000705800000|  0%| F|  |TAMS 0x0000000705600000, 0x0000000705600000| Untracked 
|  24|0x0000000705800000, 0x0000000705800000, 0x0000000705a00000|  0%| F|  |TAMS 0x0000000705800000, 0x0000000705800000| Untracked 
|  25|0x0000000705a00000, 0x0000000705a00000, 0x0000000705c00000|  0%| F|  |TAMS 0x0000000705a00000, 0x0000000705a00000| Untracked 
|  26|0x0000000705c00000, 0x0000000705c00000, 0x0000000705e00000|  0%| F|  |TAMS 0x0000000705c00000, 0x0000000705c00000| Untracked 
|  27|0x0000000705e00000, 0x0000000705e00000, 0x0000000706000000|  0%| F|  |TAMS 0x0000000705e00000, 0x0000000705e00000| Untracked 
|  28|0x0000000706000000, 0x0000000706000000, 0x0000000706200000|  0%| F|  |TAMS 0x0000000706000000, 0x0000000706000000| Untracked 
|  29|0x0000000706200000, 0x0000000706200000, 0x0000000706400000|  0%| F|  |TAMS 0x0000000706200000, 0x0000000706200000| Untracked 
|  30|0x0000000706400000, 0x0000000706400000, 0x0000000706600000|  0%| F|  |TAMS 0x0000000706400000, 0x0000000706400000| Untracked 
|  31|0x0000000706600000, 0x0000000706600000, 0x0000000706800000|  0%| F|  |TAMS 0x0000000706600000, 0x0000000706600000| Untracked 
|  32|0x0000000706800000, 0x0000000706800000, 0x0000000706a00000|  0%| F|  |TAMS 0x0000000706800000, 0x0000000706800000| Untracked 
|  33|0x0000000706a00000, 0x0000000706a00000, 0x0000000706c00000|  0%| F|  |TAMS 0x0000000706a00000, 0x0000000706a00000| Untracked 
|  34|0x0000000706c00000, 0x0000000706c00000, 0x0000000706e00000|  0%| F|  |TAMS 0x0000000706c00000, 0x0000000706c00000| Untracked 
|  35|0x0000000706e00000, 0x0000000706e00000, 0x0000000707000000|  0%| F|  |TAMS 0x0000000706e00000, 0x0000000706e00000| Untracked 
|  36|0x0000000707000000, 0x0000000707000000, 0x0000000707200000|  0%| F|  |TAMS 0x0000000707000000, 0x0000000707000000| Untracked 
|  37|0x0000000707200000, 0x0000000707200000, 0x0000000707400000|  0%| F|  |TAMS 0x0000000707200000, 0x0000000707200000| Untracked 
|  38|0x0000000707400000, 0x0000000707400000, 0x0000000707600000|  0%| F|  |TAMS 0x0000000707400000, 0x0000000707400000| Untracked 
|  39|0x0000000707600000, 0x0000000707600000, 0x0000000707800000|  0%| F|  |TAMS 0x0000000707600000, 0x0000000707600000| Untracked 
|  40|0x0000000707800000, 0x0000000707800000, 0x0000000707a00000|  0%| F|  |TAMS 0x0000000707800000, 0x0000000707800000| Untracked 
|  41|0x0000000707a00000, 0x0000000707a00000, 0x0000000707c00000|  0%| F|  |TAMS 0x0000000707a00000, 0x0000000707a00000| Untracked 
|  42|0x0000000707c00000, 0x0000000707c00000, 0x0000000707e00000|  0%| F|  |TAMS 0x0000000707c00000, 0x0000000707c00000| Untracked 
|  43|0x0000000707e00000, 0x0000000707e00000, 0x0000000708000000|  0%| F|  |TAMS 0x0000000707e00000, 0x0000000707e00000| Untracked 
|  44|0x0000000708000000, 0x0000000708000000, 0x0000000708200000|  0%| F|  |TAMS 0x0000000708000000, 0x0000000708000000| Untracked 
|  45|0x0000000708200000, 0x0000000708200000, 0x0000000708400000|  0%| F|  |TAMS 0x0000000708200000, 0x0000000708200000| Untracked 
|  46|0x0000000708400000, 0x0000000708400000, 0x0000000708600000|  0%| F|  |TAMS 0x0000000708400000, 0x0000000708400000| Untracked 
|  47|0x0000000708600000, 0x0000000708600000, 0x0000000708800000|  0%| F|  |TAMS 0x0000000708600000, 0x0000000708600000| Untracked 
|  48|0x0000000708800000, 0x0000000708800000, 0x0000000708a00000|  0%| F|  |TAMS 0x0000000708800000, 0x0000000708800000| Untracked 
|  49|0x0000000708a00000, 0x0000000708a00000, 0x0000000708c00000|  0%| F|  |TAMS 0x0000000708a00000, 0x0000000708a00000| Untracked 
|  50|0x0000000708c00000, 0x0000000708c00000, 0x0000000708e00000|  0%| F|  |TAMS 0x0000000708c00000, 0x0000000708c00000| Untracked 
|  51|0x0000000708e00000, 0x0000000708e00000, 0x0000000709000000|  0%| F|  |TAMS 0x0000000708e00000, 0x0000000708e00000| Untracked 
|  52|0x0000000709000000, 0x0000000709000000, 0x0000000709200000|  0%| F|  |TAMS 0x0000000709000000, 0x0000000709000000| Untracked 
|  53|0x0000000709200000, 0x0000000709200000, 0x0000000709400000|  0%| F|  |TAMS 0x0000000709200000, 0x0000000709200000| Untracked 
|  54|0x0000000709400000, 0x0000000709400000, 0x0000000709600000|  0%| F|  |TAMS 0x0000000709400000, 0x0000000709400000| Untracked 
|  55|0x0000000709600000, 0x0000000709600000, 0x0000000709800000|  0%| F|  |TAMS 0x0000000709600000, 0x0000000709600000| Untracked 
|  56|0x0000000709800000, 0x0000000709800000, 0x0000000709a00000|  0%| F|  |TAMS 0x0000000709800000, 0x0000000709800000| Untracked 
|  57|0x0000000709a00000, 0x0000000709a00000, 0x0000000709c00000|  0%| F|  |TAMS 0x0000000709a00000, 0x0000000709a00000| Untracked 
|  58|0x0000000709c00000, 0x0000000709c00000, 0x0000000709e00000|  0%| F|  |TAMS 0x0000000709c00000, 0x0000000709c00000| Untracked 
|  59|0x0000000709e00000, 0x0000000709e00000, 0x000000070a000000|  0%| F|  |TAMS 0x0000000709e00000, 0x0000000709e00000| Untracked 
|  60|0x000000070a000000, 0x000000070a000000, 0x000000070a200000|  0%| F|  |TAMS 0x000000070a000000, 0x000000070a000000| Untracked 
|  61|0x000000070a200000, 0x000000070a200000, 0x000000070a400000|  0%| F|  |TAMS 0x000000070a200000, 0x000000070a200000| Untracked 
|  62|0x000000070a400000, 0x000000070a400000, 0x000000070a600000|  0%| F|  |TAMS 0x000000070a400000, 0x000000070a400000| Untracked 
|  63|0x000000070a600000, 0x000000070a600000, 0x000000070a800000|  0%| F|  |TAMS 0x000000070a600000, 0x000000070a600000| Untracked 
|  64|0x000000070a800000, 0x000000070a800000, 0x000000070aa00000|  0%| F|  |TAMS 0x000000070a800000, 0x000000070a800000| Untracked 
|  65|0x000000070aa00000, 0x000000070aa00000, 0x000000070ac00000|  0%| F|  |TAMS 0x000000070aa00000, 0x000000070aa00000| Untracked 
|  66|0x000000070ac00000, 0x000000070ac00000, 0x000000070ae00000|  0%| F|  |TAMS 0x000000070ac00000, 0x000000070ac00000| Untracked 
|  67|0x000000070ae00000, 0x000000070ae00000, 0x000000070b000000|  0%| F|  |TAMS 0x000000070ae00000, 0x000000070ae00000| Untracked 
|  68|0x000000070b000000, 0x000000070b000000, 0x000000070b200000|  0%| F|  |TAMS 0x000000070b000000, 0x000000070b000000| Untracked 
|  69|0x000000070b200000, 0x000000070b200000, 0x000000070b400000|  0%| F|  |TAMS 0x000000070b200000, 0x000000070b200000| Untracked 
|  70|0x000000070b400000, 0x000000070b400000, 0x000000070b600000|  0%| F|  |TAMS 0x000000070b400000, 0x000000070b400000| Untracked 
|  71|0x000000070b600000, 0x000000070b600000, 0x000000070b800000|  0%| F|  |TAMS 0x000000070b600000, 0x000000070b600000| Untracked 
|  72|0x000000070b800000, 0x000000070b800000, 0x000000070ba00000|  0%| F|  |TAMS 0x000000070b800000, 0x000000070b800000| Untracked 
|  73|0x000000070ba00000, 0x000000070ba00000, 0x000000070bc00000|  0%| F|  |TAMS 0x000000070ba00000, 0x000000070ba00000| Untracked 
|  74|0x000000070bc00000, 0x000000070bc00000, 0x000000070be00000|  0%| F|  |TAMS 0x000000070bc00000, 0x000000070bc00000| Untracked 
|  75|0x000000070be00000, 0x000000070be00000, 0x000000070c000000|  0%| F|  |TAMS 0x000000070be00000, 0x000000070be00000| Untracked 
|  76|0x000000070c000000, 0x000000070c000000, 0x000000070c200000|  0%| F|  |TAMS 0x000000070c000000, 0x000000070c000000| Untracked 
|  77|0x000000070c200000, 0x000000070c200000, 0x000000070c400000|  0%| F|  |TAMS 0x000000070c200000, 0x000000070c200000| Untracked 
|  78|0x000000070c400000, 0x000000070c400000, 0x000000070c600000|  0%| F|  |TAMS 0x000000070c400000, 0x000000070c400000| Untracked 
|  79|0x000000070c600000, 0x000000070c600000, 0x000000070c800000|  0%| F|  |TAMS 0x000000070c600000, 0x000000070c600000| Untracked 
|  80|0x000000070c800000, 0x000000070c800000, 0x000000070ca00000|  0%| F|  |TAMS 0x000000070c800000, 0x000000070c800000| Untracked 
|  81|0x000000070ca00000, 0x000000070ca00000, 0x000000070cc00000|  0%| F|  |TAMS 0x000000070ca00000, 0x000000070ca00000| Untracked 
|  82|0x000000070cc00000, 0x000000070cc00000, 0x000000070ce00000|  0%| F|  |TAMS 0x000000070cc00000, 0x000000070cc00000| Untracked 
|  83|0x000000070ce00000, 0x000000070ce00000, 0x000000070d000000|  0%| F|  |TAMS 0x000000070ce00000, 0x000000070ce00000| Untracked 
|  84|0x000000070d000000, 0x000000070d000000, 0x000000070d200000|  0%| F|  |TAMS 0x000000070d000000, 0x000000070d000000| Untracked 
|  85|0x000000070d200000, 0x000000070d200000, 0x000000070d400000|  0%| F|  |TAMS 0x000000070d200000, 0x000000070d200000| Untracked 
|  86|0x000000070d400000, 0x000000070d400000, 0x000000070d600000|  0%| F|  |TAMS 0x000000070d400000, 0x000000070d400000| Untracked 
|  87|0x000000070d600000, 0x000000070d600000, 0x000000070d800000|  0%| F|  |TAMS 0x000000070d600000, 0x000000070d600000| Untracked 
|  88|0x000000070d800000, 0x000000070d800000, 0x000000070da00000|  0%| F|  |TAMS 0x000000070d800000, 0x000000070d800000| Untracked 
|  89|0x000000070da00000, 0x000000070da00000, 0x000000070dc00000|  0%| F|  |TAMS 0x000000070da00000, 0x000000070da00000| Untracked 
|  90|0x000000070dc00000, 0x000000070dc00000, 0x000000070de00000|  0%| F|  |TAMS 0x000000070dc00000, 0x000000070dc00000| Untracked 
|  91|0x000000070de00000, 0x000000070de00000, 0x000000070e000000|  0%| F|  |TAMS 0x000000070de00000, 0x000000070de00000| Untracked 
|  92|0x000000070e000000, 0x000000070e000000, 0x000000070e200000|  0%| F|  |TAMS 0x000000070e000000, 0x000000070e000000| Untracked 
|  93|0x000000070e200000, 0x000000070e200000, 0x000000070e400000|  0%| F|  |TAMS 0x000000070e200000, 0x000000070e200000| Untracked 
|  94|0x000000070e400000, 0x000000070e400000, 0x000000070e600000|  0%| F|  |TAMS 0x000000070e400000, 0x000000070e400000| Untracked 
|  95|0x000000070e600000, 0x000000070e600000, 0x000000070e800000|  0%| F|  |TAMS 0x000000070e600000, 0x000000070e600000| Untracked 
|  96|0x000000070e800000, 0x000000070e800000, 0x000000070ea00000|  0%| F|  |TAMS 0x000000070e800000, 0x000000070e800000| Untracked 
|  97|0x000000070ea00000, 0x000000070ea00000, 0x000000070ec00000|  0%| F|  |TAMS 0x000000070ea00000, 0x000000070ea00000| Untracked 
|  98|0x000000070ec00000, 0x000000070ec00000, 0x000000070ee00000|  0%| F|  |TAMS 0x000000070ec00000, 0x000000070ec00000| Untracked 
|  99|0x000000070ee00000, 0x000000070ee00000, 0x000000070f000000|  0%| F|  |TAMS 0x000000070ee00000, 0x000000070ee00000| Untracked 
| 100|0x000000070f000000, 0x000000070f000000, 0x000000070f200000|  0%| F|  |TAMS 0x000000070f000000, 0x000000070f000000| Untracked 
| 101|0x000000070f200000, 0x000000070f200000, 0x000000070f400000|  0%| F|  |TAMS 0x000000070f200000, 0x000000070f200000| Untracked 
| 102|0x000000070f400000, 0x000000070f400000, 0x000000070f600000|  0%| F|  |TAMS 0x000000070f400000, 0x000000070f400000| Untracked 
| 103|0x000000070f600000, 0x000000070f600000, 0x000000070f800000|  0%| F|  |TAMS 0x000000070f600000, 0x000000070f600000| Untracked 
| 104|0x000000070f800000, 0x000000070f800000, 0x000000070fa00000|  0%| F|  |TAMS 0x000000070f800000, 0x000000070f800000| Untracked 
| 105|0x000000070fa00000, 0x000000070fa00000, 0x000000070fc00000|  0%| F|  |TAMS 0x000000070fa00000, 0x000000070fa00000| Untracked 
| 106|0x000000070fc00000, 0x000000070fc00000, 0x000000070fe00000|  0%| F|  |TAMS 0x000000070fc00000, 0x000000070fc00000| Untracked 
| 107|0x000000070fe00000, 0x000000070fe00000, 0x0000000710000000|  0%| F|  |TAMS 0x000000070fe00000, 0x000000070fe00000| Untracked 
| 108|0x0000000710000000, 0x0000000710000000, 0x0000000710200000|  0%| F|  |TAMS 0x0000000710000000, 0x0000000710000000| Untracked 
| 109|0x0000000710200000, 0x0000000710200000, 0x0000000710400000|  0%| F|  |TAMS 0x0000000710200000, 0x0000000710200000| Untracked 
| 110|0x0000000710400000, 0x0000000710400000, 0x0000000710600000|  0%| F|  |TAMS 0x0000000710400000, 0x0000000710400000| Untracked 
| 111|0x0000000710600000, 0x0000000710600000, 0x0000000710800000|  0%| F|  |TAMS 0x0000000710600000, 0x0000000710600000| Untracked 
| 112|0x0000000710800000, 0x0000000710800000, 0x0000000710a00000|  0%| F|  |TAMS 0x0000000710800000, 0x0000000710800000| Untracked 
| 113|0x0000000710a00000, 0x0000000710a00000, 0x0000000710c00000|  0%| F|  |TAMS 0x0000000710a00000, 0x0000000710a00000| Untracked 
| 114|0x0000000710c00000, 0x0000000710c00000, 0x0000000710e00000|  0%| F|  |TAMS 0x0000000710c00000, 0x0000000710c00000| Untracked 
| 115|0x0000000710e00000, 0x0000000710e00000, 0x0000000711000000|  0%| F|  |TAMS 0x0000000710e00000, 0x0000000710e00000| Untracked 
| 116|0x0000000711000000, 0x0000000711000000, 0x0000000711200000|  0%| F|  |TAMS 0x0000000711000000, 0x0000000711000000| Untracked 
| 117|0x0000000711200000, 0x0000000711200000, 0x0000000711400000|  0%| F|  |TAMS 0x0000000711200000, 0x0000000711200000| Untracked 
| 118|0x0000000711400000, 0x0000000711400000, 0x0000000711600000|  0%| F|  |TAMS 0x0000000711400000, 0x0000000711400000| Untracked 
| 119|0x0000000711600000, 0x00000007117cc568, 0x0000000711800000| 89%| E|  |TAMS 0x0000000711600000, 0x0000000711600000| Complete 
| 120|0x0000000711800000, 0x0000000711a00000, 0x0000000711a00000|100%| E|CS|TAMS 0x0000000711800000, 0x0000000711800000| Complete 
| 121|0x0000000711a00000, 0x0000000711c00000, 0x0000000711c00000|100%| E|CS|TAMS 0x0000000711a00000, 0x0000000711a00000| Complete 
| 122|0x0000000711c00000, 0x0000000711e00000, 0x0000000711e00000|100%| E|CS|TAMS 0x0000000711c00000, 0x0000000711c00000| Complete 
| 123|0x0000000711e00000, 0x0000000712000000, 0x0000000712000000|100%| E|CS|TAMS 0x0000000711e00000, 0x0000000711e00000| Complete 
| 124|0x0000000712000000, 0x0000000712200000, 0x0000000712200000|100%| E|CS|TAMS 0x0000000712000000, 0x0000000712000000| Complete 
| 125|0x0000000712200000, 0x0000000712400000, 0x0000000712400000|100%| E|CS|TAMS 0x0000000712200000, 0x0000000712200000| Complete 
| 126|0x0000000712400000, 0x0000000712600000, 0x0000000712600000|100%| E|CS|TAMS 0x0000000712400000, 0x0000000712400000| Complete 

Card table byte_map: [0x000001f4670a0000,0x000001f467890000] _byte_map_base: 0x000001f46388c000

Marking Bits (Prev, Next): (CMBitMap*) 0x000001f44ee60840, (CMBitMap*) 0x000001f44ee60880
 Prev Bits: [0x000001f468080000, 0x000001f46bfe0000)
 Next Bits: [0x000001f46bfe0000, 0x000001f46ff40000)

Polling page: 0x000001f44cc80000

Metaspace:

Usage:
  Non-class:      7.66 MB capacity,     5.22 MB ( 68%) used,     2.43 MB ( 32%) free+waste,     6.00 KB ( <1%) overhead. 
      Class:    571.00 KB capacity,   287.42 KB ( 50%) used,   281.77 KB ( 49%) free+waste,     1.81 KB ( <1%) overhead. 
       Both:      8.21 MB capacity,     5.50 MB ( 67%) used,     2.70 MB ( 33%) free+waste,     7.81 KB ( <1%) overhead. 

Virtual space:
  Non-class space:        8.00 MB reserved,       7.75 MB ( 97%) committed 
      Class space:        1.00 GB reserved,     640.00 KB ( <1%) committed 
             Both:        1.01 GB reserved,       8.38 MB ( <1%) committed 

Chunk freelists:
   Non-Class:  97.00 KB
       Class:  5.00 KB
        Both:  102.00 KB

MaxMetaspaceSize: 17179869184.00 GB
CompressedClassSpaceSize: 1.00 GB

CodeHeap 'non-profiled nmethods': size=119168Kb used=208Kb max_used=208Kb free=118959Kb
 bounds [0x000001f45ebd0000, 0x000001f45ee40000, 0x000001f466030000]
CodeHeap 'profiled nmethods': size=119104Kb used=1406Kb max_used=1406Kb free=117697Kb
 bounds [0x000001f457780000, 0x000001f4579f0000, 0x000001f45ebd0000]
CodeHeap 'non-nmethods': size=7488Kb used=3278Kb max_used=3288Kb free=4209Kb
 bounds [0x000001f457030000, 0x000001f457370000, 0x000001f457780000]
 total_blobs=1773 nmethods=798 adapters=885
 compilation: enabled
              stopped_count=0, restarted_count=0
 full_count=0

Compilation events (20 events):
Event: 0.520 Thread 0x000001f47389b220  788       3       java.lang.invoke.MemberName::getMethodOrFieldType (72 bytes)
Event: 0.520 Thread 0x000001f472eda840  789       1       java.lang.invoke.MethodTypeForm::basicType (5 bytes)
Event: 0.520 Thread 0x000001f473898d00  791       3       java.util.Arrays::copyOf (40 bytes)
Event: 0.520 Thread 0x000001f472eda840 nmethod 789 0x000001f45ec04090 code [0x000001f45ec04220, 0x000001f45ec042d8]
Event: 0.520 Thread 0x000001f47389b220 nmethod 788 0x000001f4578da990 code [0x000001f4578dacc0, 0x000001f4578dbb68]
Event: 0.520 Thread 0x000001f473898d00 nmethod 791 0x000001f4578dc090 code [0x000001f4578dc280, 0x000001f4578dc968]
Event: 0.521 Thread 0x000001f47389b220  792       3       jdk.internal.math.FDBigInteger::mult (64 bytes)
Event: 0.521 Thread 0x000001f472eda840  793       3       jdk.internal.math.FDBigInteger::<init> (30 bytes)
Event: 0.521 Thread 0x000001f479d88450  794       3       jdk.internal.math.FDBigInteger::trimLeadingZeros (57 bytes)
Event: 0.521 Thread 0x000001f473898d00  795       3       jdk.internal.math.FDBigInteger::makeImmutable (6 bytes)
Event: 0.521 Thread 0x000001f473898d00 nmethod 795 0x000001f4578dcb90 code [0x000001f4578dcd20, 0x000001f4578dce18]
Event: 0.521 Thread 0x000001f473898d00  796       3       jdk.internal.math.FDBigInteger::mult (44 bytes)
Event: 0.522 Thread 0x000001f47389b220 nmethod 792 0x000001f4578dce90 code [0x000001f4578dd040, 0x000001f4578dd2b8]
Event: 0.522 Thread 0x000001f472eda840 nmethod 793 0x000001f4578dd490 code [0x000001f4578dd640, 0x000001f4578dd848]
Event: 0.522 Thread 0x000001f479d88450 nmethod 794 0x000001f4578dd990 code [0x000001f4578ddb40, 0x000001f4578dde38]
Event: 0.522 Thread 0x000001f473898d00 nmethod 796 0x000001f4578ddf90 code [0x000001f4578de160, 0x000001f4578de578]
Event: 0.523 Thread 0x000001f47389b220  797       3       java.lang.ClassLoader::compareCerts (197 bytes)
Event: 0.524 Thread 0x000001f47389b220 nmethod 797 0x000001f4578de710 code [0x000001f4578de920, 0x000001f4578df198]
Event: 0.525 Thread 0x000001f47389b220  798       3       java.util.AbstractList::<init> (10 bytes)
Event: 0.525 Thread 0x000001f47389b220 nmethod 798 0x000001f4578df490 code [0x000001f4578df640, 0x000001f4578df7f8]

GC Heap History (0 events):
No events

Deoptimization events (14 events):
Event: 0.069 Thread 0x000001f44ee0cf00 Uncommon trap: trap_request=0xffffff45 fr.pc=0x000001f45ebd4544 relative=0x0000000000000224
Event: 0.069 Thread 0x000001f44ee0cf00 Uncommon trap: reason=unstable_if action=reinterpret pc=0x000001f45ebd4544 method=java.lang.String.hashCode()I @ 13 c2
Event: 0.069 Thread 0x000001f44ee0cf00 DEOPT PACKING pc=0x000001f45ebd4544 sp=0x00000071969fb8b0
Event: 0.069 Thread 0x000001f44ee0cf00 DEOPT UNPACKING pc=0x000001f45707e42f sp=0x00000071969fb848 mode 2
Event: 0.091 Thread 0x000001f44ee0cf00 Uncommon trap: trap_request=0xffffff45 fr.pc=0x000001f45ebd90e0 relative=0x0000000000000060
Event: 0.091 Thread 0x000001f44ee0cf00 Uncommon trap: reason=unstable_if action=reinterpret pc=0x000001f45ebd90e0 method=java.io.WinNTFileSystem.isSlash(C)Z @ 9 c2
Event: 0.091 Thread 0x000001f44ee0cf00 DEOPT PACKING pc=0x000001f45ebd90e0 sp=0x00000071969fcdb0
Event: 0.091 Thread 0x000001f44ee0cf00 DEOPT UNPACKING pc=0x000001f45707e42f sp=0x00000071969fcd38 mode 2
Event: 0.478 Thread 0x000001f44ee0cf00 DEOPT PACKING pc=0x000001f4577bd95f sp=0x00000071969fde60
Event: 0.478 Thread 0x000001f44ee0cf00 DEOPT UNPACKING pc=0x000001f45707e23f sp=0x00000071969fd2b0 mode 0
Event: 0.510 Thread 0x000001f44ee0cf00 Uncommon trap: trap_request=0xffffff54 fr.pc=0x000001f45ebf3060 relative=0x0000000000000060
Event: 0.510 Thread 0x000001f44ee0cf00 Uncommon trap: reason=speculate_null_assert action=make_not_entrant pc=0x000001f45ebf3060 method=sun.misc.Unsafe.putLong(Ljava/lang/Object;JJ)V @ 7 c2
Event: 0.510 Thread 0x000001f44ee0cf00 DEOPT PACKING pc=0x000001f45ebf3060 sp=0x00000071969ff330
Event: 0.510 Thread 0x000001f44ee0cf00 DEOPT UNPACKING pc=0x000001f45707e42f sp=0x00000071969ff2a8 mode 2

Classes unloaded (0 events):
No events

Classes redefined (0 events):
No events

Internal exceptions (16 events):
Event: 0.076 Thread 0x000001f44ee0cf00 Exception <a 'java/lang/NoSuchMethodError'{0x00000007123bb440}: 'void java.lang.invoke.DirectMethodHandle$Holder.invokeStatic(java.lang.Object, java.lang.Object)'> (0x00000007123bb440) 
thrown [./open/src/hotspot/share/interpreter/linkResolver.cpp, line 782]
Event: 0.077 Thread 0x000001f44ee0cf00 Exception <a 'java/lang/NoSuchMethodError'{0x00000007123c0f38}: 'void java.lang.invoke.DirectMethodHandle$Holder.invokeSpecial(java.lang.Object, java.lang.Object, java.lang.Object)'> (0x00000007123c0f38) 
thrown [./open/src/hotspot/share/interpreter/linkResolver.cpp, line 782]
Event: 0.079 Thread 0x000001f44ee0cf00 Exception <a 'java/lang/NoSuchMethodError'{0x00000007123d5ba8}: 'java.lang.Object java.lang.invoke.DirectMethodHandle$Holder.invokeStatic(java.lang.Object, java.lang.Object, int)'> (0x00000007123d5ba8) 
thrown [./open/src/hotspot/share/interpreter/linkResolver.cpp, line 782]
Event: 0.080 Thread 0x000001f44ee0cf00 Exception <a 'java/lang/NoSuchMethodError'{0x00000007123e1f38}: 'void java.lang.invoke.DelegatingMethodHandle$Holder.delegate(java.lang.Object, java.lang.Object, int, java.lang.Object)'> (0x00000007123e1f38) 
thrown [./open/src/hotspot/share/interpreter/linkResolver.cpp, line 782]
Event: 0.080 Thread 0x000001f44ee0cf00 Exception <a 'java/lang/NoSuchMethodError'{0x00000007123e6280}: 'int java.lang.invoke.DirectMethodHandle$Holder.invokeSpecial(java.lang.Object, java.lang.Object, java.lang.Object)'> (0x00000007123e6280) 
thrown [./open/src/hotspot/share/interpreter/linkResolver.cpp, line 782]
Event: 0.104 Thread 0x000001f44ee0cf00 Exception <a 'sun/nio/fs/WindowsException'{0x000000071210c298}> (0x000000071210c298) 
thrown [./open/src/hotspot/share/prims/jni.cpp, line 578]
Event: 0.104 Thread 0x000001f44ee0cf00 Exception <a 'sun/nio/fs/WindowsException'{0x000000071210c7f0}> (0x000000071210c7f0) 
thrown [./open/src/hotspot/share/prims/jni.cpp, line 578]
Event: 0.109 Thread 0x000001f44ee0cf00 Exception <a 'sun/nio/fs/WindowsException'{0x0000000712129760}> (0x0000000712129760) 
thrown [./open/src/hotspot/share/prims/jni.cpp, line 578]
Event: 0.109 Thread 0x000001f44ee0cf00 Exception <a 'sun/nio/fs/WindowsException'{0x0000000712129ad0}> (0x0000000712129ad0) 
thrown [./open/src/hotspot/share/prims/jni.cpp, line 578]
Event: 0.112 Thread 0x000001f44ee0cf00 Exception <a 'java/lang/NoSuchMethodError'{0x000000071215aa60}: 'java.lang.Object java.lang.invoke.DirectMethodHandle$Holder.invokeStatic(java.lang.Object)'> (0x000000071215aa60) 
thrown [./open/src/hotspot/share/interpreter/linkResolver.cpp, line 782]
Event: 0.112 Thread 0x000001f44ee0cf00 Exception <a 'java/lang/NoSuchMethodError'{0x0000000712169b38}: 'java.lang.Object java.lang.invoke.DirectMethodHandle$Holder.invokeStaticInit(java.lang.Object)'> (0x0000000712169b38) 
thrown [./open/src/hotspot/share/interpreter/linkResolver.cpp, line 782]
Event: 0.398 Thread 0x000001f44ee0cf00 Exception <a 'sun/nio/fs/WindowsException'{0x0000000711e3c790}> (0x0000000711e3c790) 
thrown [./open/src/hotspot/share/prims/jni.cpp, line 578]
Event: 0.398 Thread 0x000001f44ee0cf00 Exception <a 'sun/nio/fs/WindowsException'{0x0000000711e3cb40}> (0x0000000711e3cb40) 
thrown [./open/src/hotspot/share/prims/jni.cpp, line 578]
Event: 0.401 Thread 0x000001f44ee0cf00 Exception <a 'sun/nio/fs/WindowsException'{0x0000000711e4bc00}> (0x0000000711e4bc00) 
thrown [./open/src/hotspot/share/prims/jni.cpp, line 578]
Event: 0.401 Thread 0x000001f44ee0cf00 Exception <a 'sun/nio/fs/WindowsException'{0x0000000711e4bee8}> (0x0000000711e4bee8) 
thrown [./open/src/hotspot/share/prims/jni.cpp, line 578]
Event: 0.515 Thread 0x000001f44ee0cf00 Exception <a 'java/lang/NoSuchMethodError'{0x0000000711649e18}: 'void java.lang.invoke.DirectMethodHandle$Holder.invokeStatic(java.lang.Object, long, int, int)'> (0x0000000711649e18) 
thrown [./open/src/hotspot/share/interpreter/linkResolver.cpp, line 782]

Events (20 events):
Event: 0.521 loading class java/util/stream/Node$OfInt done
Event: 0.521 loading class java/util/stream/Nodes$EmptyNode$OfInt done
Event: 0.521 loading class java/util/stream/Nodes$EmptyNode$OfLong
Event: 0.521 loading class java/util/stream/Node$OfLong
Event: 0.521 loading class java/util/stream/Node$OfLong done
Event: 0.521 loading class java/util/stream/Nodes$EmptyNode$OfLong done
Event: 0.521 loading class java/util/stream/Nodes$EmptyNode$OfDouble
Event: 0.521 loading class java/util/stream/Node$OfDouble
Event: 0.521 loading class java/util/stream/Node$OfDouble done
Event: 0.521 loading class java/util/stream/Nodes$EmptyNode$OfDouble done
Event: 0.521 loading class java/util/stream/Nodes$FixedNodeBuilder
Event: 0.521 loading class java/util/stream/Node$Builder
Event: 0.521 loading class java/util/stream/Node$Builder done
Event: 0.521 loading class java/util/stream/Nodes$ArrayNode
Event: 0.521 loading class java/util/stream/Nodes$ArrayNode done
Event: 0.521 loading class java/util/stream/Nodes$FixedNodeBuilder done
Event: 0.521 loading class jdk/internal/math/FloatingDecimal$ASCIIToBinaryBuffer
Event: 0.521 loading class jdk/internal/math/FloatingDecimal$ASCIIToBinaryBuffer done
Event: 0.521 loading class jdk/internal/math/FDBigInteger
Event: 0.521 loading class jdk/internal/math/FDBigInteger done


Dynamic libraries:
0x00007ff7dd950000 - 0x00007ff7dd95f000 	C:\Program Files\Java\jdk-15.0.2\bin\java.exe
0x00007ff99cde0000 - 0x00007ff99cfd0000 	C:\Windows\SYSTEM32\ntdll.dll
0x00007ff990f80000 - 0x00007ff990f93000 	C:\Program Files\Avast Software\Avast\aswhook.dll
0x00007ff99b210000 - 0x00007ff99b2c2000 	C:\Windows\System32\KERNEL32.DLL
0x00007ff999d50000 - 0x00007ff999ff5000 	C:\Windows\System32\KERNELBASE.dll
0x00007ff99ad40000 - 0x00007ff99ae3a000 	C:\Windows\System32\ucrtbase.dll
0x00007ff98f930000 - 0x00007ff98f948000 	C:\Program Files\Java\jdk-15.0.2\bin\jli.dll
0x00007ff98f910000 - 0x00007ff98f929000 	C:\Program Files\Java\jdk-15.0.2\bin\VCRUNTIME140.dll
0x00007ff99cc00000 - 0x00007ff99cca3000 	C:\Windows\System32\ADVAPI32.dll
0x00007ff99b030000 - 0x00007ff99b0ce000 	C:\Windows\System32\msvcrt.dll
0x00007ff99cb30000 - 0x00007ff99cbc7000 	C:\Windows\System32\sechost.dll
0x00007ff99c590000 - 0x00007ff99c6af000 	C:\Windows\System32\RPCRT4.dll
0x00007ff99ae90000 - 0x00007ff99b024000 	C:\Windows\System32\USER32.dll
0x00007ff99a000000 - 0x00007ff99a021000 	C:\Windows\System32\win32u.dll
0x00007ff98a670000 - 0x00007ff98a8f4000 	C:\Windows\WinSxS\amd64_microsoft.windows.common-controls_6595b64144ccf1df_6.0.18362.1440_none_9e7dbfb9e45e8e67\COMCTL32.dll
0x00007ff99ca10000 - 0x00007ff99ca36000 	C:\Windows\System32\GDI32.dll
0x00007ff99aab0000 - 0x00007ff99ac48000 	C:\Windows\System32\gdi32full.dll
0x00007ff99c6c0000 - 0x00007ff99c9f6000 	C:\Windows\System32\combase.dll
0x00007ff99ac50000 - 0x00007ff99acee000 	C:\Windows\System32\msvcp_win.dll
0x00007ff99aa20000 - 0x00007ff99aaa1000 	C:\Windows\System32\bcryptPrimitives.dll
0x00007ff993c50000 - 0x00007ff993c5a000 	C:\Windows\SYSTEM32\VERSION.dll
0x00007ff99cbd0000 - 0x00007ff99cbfe000 	C:\Windows\System32\IMM32.DLL
0x00007ff9944c0000 - 0x00007ff9944cc000 	C:\Program Files\Java\jdk-15.0.2\bin\vcruntime140_1.dll
0x00007ff980690000 - 0x00007ff980721000 	C:\Program Files\Java\jdk-15.0.2\bin\msvcp140.dll
0x00007ff8df4a0000 - 0x00007ff8dfffe000 	C:\Program Files\Java\jdk-15.0.2\bin\server\jvm.dll
0x00007ff99ca00000 - 0x00007ff99ca08000 	C:\Windows\System32\PSAPI.DLL
0x00007ff9895d0000 - 0x00007ff9895d9000 	C:\Windows\SYSTEM32\WSOCK32.dll
0x00007ff997390000 - 0x00007ff9973b4000 	C:\Windows\SYSTEM32\WINMM.dll
0x00007ff99ccb0000 - 0x00007ff99cd1f000 	C:\Windows\System32\WS2_32.dll
0x00007ff997360000 - 0x00007ff99738d000 	C:\Windows\SYSTEM32\WINMMBASE.dll
0x00007ff99ae40000 - 0x00007ff99ae8a000 	C:\Windows\System32\cfgmgr32.dll
0x00007ff999ca0000 - 0x00007ff999cb1000 	C:\Windows\System32\kernel.appcore.dll
0x00007ff9934e0000 - 0x00007ff9934ea000 	C:\Program Files\Java\jdk-15.0.2\bin\jimage.dll
0x00007ff998630000 - 0x00007ff998824000 	C:\Windows\SYSTEM32\DBGHELP.DLL
0x00007ff991490000 - 0x00007ff9914ba000 	C:\Windows\SYSTEM32\dbgcore.DLL
0x00007ff98c0b0000 - 0x00007ff98c0d5000 	C:\Program Files\Java\jdk-15.0.2\bin\java.dll
0x00007ff99bea0000 - 0x00007ff99c588000 	C:\Windows\System32\SHELL32.dll
0x00007ff99b3b0000 - 0x00007ff99b457000 	C:\Windows\System32\shcore.dll
0x00007ff99a0e0000 - 0x00007ff99a85b000 	C:\Windows\System32\windows.storage.dll
0x00007ff999d10000 - 0x00007ff999d2e000 	C:\Windows\System32\profapi.dll
0x00007ff999cc0000 - 0x00007ff999d0a000 	C:\Windows\System32\powrprof.dll
0x00007ff999c90000 - 0x00007ff999ca0000 	C:\Windows\System32\UMPDC.dll
0x00007ff99bde0000 - 0x00007ff99be32000 	C:\Windows\System32\shlwapi.dll
0x00007ff99ad20000 - 0x00007ff99ad37000 	C:\Windows\System32\cryptsp.dll
0x00007ff98f8b0000 - 0x00007ff98f8c9000 	C:\Program Files\Java\jdk-15.0.2\bin\net.dll
0x00007ff98eaf0000 - 0x00007ff98ebea000 	C:\Windows\SYSTEM32\WINHTTP.dll
0x00007ff9994d0000 - 0x00007ff999537000 	C:\Windows\system32\mswsock.dll
0x00007ff98f7b0000 - 0x00007ff98f7c2000 	C:\Program Files\Java\jdk-15.0.2\bin\nio.dll
0x00007ff98bbe0000 - 0x00007ff98bbf8000 	C:\Program Files\Java\jdk-15.0.2\bin\zip.dll
0x00007ff96c0e0000 - 0x00007ff96c144000 	C:\Users\mikul\AppData\Local\Temp\lwjglmikul\3.2.3-build-13\lwjgl.dll
0x00007ff95c440000 - 0x00007ff95c4a2000 	C:\Users\mikul\AppData\Local\Temp\lwjglmikul\3.2.3-build-13\glfw.dll
0x00007ff997b50000 - 0x00007ff997be9000 	C:\Windows\system32\uxtheme.dll
0x00007ff980540000 - 0x00007ff980583000 	C:\Windows\SYSTEM32\dinput8.dll
0x00007ff992ff0000 - 0x00007ff993001000 	C:\Windows\SYSTEM32\xinput1_4.dll
0x00007ff999a70000 - 0x00007ff999a9a000 	C:\Windows\SYSTEM32\DEVOBJ.dll
0x00007ff998100000 - 0x00007ff99812d000 	C:\Windows\SYSTEM32\dwmapi.dll
0x00007ff97f800000 - 0x00007ff97f91c000 	C:\Windows\SYSTEM32\inputhost.dll
0x00007ff997730000 - 0x00007ff997804000 	C:\Windows\SYSTEM32\CoreMessaging.dll
0x00007ff995880000 - 0x00007ff995baa000 	C:\Windows\SYSTEM32\CoreUIComponents.dll
0x00007ff9961a0000 - 0x00007ff996290000 	C:\Windows\SYSTEM32\PROPSYS.dll
0x00007ff995720000 - 0x00007ff995872000 	C:\Windows\SYSTEM32\wintypes.dll
0x00007ff99b460000 - 0x00007ff99b525000 	C:\Windows\System32\OLEAUT32.dll
0x00007ff998cd0000 - 0x00007ff998d01000 	C:\Windows\SYSTEM32\ntmarta.dll
0x00007ff99b0d0000 - 0x00007ff99b205000 	C:\Windows\System32\MSCTF.dll
0x00007ff998570000 - 0x00007ff99857e000 	C:\Windows\SYSTEM32\HID.DLL
0x00007ff99b790000 - 0x00007ff99bc00000 	C:\Windows\System32\SETUPAPI.DLL
0x00007ff99acf0000 - 0x00007ff99ad16000 	C:\Windows\System32\bcrypt.dll
0x00007ff99a9c0000 - 0x00007ff99aa1c000 	C:\Windows\System32\WINTRUST.dll
0x00007ff999d30000 - 0x00007ff999d42000 	C:\Windows\System32\MSASN1.dll
0x00007ff99a860000 - 0x00007ff99a9b1000 	C:\Windows\System32\CRYPT32.dll
0x00007ff97edb0000 - 0x00007ff97ef06000 	C:\Windows\SYSTEM32\opengl32.dll
0x00007ff98e8d0000 - 0x00007ff98e8fc000 	C:\Windows\SYSTEM32\GLU32.dll
0x00007ff9988d0000 - 0x00007ff9988f0000 	C:\Windows\SYSTEM32\dxcore.dll
0x00007ff8daf80000 - 0x00007ff8ddb8b000 	C:\Windows\System32\DriverStore\FileRepository\nvlt.inf_amd64_5015fe8a67ed5962\nvoglv64.dll
0x00007ff99bc80000 - 0x00007ff99bdd7000 	C:\Windows\System32\ole32.dll
0x00007ff9962f0000 - 0x00007ff996303000 	C:\Windows\SYSTEM32\WTSAPI32.dll
0x00007ff9927a0000 - 0x00007ff9927cf000 	C:\Windows\SYSTEM32\cryptnet.dll
0x00007ff9996a0000 - 0x00007ff9996ac000 	C:\Windows\SYSTEM32\cryptbase.dll
0x00007ff902180000 - 0x00007ff902437000 	C:\Windows\system32\nvspcap64.dll
0x00007ff998d40000 - 0x00007ff998d96000 	C:\Windows\SYSTEM32\WINSTA.dll
0x00007ff97f920000 - 0x00007ff97f9bd000 	C:\Windows\System32\TextInputFramework.dll
0x00007ff97e2d0000 - 0x00007ff97e577000 	C:\Windows\System32\iertutil.dll
0x00007ff95c7f0000 - 0x00007ff95c849000 	C:\Users\mikul\AppData\Local\Temp\lwjglmikul\3.2.3-build-13\lwjgl_opengl.dll

dbghelp: loaded successfully - version: 4.0.5 - missing functions: none
symbol engine: initialized successfully - sym options: 0x614 - pdb path: .;C:\Program Files\Java\jdk-15.0.2\bin;C:\Windows\SYSTEM32;C:\Program Files\Avast Software\Avast;C:\Windows\WinSxS\amd64_microsoft.windows.common-controls_6595b64144ccf1df_6.0.18362.1440_none_9e7dbfb9e45e8e67;C:\Program Files\Java\jdk-15.0.2\bin\server;C:\Users\mikul\AppData\Local\Temp\lwjglmikul\3.2.3-build-13;C:\Windows\System32\DriverStore\FileRepository\nvlt.inf_amd64_5015fe8a67ed5962

VM Arguments:
jvm_args: -Dfile.encoding=windows-1252 -Duser.country=US -Duser.language=en -Duser.variant 
java_command: mainEtc.Main
java_class_path (initial): C:\Users\mikul\IdeaProjects\GLCollisions\build\classes\java\main;C:\Users\mikul\IdeaProjects\GLCollisions\build\resources\main;C:\Users\mikul\.gradle\caches\modules-2\files-2.1\org.lwjgl\lwjgl-assimp\3.2.3\f62aa07a20afbdd3097efc296c4841e0d29700eb\lwjgl-assimp-3.2.3.jar;C:\Users\mikul\.gradle\caches\modules-2\files-2.1\org.lwjgl\lwjgl-assimp\3.2.3\4e60aeb75f0343c4a9ede4ef8b6b32ca702a00a3\lwjgl-assimp-3.2.3-natives-windows.jar;C:\Users\mikul\.gradle\caches\modules-2\files-2.1\org.lwjgl\lwjgl-bgfx\3.2.3\433883c4040fa8df47244dffa1d42c96ce2143de\lwjgl-bgfx-3.2.3.jar;C:\Users\mikul\.gradle\caches\modules-2\files-2.1\org.lwjgl\lwjgl-bgfx\3.2.3\f589da97dd3cfa96f42c8c812a0a028cf28223b8\lwjgl-bgfx-3.2.3-natives-windows.jar;C:\Users\mikul\.gradle\caches\modules-2\files-2.1\org.lwjgl\lwjgl-glfw\3.2.3\5e520d5c290c8b012545a8d34fa5db5ab051ea53\lwjgl-glfw-3.2.3.jar;C:\Users\mikul\.gradle\caches\modules-2\files-2.1\org.lwjgl\lwjgl-glfw\3.2.3\b4d8a3477cdc2edcf7a5f1e822926be846223f54\lwjgl-glfw-3.2.3-natives-windows.jar;C:\Users\mikul\.gradle\caches\modules-2\files-2.1\org.lwjgl\lwjgl-nanovg\3.2.3\718be4a13691d1cd276fa852326e9e837d65204e\lwjgl-nanovg-3.2.3.jar;C:\Users\mikul\.gradle\caches\modules-2\files-2.1\org.lwjgl\lwjgl-nanovg\3.2.3\2fbe5c2849bcf182ba3c6c09828f032a64cd47ec\lwjgl-nanovg-3.2.3-natives-windows.jar;C:\Users\mikul\.gradle\caches\modules-2\files-2.1\org.lwjgl\lwjgl-nuklear\3.2.3\45bfab23e975201bf3cb81287be6034adec64a86\lwjgl-nuklear-3.2.3.jar;C:\Users\mikul\.gradle\caches\modules-2\files-2.1\org.lwjgl\lwjgl-nuklear\3.2.3\ccb63f09670e43e58969b567ef42e02275be555a\lwjgl-nuklear-3.2.3-natives-windows.jar;C:\Users\mikul\.gradle\caches\modules-2\files-2.1\org.lwjgl\lwjgl-openal\3.2.3\106742e805803ab9eab8e343f0fb31a3d263903c\lwjgl-openal-3.2.3.jar;C:\Users\mikul\.gradle\caches\modules-2\files-2.1\org.lwjgl\lwjgl-openal\3.2.3\ec898e8ce11b5886f4f532a1536283ef2817758d\lwjgl-openal-3.2.3-natives-windows.jar;C:\Users\mikul\.gradle\caches\modules-2\file
Launcher Type: SUN_STANDARD

[Global flags]
     intx CICompilerCount                          = 12                                        {product} {ergonomic}
     uint ConcGCThreads                            = 3                                         {product} {ergonomic}
     uint G1ConcRefinementThreads                  = 13                                        {product} {ergonomic}
   size_t G1HeapRegionSize                         = 2097152                                   {product} {ergonomic}
    uintx GCDrainStackTargetSize                   = 64                                        {product} {ergonomic}
   size_t InitialHeapSize                          = 266338304                                 {product} {ergonomic}
   size_t MarkStackSize                            = 4194304                                   {product} {ergonomic}
   size_t MaxHeapSize                              = 4253024256                                {product} {ergonomic}
   size_t MaxNewSize                               = 2550136832                                {product} {ergonomic}
   size_t MinHeapDeltaBytes                        = 2097152                                   {product} {ergonomic}
   size_t MinHeapSize                              = 8388608                                   {product} {ergonomic}
    uintx NonNMethodCodeHeapSize                   = 7602480                                {pd product} {ergonomic}
    uintx NonProfiledCodeHeapSize                  = 122027880                              {pd product} {ergonomic}
    uintx ProfiledCodeHeapSize                     = 122027880                              {pd product} {ergonomic}
    uintx ReservedCodeCacheSize                    = 251658240                              {pd product} {ergonomic}
     bool SegmentedCodeCache                       = true                                      {product} {ergonomic}
   size_t SoftMaxHeapSize                          = 4253024256                             {manageable} {ergonomic}
     bool UseCompressedClassPointers               = true                                 {lp64_product} {ergonomic}
     bool UseCompressedOops                        = true                                 {lp64_product} {ergonomic}
     bool UseG1GC                                  = true                                      {product} {ergonomic}
     bool UseLargePagesIndividualAllocation        = false                                  {pd product} {ergonomic}

Logging:
Log output configuration:
 #0: stdout all=warning uptime,level,tags
 #1: stderr all=off uptime,level,tags

Environment Variables:
JAVA_HOME=C:\Program Files\Java\jdk-15.0.2
PATH=C:\Program Files\Common Files\Oracle\Java\javapath;C:\Python39\Scripts\;C:\Python39\;C:\Windows\system32;C:\Windows;C:\Windows\System32\Wbem;C:\Windows\System32\WindowsPowerShell\v1.0\;C:\Windows\System32\OpenSSH\;C:\Program Files (x86)\NVIDIA Corporation\PhysX\Common;C:\Program Files\NVIDIA Corporation\NVIDIA NvDLISR;C:\Program Files\nodejs\;C:\ProgramData\chocolatey\bin;C:\Program Files\Git\cmd;C:\Users\mikul\Downloads\apache-maven-3.8.1-bin\apache-maven-3.8.1\bin;C:\Users\mikul\node_modules\.bin;C:\Users\mikul\Downloads\apache-maven-3.8.1-bin\apache-maven-3.8.1\bin;C:\Users\mikul\node_modules\.bin
USERNAME=mikul
OS=Windows_NT
PROCESSOR_IDENTIFIER=Intel64 Family 6 Model 165 Stepping 2, GenuineIntel



---------------  S Y S T E M  ---------------

OS:
 Windows 10 , 64 bit Build 18362 (10.0.18362.1350)
OS uptime: 1 days 1:46 hours

CPU: total 16 (initial active 16) (8 cores per cpu, 2 threads per core) family 6 model 165 stepping 2 microcode 0xc8, cmov, cx8, fxsr, mmx, sse, sse2, sse3, ssse3, sse4.1, sse4.2, popcnt, vzeroupper, avx, avx2, aes, clmul, erms, 3dnowpref, lzcnt, ht, tsc, tscinvbit, bmi1, bmi2, adx, fma, clflush, clflushopt

Memory: 4k page, system-wide physical 16218M (5238M free)
TotalPageFile size 21594M (AvailPageFile size 2731M)
current process WorkingSet (physical memory assigned to process): 90M, peak: 90M
current process commit charge ("private bytes"): 404M, peak: 404M

vm_info: Java HotSpot(TM) 64-Bit Server VM (15.0.2+7-27) for windows-amd64 JRE (15.0.2+7-27), built on Dec  7 2020 20:07:01 by "mach5one" with unknown MS VC++:1925

END.
